2026-01-31 23:38:21,869 - DEBUG - iOS_PQPrototypeWaiter - Locking during init
2026-01-31 23:38:21,869 - DEBUG - iOS_PQPrototypeWaiter - ==========================================================================================================COMPUTER LOCKED==========================================================================================================
2026-01-31 23:38:21,869 - DEBUG - iOS_PQPrototypeWaiter - Creating deadmans switch
2026-01-31 23:38:21,878 - DEBUG - iOS_PQPrototypeWaiter - Holding deadmans switch
2026-01-31 23:38:21,879 - DEBUG - iOS_PQPrototypeWaiter - loading schedules
2026-01-31 23:38:21,897 - DEBUG - iOS_PQPrototypeWaiter - loading schedules
2026-01-31 23:38:21,911 - DEBUG - iOS_PQPrototypeWaiter - ============= RAW FILE DATA =============
2026-01-31 23:38:21,915 - DEBUG - iOS_PQPrototypeWaiter - '{\n"isActive" : "False",\n"questInProgress" : "False",\n"schedule_everyXDays" : "False",\n"scheduleName" : "Scheduled Gym",\n"scheduleUUID" : "E6D49CEC-EC1B-4E99-844E-C7E7F2B3A501",\n"questUUID" : "7BFCA3E3-2FAD-4129-8E00-DC37475E9918",\n"schedule_XDayDelay" : "2",\n"startTime" : "30/01/2026, 15:30:00",\n"scheduledStartTime" : "30/01/2026, 15:30:00",\n"scheduledEndTime" : "30/01/2026, 20:00:05",\n"schedule_lastCompletionTime" : "29/01/2026, 23:46:58",\n"schedule_scheduledDays" : "1010100"\n}\n\n{\n"isActive" : "False",\n"questInProgress" : "False",\n"schedule_everyXDays" : "False",\n"scheduleName" : "CampusQuest II",\n"scheduleUUID" : "E26F32B5-684D-419E-B10A-6DCB46154DCA",\n"questUUID" : "FFAAD0E4-619C-4696-AA7D-4860FE0F40E9",\n"schedule_XDayDelay" : "1",\n"startTime" : "25/01/2026, 15:00:00",\n"scheduledStartTime" : "25/01/2026, 15:00:00",\n"scheduledEndTime" : "25/01/2026, 19:00:05",\n"schedule_lastCompletionTime" : "nil",\n"schedule_scheduledDays" : "1111100"\n}\n\n{\n"isActive" : "False",\n"questInProgress" : "False",\n"schedule_everyXDays" : "False",\n"scheduleName" : "CampusQuest I",\n"scheduleUUID" : "B9CA7B1C-EF31-4569-946E-7096E531740D",\n"questUUID" : "FFAAD0E4-619C-4696-AA7D-4860FE0F40E9",\n"schedule_XDayDelay" : "1",\n"startTime" : "25/01/2026, 9:00:00",\n"scheduledStartTime" : "25/01/2026, 9:00:00",\n"scheduledEndTime" : "25/01/2026, 13:00:05",\n"schedule_lastCompletionTime" : "nil",\n"schedule_scheduledDays" : "1111100"\n}\n\n{\n"isActive" : "False",\n"questInProgress" : "False",\n"schedule_everyXDays" : "True",\n"scheduleName" : "Bedtime Locker",\n"scheduleUUID" : "E96D10C0-E544-40AD-A420-4DCF881E38A4",\n"questUUID" : "D55BEBE0-B40D-465F-BB45-F1BF1753551D",\n"schedule_XDayDelay" : "1",\n"startTime" : "31/01/2026, 22:00:00",\n"scheduledStartTime" : "31/01/2026, 22:00:00",\n"scheduledEndTime" : "01/02/2026, 6:00:05",\n"schedule_lastCompletionTime" : "30/01/2026, 14:32:07",\n"schedule_scheduledDays" : "1111111"\n}\n\n{\n"isActive" : "False",\n"questInProgress" : "False",\n"schedule_everyXDays" : "True",\n"scheduleName" : "Scheduled Sainsbury’s Shopping",\n"scheduleUUID" : "AB5F4C31-7A05-4BDF-B0CD-1A435A9BCF63",\n"questUUID" : "EEB7B2ED-26C9-4B8C-AFF5-95124CD1B5AF",\n"schedule_XDayDelay" : "5",\n"startTime" : "30/01/2026, 11:00:00",\n"scheduledStartTime" : "30/01/2026, 11:00:00",\n"scheduledEndTime" : "30/01/2026, 17:00:05",\n"schedule_lastCompletionTime" : "nil",\n"schedule_scheduledDays" : "0000000"\n}'
2026-01-31 23:38:21,917 - DEBUG - iOS_PQPrototypeWaiter - =========================================

2026-01-31 23:38:21,919 - DEBUG - iOS_PQPrototypeWaiter - ============= LOADED =============
2026-01-31 23:38:21,920 - DEBUG - iOS_PQPrototypeWaiter - {
"isActive" : "False",
"questInProgress" : "False",
"schedule_everyXDays" : "False",
"scheduleName" : "Scheduled Gym",
"scheduleUUID" : "E6D49CEC-EC1B-4E99-844E-C7E7F2B3A501",
"questUUID" : "7BFCA3E3-2FAD-4129-8E00-DC37475E9918",
"schedule_XDayDelay" : "2",
"startTime" : "30/01/2026, 15:30:00",
"scheduledStartTime" : "30/01/2026, 15:30:00",
"scheduledEndTime" : "30/01/2026, 20:00:05",
"schedule_lastCompletionTime" : "29/01/2026, 23:46:58",
"schedule_scheduledDays" : "1010100"
}
2026-01-31 23:38:21,924 - DEBUG - iOS_PQPrototypeWaiter -                 AS                
2026-01-31 23:38:21,926 - DEBUG - iOS_PQPrototypeWaiter - {
"isActive" : "False",
"questInProgress" : "False",
"schedule_everyXDays" : "False",
"scheduleName" : "Scheduled Gym",
"questUUID" : "7BFCA3E3-2FAD-4129-8E00-DC37475E9918",
"schedule_XDayDelay" : "2",
"startTime" : "30/1/2026, 15:30:0",
"scheduledStartTime" : "30/1/2026, 15:30:0",
"scheduledEndTime" : "30/1/2026, 20:0:5",
"schedule_lastCompletionTime" : "29/1/2026, 23:46:58",
"schedule_scheduledDays" : "1010100"
}
2026-01-31 23:38:21,928 - DEBUG - iOS_PQPrototypeWaiter - ==================================

2026-01-31 23:38:21,934 - DEBUG - iOS_PQPrototypeWaiter - ============= LOADED =============
2026-01-31 23:38:21,946 - DEBUG - iOS_PQPrototypeWaiter - {
"isActive" : "False",
"questInProgress" : "False",
"schedule_everyXDays" : "False",
"scheduleName" : "CampusQuest II",
"scheduleUUID" : "E26F32B5-684D-419E-B10A-6DCB46154DCA",
"questUUID" : "FFAAD0E4-619C-4696-AA7D-4860FE0F40E9",
"schedule_XDayDelay" : "1",
"startTime" : "25/01/2026, 15:00:00",
"scheduledStartTime" : "25/01/2026, 15:00:00",
"scheduledEndTime" : "25/01/2026, 19:00:05",
"schedule_lastCompletionTime" : "nil",
"schedule_scheduledDays" : "1111100"
}
2026-01-31 23:38:21,949 - DEBUG - iOS_PQPrototypeWaiter -                 AS                
2026-01-31 23:38:21,951 - DEBUG - iOS_PQPrototypeWaiter - {
"isActive" : "False",
"questInProgress" : "False",
"schedule_everyXDays" : "False",
"scheduleName" : "CampusQuest II",
"questUUID" : "FFAAD0E4-619C-4696-AA7D-4860FE0F40E9",
"schedule_XDayDelay" : "1",
"startTime" : "25/1/2026, 15:0:0",
"scheduledStartTime" : "25/1/2026, 15:0:0",
"scheduledEndTime" : "25/1/2026, 19:0:5",
"schedule_lastCompletionTime" : "nil",
"schedule_scheduledDays" : "1111100"
}
2026-01-31 23:38:21,953 - DEBUG - iOS_PQPrototypeWaiter - ==================================

2026-01-31 23:38:21,963 - DEBUG - iOS_PQPrototypeWaiter - ============= LOADED =============
2026-01-31 23:38:21,965 - DEBUG - iOS_PQPrototypeWaiter - {
"isActive" : "False",
"questInProgress" : "False",
"schedule_everyXDays" : "False",
"scheduleName" : "CampusQuest I",
"scheduleUUID" : "B9CA7B1C-EF31-4569-946E-7096E531740D",
"questUUID" : "FFAAD0E4-619C-4696-AA7D-4860FE0F40E9",
"schedule_XDayDelay" : "1",
"startTime" : "25/01/2026, 9:00:00",
"scheduledStartTime" : "25/01/2026, 9:00:00",
"scheduledEndTime" : "25/01/2026, 13:00:05",
"schedule_lastCompletionTime" : "nil",
"schedule_scheduledDays" : "1111100"
}
2026-01-31 23:38:21,967 - DEBUG - iOS_PQPrototypeWaiter -                 AS                
2026-01-31 23:38:21,968 - DEBUG - iOS_PQPrototypeWaiter - {
"isActive" : "False",
"questInProgress" : "False",
"schedule_everyXDays" : "False",
"scheduleName" : "CampusQuest I",
"questUUID" : "FFAAD0E4-619C-4696-AA7D-4860FE0F40E9",
"schedule_XDayDelay" : "1",
"startTime" : "25/1/2026, 9:0:0",
"scheduledStartTime" : "25/1/2026, 9:0:0",
"scheduledEndTime" : "25/1/2026, 13:0:5",
"schedule_lastCompletionTime" : "nil",
"schedule_scheduledDays" : "1111100"
}
2026-01-31 23:38:21,970 - DEBUG - iOS_PQPrototypeWaiter - ==================================

2026-01-31 23:38:21,974 - DEBUG - iOS_PQPrototypeWaiter - ============= LOADED =============
2026-01-31 23:38:21,975 - DEBUG - iOS_PQPrototypeWaiter - {
"isActive" : "False",
"questInProgress" : "False",
"schedule_everyXDays" : "True",
"scheduleName" : "Bedtime Locker",
"scheduleUUID" : "E96D10C0-E544-40AD-A420-4DCF881E38A4",
"questUUID" : "D55BEBE0-B40D-465F-BB45-F1BF1753551D",
"schedule_XDayDelay" : "1",
"startTime" : "31/01/2026, 22:00:00",
"scheduledStartTime" : "31/01/2026, 22:00:00",
"scheduledEndTime" : "01/02/2026, 6:00:05",
"schedule_lastCompletionTime" : "30/01/2026, 14:32:07",
"schedule_scheduledDays" : "1111111"
}
2026-01-31 23:38:21,980 - DEBUG - iOS_PQPrototypeWaiter -                 AS                
2026-01-31 23:38:21,981 - DEBUG - iOS_PQPrototypeWaiter - {
"isActive" : "False",
"questInProgress" : "False",
"schedule_everyXDays" : "True",
"scheduleName" : "Bedtime Locker",
"questUUID" : "D55BEBE0-B40D-465F-BB45-F1BF1753551D",
"schedule_XDayDelay" : "1",
"startTime" : "31/1/2026, 22:0:0",
"scheduledStartTime" : "31/1/2026, 22:0:0",
"scheduledEndTime" : "1/2/2026, 6:0:5",
"schedule_lastCompletionTime" : "30/1/2026, 14:32:7",
"schedule_scheduledDays" : "1111111"
}
2026-01-31 23:38:21,984 - DEBUG - iOS_PQPrototypeWaiter - ==================================

2026-01-31 23:38:21,985 - DEBUG - iOS_PQPrototypeWaiter - ============= LOADED =============
2026-01-31 23:38:21,987 - DEBUG - iOS_PQPrototypeWaiter - {
"isActive" : "False",
"questInProgress" : "False",
"schedule_everyXDays" : "True",
"scheduleName" : "Scheduled Sainsbury’s Shopping",
"scheduleUUID" : "AB5F4C31-7A05-4BDF-B0CD-1A435A9BCF63",
"questUUID" : "EEB7B2ED-26C9-4B8C-AFF5-95124CD1B5AF",
"schedule_XDayDelay" : "5",
"startTime" : "30/01/2026, 11:00:00",
"scheduledStartTime" : "30/01/2026, 11:00:00",
"scheduledEndTime" : "30/01/2026, 17:00:05",
"schedule_lastCompletionTime" : "nil",
"schedule_scheduledDays" : "0000000"
}
2026-01-31 23:38:21,989 - DEBUG - iOS_PQPrototypeWaiter -                 AS                
2026-01-31 23:38:21,991 - DEBUG - iOS_PQPrototypeWaiter - {
"isActive" : "False",
"questInProgress" : "False",
"schedule_everyXDays" : "True",
"scheduleName" : "Scheduled Sainsbury’s Shopping",
"questUUID" : "EEB7B2ED-26C9-4B8C-AFF5-95124CD1B5AF",
"schedule_XDayDelay" : "5",
"startTime" : "30/1/2026, 11:0:0",
"scheduledStartTime" : "30/1/2026, 11:0:0",
"scheduledEndTime" : "30/1/2026, 17:0:5",
"schedule_lastCompletionTime" : "nil",
"schedule_scheduledDays" : "0000000"
}
2026-01-31 23:38:21,995 - DEBUG - iOS_PQPrototypeWaiter - ==================================

2026-01-31 23:38:21,997 - DEBUG - iOS_PQPrototypeWaiter - Loading active quests
2026-01-31 23:38:21,998 - DEBUG - iOS_PQPrototypeWaiter - loading quests
2026-01-31 23:38:22,001 - DEBUG - iOS_PQPrototypeWaiter - creating server thread
2026-01-31 23:38:22,003 - DEBUG - iOS_PQPrototypeWaiter -                                                                                                                                             ==SERVER THREAD== ||| Not connected to Quest Network, retrying host in 3 seconds
2026-01-31 23:38:22,003 - DEBUG - iOS_PQPrototypeWaiter - creating phone connection poller
2026-01-31 23:38:22,005 - DEBUG - iOS_PQPrototypeWaiter -                                                                                                                                                                                     ==CONNECTION POLL== ||| Scanning networks...
2026-01-31 23:38:22,005 - DEBUG - iOS_PQPrototypeWaiter - Init finished... Unlocking and starting now
2026-01-31 23:38:22,007 - DEBUG - iOS_PQPrototypeWaiter - checking again
2026-01-31 23:38:22,024 - DEBUG - ThreadUtils -                      --MainThread: WAITING FOR Keys Lock
2026-01-31 23:38:22,025 - DEBUG - ThreadUtils -                      --MainThread: ACQUIRED Keys Lock
2026-01-31 23:38:22,026 - DEBUG - ThreadUtils -                      --MainThread: WAITING FOR Quest Lock
2026-01-31 23:38:22,028 - DEBUG - ThreadUtils -                      --MainThread: ACQUIRED Quest Lock
2026-01-31 23:38:22,041 - DEBUG - ThreadUtils -                      --MainThread: RELEASED Quest Lock
2026-01-31 23:38:22,042 - DEBUG - ThreadUtils -                      --MainThread: WAITING FOR Schedules Lock
2026-01-31 23:38:22,043 - DEBUG - ThreadUtils -                      --MainThread: ACQUIRED Schedules Lock
2026-01-31 23:38:22,045 - DEBUG - iOS_PQPrototypeWaiter - Inspecting Scheduled Gym
2026-01-31 23:38:22,046 - DEBUG - iOS_PQPrototypeWaiter - Scheduled Gym not active

2026-01-31 23:38:22,048 - DEBUG - iOS_PQPrototypeWaiter - Inspecting CampusQuest II
2026-01-31 23:38:22,056 - DEBUG - iOS_PQPrototypeWaiter - CampusQuest II not active

2026-01-31 23:38:22,058 - DEBUG - iOS_PQPrototypeWaiter - Inspecting CampusQuest I
2026-01-31 23:38:22,059 - DEBUG - iOS_PQPrototypeWaiter - CampusQuest I not active

2026-01-31 23:38:22,060 - DEBUG - iOS_PQPrototypeWaiter - Inspecting Bedtime Locker
2026-01-31 23:38:22,062 - DEBUG - iOS_PQPrototypeWaiter - Bedtime Locker not active

2026-01-31 23:38:22,064 - DEBUG - iOS_PQPrototypeWaiter - Inspecting Scheduled Sainsbury’s Shopping
2026-01-31 23:38:22,065 - DEBUG - iOS_PQPrototypeWaiter - Scheduled Sainsbury’s Shopping not active

2026-01-31 23:38:22,067 - DEBUG - ThreadUtils -                      --MainThread: RELEASED Schedules Lock
2026-01-31 23:38:22,069 - DEBUG - ThreadUtils -                      --MainThread: RELEASED Keys Lock
2026-01-31 23:38:22,071 - DEBUG - iOS_PQPrototypeWaiter - ++++++++++++++++++++++++++++++++++++++++++++++++++++++++++++++++++++++++++++++++++++++++++++++++++++++++++COMPUTER UNLOCKED++++++++++++++++++++++++++++++++++++++++++++++++++++++++++++++++++++++++++++++++++++++++++++++++++++++++++
2026-01-31 23:38:22,073 - DEBUG - iOS_PQPrototypeWaiter - waiting before checking again
2026-01-31 23:38:22,868 - DEBUG - iOS_PQPrototypeWaiter -                                                                                                                                                                                     ==CONNECTION POLL== ||| Result: Not connected to QuestNetwork
2026-01-31 23:38:22,868 - DEBUG - iOS_PQPrototypeWaiter -                                                                                                                                                                                     ==CONNECTION POLL== ||| Attempting to shut down server
2026-01-31 23:38:22,870 - DEBUG - iOS_PQPrototypeWaiter -                                                                                                                                                                                     ==CONNECTION POLL== ||| No server to shut down
2026-01-31 23:38:25,004 - DEBUG - iOS_PQPrototypeWaiter -                                                                                                                                             ==SERVER THREAD== ||| Not connected to Quest Network, retrying host in 3 seconds
2026-01-31 23:38:27,075 - DEBUG - iOS_PQPrototypeWaiter - checking again
2026-01-31 23:38:27,076 - DEBUG - ThreadUtils -                      --MainThread: WAITING FOR Keys Lock
2026-01-31 23:38:27,077 - DEBUG - ThreadUtils -                      --MainThread: ACQUIRED Keys Lock
2026-01-31 23:38:27,077 - DEBUG - ThreadUtils -                      --MainThread: WAITING FOR Quest Lock
2026-01-31 23:38:27,077 - DEBUG - ThreadUtils -                      --MainThread: ACQUIRED Quest Lock
2026-01-31 23:38:27,077 - DEBUG - ThreadUtils -                      --MainThread: RELEASED Quest Lock
2026-01-31 23:38:27,078 - DEBUG - ThreadUtils -                      --MainThread: WAITING FOR Schedules Lock
2026-01-31 23:38:27,078 - DEBUG - ThreadUtils -                      --MainThread: ACQUIRED Schedules Lock
2026-01-31 23:38:27,078 - DEBUG - iOS_PQPrototypeWaiter - Inspecting Scheduled Gym
2026-01-31 23:38:27,078 - DEBUG - iOS_PQPrototypeWaiter - Scheduled Gym not active

2026-01-31 23:38:27,079 - DEBUG - iOS_PQPrototypeWaiter - Inspecting CampusQuest II
2026-01-31 23:38:27,079 - DEBUG - iOS_PQPrototypeWaiter - CampusQuest II not active

2026-01-31 23:38:27,079 - DEBUG - iOS_PQPrototypeWaiter - Inspecting CampusQuest I
2026-01-31 23:38:27,079 - DEBUG - iOS_PQPrototypeWaiter - CampusQuest I not active

2026-01-31 23:38:27,080 - DEBUG - iOS_PQPrototypeWaiter - Inspecting Bedtime Locker
2026-01-31 23:38:27,080 - DEBUG - iOS_PQPrototypeWaiter - Bedtime Locker not active

2026-01-31 23:38:27,080 - DEBUG - iOS_PQPrototypeWaiter - Inspecting Scheduled Sainsbury’s Shopping
2026-01-31 23:38:27,080 - DEBUG - iOS_PQPrototypeWaiter - Scheduled Sainsbury’s Shopping not active

2026-01-31 23:38:27,081 - DEBUG - ThreadUtils -                      --MainThread: RELEASED Schedules Lock
2026-01-31 23:38:27,081 - DEBUG - ThreadUtils -                      --MainThread: RELEASED Keys Lock
2026-01-31 23:38:27,081 - DEBUG - iOS_PQPrototypeWaiter - ++++++++++++++++++++++++++++++++++++++++++++++++++++++++++++++++++++++++++++++++++++++++++++++++++++++++++COMPUTER UNLOCKED++++++++++++++++++++++++++++++++++++++++++++++++++++++++++++++++++++++++++++++++++++++++++++++++++++++++++
2026-01-31 23:38:27,082 - DEBUG - iOS_PQPrototypeWaiter - waiting before checking again
2026-01-31 23:38:27,871 - DEBUG - iOS_PQPrototypeWaiter -                                                                                                                                                                                     ==CONNECTION POLL== ||| Scanning networks...
2026-01-31 23:38:28,005 - DEBUG - iOS_PQPrototypeWaiter -                                                                                                                                             ==SERVER THREAD== ||| Not connected to Quest Network, retrying host in 3 seconds
2026-01-31 23:38:28,279 - DEBUG - iOS_PQPrototypeWaiter -                                                                                                                                                                                     ==CONNECTION POLL== ||| Result: Not connected to QuestNetwork
2026-01-31 23:38:28,303 - DEBUG - iOS_PQPrototypeWaiter -                                                                                                                                                                                     ==CONNECTION POLL== ||| Attempting to shut down server
2026-01-31 23:38:28,304 - DEBUG - iOS_PQPrototypeWaiter -                                                                                                                                                                                     ==CONNECTION POLL== ||| No server to shut down
2026-01-31 23:38:31,006 - DEBUG - iOS_PQPrototypeWaiter -                                                                                                                                             ==SERVER THREAD== ||| Not connected to Quest Network, retrying host in 3 seconds
2026-01-31 23:38:32,083 - DEBUG - iOS_PQPrototypeWaiter - checking again
2026-01-31 23:38:32,087 - DEBUG - ThreadUtils -                      --MainThread: WAITING FOR Keys Lock
2026-01-31 23:38:32,090 - DEBUG - ThreadUtils -                      --MainThread: ACQUIRED Keys Lock
2026-01-31 23:38:32,091 - DEBUG - ThreadUtils -                      --MainThread: WAITING FOR Quest Lock
2026-01-31 23:38:32,091 - DEBUG - ThreadUtils -                      --MainThread: ACQUIRED Quest Lock
2026-01-31 23:38:32,092 - DEBUG - ThreadUtils -                      --MainThread: RELEASED Quest Lock
2026-01-31 23:38:32,092 - DEBUG - ThreadUtils -                      --MainThread: WAITING FOR Schedules Lock
2026-01-31 23:38:32,092 - DEBUG - ThreadUtils -                      --MainThread: ACQUIRED Schedules Lock
2026-01-31 23:38:32,093 - DEBUG - iOS_PQPrototypeWaiter - Inspecting Scheduled Gym
2026-01-31 23:38:32,093 - DEBUG - iOS_PQPrototypeWaiter - Scheduled Gym not active

2026-01-31 23:38:32,093 - DEBUG - iOS_PQPrototypeWaiter - Inspecting CampusQuest II
2026-01-31 23:38:32,094 - DEBUG - iOS_PQPrototypeWaiter - CampusQuest II not active

2026-01-31 23:38:32,094 - DEBUG - iOS_PQPrototypeWaiter - Inspecting CampusQuest I
2026-01-31 23:38:32,121 - DEBUG - iOS_PQPrototypeWaiter - CampusQuest I not active

2026-01-31 23:38:32,124 - DEBUG - iOS_PQPrototypeWaiter - Inspecting Bedtime Locker
2026-01-31 23:38:32,125 - DEBUG - iOS_PQPrototypeWaiter - Bedtime Locker not active

2026-01-31 23:38:32,125 - DEBUG - iOS_PQPrototypeWaiter - Inspecting Scheduled Sainsbury’s Shopping
2026-01-31 23:38:32,126 - DEBUG - iOS_PQPrototypeWaiter - Scheduled Sainsbury’s Shopping not active

2026-01-31 23:38:32,126 - DEBUG - ThreadUtils -                      --MainThread: RELEASED Schedules Lock
2026-01-31 23:38:32,126 - DEBUG - ThreadUtils -                      --MainThread: RELEASED Keys Lock
2026-01-31 23:38:32,127 - DEBUG - iOS_PQPrototypeWaiter - ++++++++++++++++++++++++++++++++++++++++++++++++++++++++++++++++++++++++++++++++++++++++++++++++++++++++++COMPUTER UNLOCKED++++++++++++++++++++++++++++++++++++++++++++++++++++++++++++++++++++++++++++++++++++++++++++++++++++++++++
2026-01-31 23:38:32,127 - DEBUG - iOS_PQPrototypeWaiter - waiting before checking again
2026-01-31 23:38:33,305 - DEBUG - iOS_PQPrototypeWaiter -                                                                                                                                                                                     ==CONNECTION POLL== ||| Scanning networks...
2026-01-31 23:38:33,428 - DEBUG - iOS_PQPrototypeWaiter -                                                                                                                                                                                     ==CONNECTION POLL== ||| Result: Not connected to QuestNetwork
2026-01-31 23:38:33,429 - DEBUG - iOS_PQPrototypeWaiter -                                                                                                                                                                                     ==CONNECTION POLL== ||| Attempting to shut down server
2026-01-31 23:38:33,430 - DEBUG - iOS_PQPrototypeWaiter -                                                                                                                                                                                     ==CONNECTION POLL== ||| No server to shut down
2026-01-31 23:38:34,007 - DEBUG - iOS_PQPrototypeWaiter -                                                                                                                                             ==SERVER THREAD== ||| Not connected to Quest Network, retrying host in 3 seconds
2026-01-31 23:38:37,008 - DEBUG - iOS_PQPrototypeWaiter -                                                                                                                                             ==SERVER THREAD== ||| Not connected to Quest Network, retrying host in 3 seconds
2026-01-31 23:38:37,128 - DEBUG - iOS_PQPrototypeWaiter - checking again
2026-01-31 23:38:37,128 - DEBUG - ThreadUtils -                      --MainThread: WAITING FOR Keys Lock
2026-01-31 23:38:37,129 - DEBUG - ThreadUtils -                      --MainThread: ACQUIRED Keys Lock
2026-01-31 23:38:37,129 - DEBUG - ThreadUtils -                      --MainThread: WAITING FOR Quest Lock
2026-01-31 23:38:37,130 - DEBUG - ThreadUtils -                      --MainThread: ACQUIRED Quest Lock
2026-01-31 23:38:37,130 - DEBUG - ThreadUtils -                      --MainThread: RELEASED Quest Lock
2026-01-31 23:38:37,130 - DEBUG - ThreadUtils -                      --MainThread: WAITING FOR Schedules Lock
2026-01-31 23:38:37,130 - DEBUG - ThreadUtils -                      --MainThread: ACQUIRED Schedules Lock
2026-01-31 23:38:37,130 - DEBUG - iOS_PQPrototypeWaiter - Inspecting Scheduled Gym
2026-01-31 23:38:37,131 - DEBUG - iOS_PQPrototypeWaiter - Scheduled Gym not active

2026-01-31 23:38:37,131 - DEBUG - iOS_PQPrototypeWaiter - Inspecting CampusQuest II
2026-01-31 23:38:37,131 - DEBUG - iOS_PQPrototypeWaiter - CampusQuest II not active

2026-01-31 23:38:37,132 - DEBUG - iOS_PQPrototypeWaiter - Inspecting CampusQuest I
2026-01-31 23:38:37,132 - DEBUG - iOS_PQPrototypeWaiter - CampusQuest I not active

2026-01-31 23:38:37,132 - DEBUG - iOS_PQPrototypeWaiter - Inspecting Bedtime Locker
2026-01-31 23:38:37,132 - DEBUG - iOS_PQPrototypeWaiter - Bedtime Locker not active

2026-01-31 23:38:37,133 - DEBUG - iOS_PQPrototypeWaiter - Inspecting Scheduled Sainsbury’s Shopping
2026-01-31 23:38:37,133 - DEBUG - iOS_PQPrototypeWaiter - Scheduled Sainsbury’s Shopping not active

2026-01-31 23:38:37,133 - DEBUG - ThreadUtils -                      --MainThread: RELEASED Schedules Lock
2026-01-31 23:38:37,133 - DEBUG - ThreadUtils -                      --MainThread: RELEASED Keys Lock
2026-01-31 23:38:37,133 - DEBUG - iOS_PQPrototypeWaiter - ++++++++++++++++++++++++++++++++++++++++++++++++++++++++++++++++++++++++++++++++++++++++++++++++++++++++++COMPUTER UNLOCKED++++++++++++++++++++++++++++++++++++++++++++++++++++++++++++++++++++++++++++++++++++++++++++++++++++++++++
2026-01-31 23:38:37,134 - DEBUG - iOS_PQPrototypeWaiter - waiting before checking again
2026-01-31 23:38:38,431 - DEBUG - iOS_PQPrototypeWaiter -                                                                                                                                                                                     ==CONNECTION POLL== ||| Scanning networks...
2026-01-31 23:38:38,511 - DEBUG - iOS_PQPrototypeWaiter -                                                                                                                                                                                     ==CONNECTION POLL== ||| Result: Not connected to QuestNetwork
2026-01-31 23:38:38,512 - DEBUG - iOS_PQPrototypeWaiter -                                                                                                                                                                                     ==CONNECTION POLL== ||| Attempting to shut down server
2026-01-31 23:38:38,512 - DEBUG - iOS_PQPrototypeWaiter -                                                                                                                                                                                     ==CONNECTION POLL== ||| No server to shut down
2026-01-31 23:38:40,017 - DEBUG - iOS_PQPrototypeWaiter -                                                                                                                                             ==SERVER THREAD== ||| Not connected to Quest Network, retrying host in 3 seconds
2026-01-31 23:38:42,135 - DEBUG - iOS_PQPrototypeWaiter - checking again
2026-01-31 23:38:42,135 - DEBUG - ThreadUtils -                      --MainThread: WAITING FOR Keys Lock
2026-01-31 23:38:42,136 - DEBUG - ThreadUtils -                      --MainThread: ACQUIRED Keys Lock
2026-01-31 23:38:42,136 - DEBUG - ThreadUtils -                      --MainThread: WAITING FOR Quest Lock
2026-01-31 23:38:42,136 - DEBUG - ThreadUtils -                      --MainThread: ACQUIRED Quest Lock
2026-01-31 23:38:42,137 - DEBUG - ThreadUtils -                      --MainThread: RELEASED Quest Lock
2026-01-31 23:38:42,137 - DEBUG - ThreadUtils -                      --MainThread: WAITING FOR Schedules Lock
2026-01-31 23:38:42,138 - DEBUG - ThreadUtils -                      --MainThread: ACQUIRED Schedules Lock
2026-01-31 23:38:42,138 - DEBUG - iOS_PQPrototypeWaiter - Inspecting Scheduled Gym
2026-01-31 23:38:42,138 - DEBUG - iOS_PQPrototypeWaiter - Scheduled Gym not active

2026-01-31 23:38:42,139 - DEBUG - iOS_PQPrototypeWaiter - Inspecting CampusQuest II
2026-01-31 23:38:42,139 - DEBUG - iOS_PQPrototypeWaiter - CampusQuest II not active

2026-01-31 23:38:42,139 - DEBUG - iOS_PQPrototypeWaiter - Inspecting CampusQuest I
2026-01-31 23:38:42,139 - DEBUG - iOS_PQPrototypeWaiter - CampusQuest I not active

2026-01-31 23:38:42,139 - DEBUG - iOS_PQPrototypeWaiter - Inspecting Bedtime Locker
2026-01-31 23:38:42,140 - DEBUG - iOS_PQPrototypeWaiter - Bedtime Locker not active

2026-01-31 23:38:42,140 - DEBUG - iOS_PQPrototypeWaiter - Inspecting Scheduled Sainsbury’s Shopping
2026-01-31 23:38:42,140 - DEBUG - iOS_PQPrototypeWaiter - Scheduled Sainsbury’s Shopping not active

2026-01-31 23:38:42,141 - DEBUG - ThreadUtils -                      --MainThread: RELEASED Schedules Lock
2026-01-31 23:38:42,141 - DEBUG - ThreadUtils -                      --MainThread: RELEASED Keys Lock
2026-01-31 23:38:42,141 - DEBUG - iOS_PQPrototypeWaiter - ++++++++++++++++++++++++++++++++++++++++++++++++++++++++++++++++++++++++++++++++++++++++++++++++++++++++++COMPUTER UNLOCKED++++++++++++++++++++++++++++++++++++++++++++++++++++++++++++++++++++++++++++++++++++++++++++++++++++++++++
2026-01-31 23:38:42,141 - DEBUG - iOS_PQPrototypeWaiter - waiting before checking again
2026-01-31 23:38:43,018 - DEBUG - iOS_PQPrototypeWaiter -                                                                                                                                             ==SERVER THREAD== ||| Not connected to Quest Network, retrying host in 3 seconds
2026-01-31 23:38:43,513 - DEBUG - iOS_PQPrototypeWaiter -                                                                                                                                                                                     ==CONNECTION POLL== ||| Scanning networks...
2026-01-31 23:38:43,587 - DEBUG - iOS_PQPrototypeWaiter -                                                                                                                                                                                     ==CONNECTION POLL== ||| Result: Not connected to QuestNetwork
2026-01-31 23:38:43,588 - DEBUG - iOS_PQPrototypeWaiter -                                                                                                                                                                                     ==CONNECTION POLL== ||| Attempting to shut down server
2026-01-31 23:38:43,589 - DEBUG - iOS_PQPrototypeWaiter -                                                                                                                                                                                     ==CONNECTION POLL== ||| No server to shut down
2026-01-31 23:38:46,020 - DEBUG - iOS_PQPrototypeWaiter -                                                                                                                                             ==SERVER THREAD== ||| Not connected to Quest Network, retrying host in 3 seconds
2026-01-31 23:38:47,142 - DEBUG - iOS_PQPrototypeWaiter - checking again
2026-01-31 23:38:47,143 - DEBUG - ThreadUtils -                      --MainThread: WAITING FOR Keys Lock
2026-01-31 23:38:47,143 - DEBUG - ThreadUtils -                      --MainThread: ACQUIRED Keys Lock
2026-01-31 23:38:47,144 - DEBUG - ThreadUtils -                      --MainThread: WAITING FOR Quest Lock
2026-01-31 23:38:47,144 - DEBUG - ThreadUtils -                      --MainThread: ACQUIRED Quest Lock
2026-01-31 23:38:47,144 - DEBUG - ThreadUtils -                      --MainThread: RELEASED Quest Lock
2026-01-31 23:38:47,144 - DEBUG - ThreadUtils -                      --MainThread: WAITING FOR Schedules Lock
2026-01-31 23:38:47,145 - DEBUG - ThreadUtils -                      --MainThread: ACQUIRED Schedules Lock
2026-01-31 23:38:47,145 - DEBUG - iOS_PQPrototypeWaiter - Inspecting Scheduled Gym
2026-01-31 23:38:47,145 - DEBUG - iOS_PQPrototypeWaiter - Scheduled Gym not active

2026-01-31 23:38:47,145 - DEBUG - iOS_PQPrototypeWaiter - Inspecting CampusQuest II
2026-01-31 23:38:47,146 - DEBUG - iOS_PQPrototypeWaiter - CampusQuest II not active

2026-01-31 23:38:47,146 - DEBUG - iOS_PQPrototypeWaiter - Inspecting CampusQuest I
2026-01-31 23:38:47,146 - DEBUG - iOS_PQPrototypeWaiter - CampusQuest I not active

2026-01-31 23:38:47,146 - DEBUG - iOS_PQPrototypeWaiter - Inspecting Bedtime Locker
2026-01-31 23:38:47,147 - DEBUG - iOS_PQPrototypeWaiter - Bedtime Locker not active

2026-01-31 23:38:47,147 - DEBUG - iOS_PQPrototypeWaiter - Inspecting Scheduled Sainsbury’s Shopping
2026-01-31 23:38:47,147 - DEBUG - iOS_PQPrototypeWaiter - Scheduled Sainsbury’s Shopping not active

2026-01-31 23:38:47,147 - DEBUG - ThreadUtils -                      --MainThread: RELEASED Schedules Lock
2026-01-31 23:38:47,148 - DEBUG - ThreadUtils -                      --MainThread: RELEASED Keys Lock
2026-01-31 23:38:47,148 - DEBUG - iOS_PQPrototypeWaiter - ++++++++++++++++++++++++++++++++++++++++++++++++++++++++++++++++++++++++++++++++++++++++++++++++++++++++++COMPUTER UNLOCKED++++++++++++++++++++++++++++++++++++++++++++++++++++++++++++++++++++++++++++++++++++++++++++++++++++++++++
2026-01-31 23:38:47,148 - DEBUG - iOS_PQPrototypeWaiter - waiting before checking again
2026-01-31 23:38:48,589 - DEBUG - iOS_PQPrototypeWaiter -                                                                                                                                                                                     ==CONNECTION POLL== ||| Scanning networks...
2026-01-31 23:38:48,670 - DEBUG - iOS_PQPrototypeWaiter -                                                                                                                                                                                     ==CONNECTION POLL== ||| Result: Not connected to QuestNetwork
2026-01-31 23:38:48,670 - DEBUG - iOS_PQPrototypeWaiter -                                                                                                                                                                                     ==CONNECTION POLL== ||| Attempting to shut down server
2026-01-31 23:38:48,671 - DEBUG - iOS_PQPrototypeWaiter -                                                                                                                                                                                     ==CONNECTION POLL== ||| No server to shut down
2026-01-31 23:38:49,021 - DEBUG - iOS_PQPrototypeWaiter -                                                                                                                                             ==SERVER THREAD== ||| Not connected to Quest Network, retrying host in 3 seconds
2026-01-31 23:38:52,022 - DEBUG - iOS_PQPrototypeWaiter -                                                                                                                                             ==SERVER THREAD== ||| Not connected to Quest Network, retrying host in 3 seconds
2026-01-31 23:38:52,148 - DEBUG - iOS_PQPrototypeWaiter - checking again
2026-01-31 23:38:52,149 - DEBUG - ThreadUtils -                      --MainThread: WAITING FOR Keys Lock
2026-01-31 23:38:52,150 - DEBUG - ThreadUtils -                      --MainThread: ACQUIRED Keys Lock
2026-01-31 23:38:52,151 - DEBUG - ThreadUtils -                      --MainThread: WAITING FOR Quest Lock
2026-01-31 23:38:52,151 - DEBUG - ThreadUtils -                      --MainThread: ACQUIRED Quest Lock
2026-01-31 23:38:52,151 - DEBUG - ThreadUtils -                      --MainThread: RELEASED Quest Lock
2026-01-31 23:38:52,151 - DEBUG - ThreadUtils -                      --MainThread: WAITING FOR Schedules Lock
2026-01-31 23:38:52,152 - DEBUG - ThreadUtils -                      --MainThread: ACQUIRED Schedules Lock
2026-01-31 23:38:52,152 - DEBUG - iOS_PQPrototypeWaiter - Inspecting Scheduled Gym
2026-01-31 23:38:52,152 - DEBUG - iOS_PQPrototypeWaiter - Scheduled Gym not active

2026-01-31 23:38:52,152 - DEBUG - iOS_PQPrototypeWaiter - Inspecting CampusQuest II
2026-01-31 23:38:52,153 - DEBUG - iOS_PQPrototypeWaiter - CampusQuest II not active

2026-01-31 23:38:52,153 - DEBUG - iOS_PQPrototypeWaiter - Inspecting CampusQuest I
2026-01-31 23:38:52,153 - DEBUG - iOS_PQPrototypeWaiter - CampusQuest I not active

2026-01-31 23:38:52,153 - DEBUG - iOS_PQPrototypeWaiter - Inspecting Bedtime Locker
2026-01-31 23:38:52,154 - DEBUG - iOS_PQPrototypeWaiter - Bedtime Locker not active

2026-01-31 23:38:52,154 - DEBUG - iOS_PQPrototypeWaiter - Inspecting Scheduled Sainsbury’s Shopping
2026-01-31 23:38:52,154 - DEBUG - iOS_PQPrototypeWaiter - Scheduled Sainsbury’s Shopping not active

2026-01-31 23:38:52,155 - DEBUG - ThreadUtils -                      --MainThread: RELEASED Schedules Lock
2026-01-31 23:38:52,155 - DEBUG - ThreadUtils -                      --MainThread: RELEASED Keys Lock
2026-01-31 23:38:52,155 - DEBUG - iOS_PQPrototypeWaiter - ++++++++++++++++++++++++++++++++++++++++++++++++++++++++++++++++++++++++++++++++++++++++++++++++++++++++++COMPUTER UNLOCKED++++++++++++++++++++++++++++++++++++++++++++++++++++++++++++++++++++++++++++++++++++++++++++++++++++++++++
2026-01-31 23:38:52,156 - DEBUG - iOS_PQPrototypeWaiter - waiting before checking again
2026-01-31 23:38:53,672 - DEBUG - iOS_PQPrototypeWaiter -                                                                                                                                                                                     ==CONNECTION POLL== ||| Scanning networks...
2026-01-31 23:38:53,760 - DEBUG - iOS_PQPrototypeWaiter -                                                                                                                                                                                     ==CONNECTION POLL== ||| Result: Not connected to QuestNetwork
2026-01-31 23:38:53,761 - DEBUG - iOS_PQPrototypeWaiter -                                                                                                                                                                                     ==CONNECTION POLL== ||| Attempting to shut down server
2026-01-31 23:38:53,762 - DEBUG - iOS_PQPrototypeWaiter -                                                                                                                                                                                     ==CONNECTION POLL== ||| No server to shut down
2026-01-31 23:38:55,023 - DEBUG - iOS_PQPrototypeWaiter -                                                                                                                                             ==SERVER THREAD== ||| Not connected to Quest Network, retrying host in 3 seconds
2026-01-31 23:38:57,157 - DEBUG - iOS_PQPrototypeWaiter - checking again
2026-01-31 23:38:57,157 - DEBUG - ThreadUtils -                      --MainThread: WAITING FOR Keys Lock
2026-01-31 23:38:57,158 - DEBUG - ThreadUtils -                      --MainThread: ACQUIRED Keys Lock
2026-01-31 23:38:57,158 - DEBUG - ThreadUtils -                      --MainThread: WAITING FOR Quest Lock
2026-01-31 23:38:57,159 - DEBUG - ThreadUtils -                      --MainThread: ACQUIRED Quest Lock
2026-01-31 23:38:57,159 - DEBUG - ThreadUtils -                      --MainThread: RELEASED Quest Lock
2026-01-31 23:38:57,159 - DEBUG - ThreadUtils -                      --MainThread: WAITING FOR Schedules Lock
2026-01-31 23:38:57,159 - DEBUG - ThreadUtils -                      --MainThread: ACQUIRED Schedules Lock
2026-01-31 23:38:57,160 - DEBUG - iOS_PQPrototypeWaiter - Inspecting Scheduled Gym
2026-01-31 23:38:57,160 - DEBUG - iOS_PQPrototypeWaiter - Scheduled Gym not active

2026-01-31 23:38:57,160 - DEBUG - iOS_PQPrototypeWaiter - Inspecting CampusQuest II
2026-01-31 23:38:57,161 - DEBUG - iOS_PQPrototypeWaiter - CampusQuest II not active

2026-01-31 23:38:57,161 - DEBUG - iOS_PQPrototypeWaiter - Inspecting CampusQuest I
2026-01-31 23:38:57,161 - DEBUG - iOS_PQPrototypeWaiter - CampusQuest I not active

2026-01-31 23:38:57,161 - DEBUG - iOS_PQPrototypeWaiter - Inspecting Bedtime Locker
2026-01-31 23:38:57,162 - DEBUG - iOS_PQPrototypeWaiter - Bedtime Locker not active

2026-01-31 23:38:57,162 - DEBUG - iOS_PQPrototypeWaiter - Inspecting Scheduled Sainsbury’s Shopping
2026-01-31 23:38:57,162 - DEBUG - iOS_PQPrototypeWaiter - Scheduled Sainsbury’s Shopping not active

2026-01-31 23:38:57,163 - DEBUG - ThreadUtils -                      --MainThread: RELEASED Schedules Lock
2026-01-31 23:38:57,163 - DEBUG - ThreadUtils -                      --MainThread: RELEASED Keys Lock
2026-01-31 23:38:57,163 - DEBUG - iOS_PQPrototypeWaiter - ++++++++++++++++++++++++++++++++++++++++++++++++++++++++++++++++++++++++++++++++++++++++++++++++++++++++++COMPUTER UNLOCKED++++++++++++++++++++++++++++++++++++++++++++++++++++++++++++++++++++++++++++++++++++++++++++++++++++++++++
2026-01-31 23:38:57,163 - DEBUG - iOS_PQPrototypeWaiter - waiting before checking again
2026-01-31 23:38:58,055 - DEBUG - iOS_PQPrototypeWaiter -                                                                                                                                             ==SERVER THREAD== ||| Not connected to Quest Network, retrying host in 3 seconds
2026-01-31 23:38:58,762 - DEBUG - iOS_PQPrototypeWaiter -                                                                                                                                                                                     ==CONNECTION POLL== ||| Scanning networks...
2026-01-31 23:38:58,851 - DEBUG - iOS_PQPrototypeWaiter -                                                                                                                                                                                     ==CONNECTION POLL== ||| Result: Not connected to QuestNetwork
2026-01-31 23:38:58,851 - DEBUG - iOS_PQPrototypeWaiter -                                                                                                                                                                                     ==CONNECTION POLL== ||| Attempting to shut down server
2026-01-31 23:38:58,852 - DEBUG - iOS_PQPrototypeWaiter -                                                                                                                                                                                     ==CONNECTION POLL== ||| No server to shut down
2026-01-31 23:39:01,056 - DEBUG - iOS_PQPrototypeWaiter -                                                                                                                                             ==SERVER THREAD== ||| Not connected to Quest Network, retrying host in 3 seconds
2026-01-31 23:39:02,164 - DEBUG - iOS_PQPrototypeWaiter - checking again
2026-01-31 23:39:02,165 - DEBUG - ThreadUtils -                      --MainThread: WAITING FOR Keys Lock
2026-01-31 23:39:02,165 - DEBUG - ThreadUtils -                      --MainThread: ACQUIRED Keys Lock
2026-01-31 23:39:02,166 - DEBUG - ThreadUtils -                      --MainThread: WAITING FOR Quest Lock
2026-01-31 23:39:02,166 - DEBUG - ThreadUtils -                      --MainThread: ACQUIRED Quest Lock
2026-01-31 23:39:02,166 - DEBUG - ThreadUtils -                      --MainThread: RELEASED Quest Lock
2026-01-31 23:39:02,166 - DEBUG - ThreadUtils -                      --MainThread: WAITING FOR Schedules Lock
2026-01-31 23:39:02,167 - DEBUG - ThreadUtils -                      --MainThread: ACQUIRED Schedules Lock
2026-01-31 23:39:02,167 - DEBUG - iOS_PQPrototypeWaiter - Inspecting Scheduled Gym
2026-01-31 23:39:02,167 - DEBUG - iOS_PQPrototypeWaiter - Scheduled Gym not active

2026-01-31 23:39:02,167 - DEBUG - iOS_PQPrototypeWaiter - Inspecting CampusQuest II
2026-01-31 23:39:02,168 - DEBUG - iOS_PQPrototypeWaiter - CampusQuest II not active

2026-01-31 23:39:02,168 - DEBUG - iOS_PQPrototypeWaiter - Inspecting CampusQuest I
2026-01-31 23:39:02,168 - DEBUG - iOS_PQPrototypeWaiter - CampusQuest I not active

2026-01-31 23:39:02,168 - DEBUG - iOS_PQPrototypeWaiter - Inspecting Bedtime Locker
2026-01-31 23:39:02,169 - DEBUG - iOS_PQPrototypeWaiter - Bedtime Locker not active

2026-01-31 23:39:02,169 - DEBUG - iOS_PQPrototypeWaiter - Inspecting Scheduled Sainsbury’s Shopping
2026-01-31 23:39:02,169 - DEBUG - iOS_PQPrototypeWaiter - Scheduled Sainsbury’s Shopping not active

2026-01-31 23:39:02,169 - DEBUG - ThreadUtils -                      --MainThread: RELEASED Schedules Lock
2026-01-31 23:39:02,169 - DEBUG - ThreadUtils -                      --MainThread: RELEASED Keys Lock
2026-01-31 23:39:02,170 - DEBUG - iOS_PQPrototypeWaiter - ++++++++++++++++++++++++++++++++++++++++++++++++++++++++++++++++++++++++++++++++++++++++++++++++++++++++++COMPUTER UNLOCKED++++++++++++++++++++++++++++++++++++++++++++++++++++++++++++++++++++++++++++++++++++++++++++++++++++++++++
2026-01-31 23:39:02,170 - DEBUG - iOS_PQPrototypeWaiter - waiting before checking again
2026-01-31 23:39:03,886 - DEBUG - iOS_PQPrototypeWaiter -                                                                                                                                                                                     ==CONNECTION POLL== ||| Scanning networks...
2026-01-31 23:39:04,005 - DEBUG - iOS_PQPrototypeWaiter -                                                                                                                                                                                     ==CONNECTION POLL== ||| Result: Not connected to QuestNetwork
2026-01-31 23:39:04,006 - DEBUG - iOS_PQPrototypeWaiter -                                                                                                                                                                                     ==CONNECTION POLL== ||| Attempting to shut down server
2026-01-31 23:39:04,007 - DEBUG - iOS_PQPrototypeWaiter -                                                                                                                                                                                     ==CONNECTION POLL== ||| No server to shut down
2026-01-31 23:39:04,057 - DEBUG - iOS_PQPrototypeWaiter -                                                                                                                                             ==SERVER THREAD== ||| Not connected to Quest Network, retrying host in 3 seconds
2026-01-31 23:39:07,058 - DEBUG - iOS_PQPrototypeWaiter -                                                                                                                                             ==SERVER THREAD== ||| Not connected to Quest Network, retrying host in 3 seconds
2026-01-31 23:39:07,171 - DEBUG - iOS_PQPrototypeWaiter - checking again
2026-01-31 23:39:07,171 - DEBUG - ThreadUtils -                      --MainThread: WAITING FOR Keys Lock
2026-01-31 23:39:07,172 - DEBUG - ThreadUtils -                      --MainThread: ACQUIRED Keys Lock
2026-01-31 23:39:07,172 - DEBUG - ThreadUtils -                      --MainThread: WAITING FOR Quest Lock
2026-01-31 23:39:07,172 - DEBUG - ThreadUtils -                      --MainThread: ACQUIRED Quest Lock
2026-01-31 23:39:07,173 - DEBUG - ThreadUtils -                      --MainThread: RELEASED Quest Lock
2026-01-31 23:39:07,173 - DEBUG - ThreadUtils -                      --MainThread: WAITING FOR Schedules Lock
2026-01-31 23:39:07,173 - DEBUG - ThreadUtils -                      --MainThread: ACQUIRED Schedules Lock
2026-01-31 23:39:07,173 - DEBUG - iOS_PQPrototypeWaiter - Inspecting Scheduled Gym
2026-01-31 23:39:07,174 - DEBUG - iOS_PQPrototypeWaiter - Scheduled Gym not active

2026-01-31 23:39:07,174 - DEBUG - iOS_PQPrototypeWaiter - Inspecting CampusQuest II
2026-01-31 23:39:07,174 - DEBUG - iOS_PQPrototypeWaiter - CampusQuest II not active

2026-01-31 23:39:07,174 - DEBUG - iOS_PQPrototypeWaiter - Inspecting CampusQuest I
2026-01-31 23:39:07,174 - DEBUG - iOS_PQPrototypeWaiter - CampusQuest I not active

2026-01-31 23:39:07,175 - DEBUG - iOS_PQPrototypeWaiter - Inspecting Bedtime Locker
2026-01-31 23:39:07,175 - DEBUG - iOS_PQPrototypeWaiter - Bedtime Locker not active

2026-01-31 23:39:07,175 - DEBUG - iOS_PQPrototypeWaiter - Inspecting Scheduled Sainsbury’s Shopping
2026-01-31 23:39:07,175 - DEBUG - iOS_PQPrototypeWaiter - Scheduled Sainsbury’s Shopping not active

2026-01-31 23:39:07,175 - DEBUG - ThreadUtils -                      --MainThread: RELEASED Schedules Lock
2026-01-31 23:39:07,176 - DEBUG - ThreadUtils -                      --MainThread: RELEASED Keys Lock
2026-01-31 23:39:07,176 - DEBUG - iOS_PQPrototypeWaiter - ++++++++++++++++++++++++++++++++++++++++++++++++++++++++++++++++++++++++++++++++++++++++++++++++++++++++++COMPUTER UNLOCKED++++++++++++++++++++++++++++++++++++++++++++++++++++++++++++++++++++++++++++++++++++++++++++++++++++++++++
2026-01-31 23:39:07,176 - DEBUG - iOS_PQPrototypeWaiter - waiting before checking again
2026-01-31 23:39:09,008 - DEBUG - iOS_PQPrototypeWaiter -                                                                                                                                                                                     ==CONNECTION POLL== ||| Scanning networks...
2026-01-31 23:39:09,096 - DEBUG - iOS_PQPrototypeWaiter -                                                                                                                                                                                     ==CONNECTION POLL== ||| Result: Not connected to QuestNetwork
2026-01-31 23:39:09,097 - DEBUG - iOS_PQPrototypeWaiter -                                                                                                                                                                                     ==CONNECTION POLL== ||| Attempting to shut down server
2026-01-31 23:39:09,098 - DEBUG - iOS_PQPrototypeWaiter -                                                                                                                                                                                     ==CONNECTION POLL== ||| No server to shut down
2026-01-31 23:39:10,059 - DEBUG - iOS_PQPrototypeWaiter -                                                                                                                                             ==SERVER THREAD== ||| Not connected to Quest Network, retrying host in 3 seconds
2026-01-31 23:39:12,177 - DEBUG - iOS_PQPrototypeWaiter - checking again
2026-01-31 23:39:12,177 - DEBUG - ThreadUtils -                      --MainThread: WAITING FOR Keys Lock
2026-01-31 23:39:12,178 - DEBUG - ThreadUtils -                      --MainThread: ACQUIRED Keys Lock
2026-01-31 23:39:12,178 - DEBUG - ThreadUtils -                      --MainThread: WAITING FOR Quest Lock
2026-01-31 23:39:12,178 - DEBUG - ThreadUtils -                      --MainThread: ACQUIRED Quest Lock
2026-01-31 23:39:12,179 - DEBUG - ThreadUtils -                      --MainThread: RELEASED Quest Lock
2026-01-31 23:39:12,179 - DEBUG - ThreadUtils -                      --MainThread: WAITING FOR Schedules Lock
2026-01-31 23:39:12,179 - DEBUG - ThreadUtils -                      --MainThread: ACQUIRED Schedules Lock
2026-01-31 23:39:12,179 - DEBUG - iOS_PQPrototypeWaiter - Inspecting Scheduled Gym
2026-01-31 23:39:12,179 - DEBUG - iOS_PQPrototypeWaiter - Scheduled Gym not active

2026-01-31 23:39:12,179 - DEBUG - iOS_PQPrototypeWaiter - Inspecting CampusQuest II
2026-01-31 23:39:12,179 - DEBUG - iOS_PQPrototypeWaiter - CampusQuest II not active

2026-01-31 23:39:12,179 - DEBUG - iOS_PQPrototypeWaiter - Inspecting CampusQuest I
2026-01-31 23:39:12,180 - DEBUG - iOS_PQPrototypeWaiter - CampusQuest I not active

2026-01-31 23:39:12,180 - DEBUG - iOS_PQPrototypeWaiter - Inspecting Bedtime Locker
2026-01-31 23:39:12,180 - DEBUG - iOS_PQPrototypeWaiter - Bedtime Locker not active

2026-01-31 23:39:12,180 - DEBUG - iOS_PQPrototypeWaiter - Inspecting Scheduled Sainsbury’s Shopping
2026-01-31 23:39:12,180 - DEBUG - iOS_PQPrototypeWaiter - Scheduled Sainsbury’s Shopping not active

2026-01-31 23:39:12,180 - DEBUG - ThreadUtils -                      --MainThread: RELEASED Schedules Lock
2026-01-31 23:39:12,180 - DEBUG - ThreadUtils -                      --MainThread: RELEASED Keys Lock
2026-01-31 23:39:12,180 - DEBUG - iOS_PQPrototypeWaiter - ++++++++++++++++++++++++++++++++++++++++++++++++++++++++++++++++++++++++++++++++++++++++++++++++++++++++++COMPUTER UNLOCKED++++++++++++++++++++++++++++++++++++++++++++++++++++++++++++++++++++++++++++++++++++++++++++++++++++++++++
2026-01-31 23:39:12,181 - DEBUG - iOS_PQPrototypeWaiter - waiting before checking again
2026-01-31 23:39:13,060 - DEBUG - iOS_PQPrototypeWaiter -                                                                                                                                             ==SERVER THREAD== ||| Not connected to Quest Network, retrying host in 3 seconds
2026-01-31 23:39:14,111 - DEBUG - iOS_PQPrototypeWaiter -                                                                                                                                                                                     ==CONNECTION POLL== ||| Scanning networks...
2026-01-31 23:39:14,457 - DEBUG - iOS_PQPrototypeWaiter -                                                                                                                                                                                     ==CONNECTION POLL== ||| Result: Not connected to QuestNetwork
2026-01-31 23:39:14,458 - DEBUG - iOS_PQPrototypeWaiter -                                                                                                                                                                                     ==CONNECTION POLL== ||| Attempting to shut down server
2026-01-31 23:39:14,459 - DEBUG - iOS_PQPrototypeWaiter -                                                                                                                                                                                     ==CONNECTION POLL== ||| No server to shut down
2026-01-31 23:39:16,061 - DEBUG - iOS_PQPrototypeWaiter -                                                                                                                                             ==SERVER THREAD== ||| Not connected to Quest Network, retrying host in 3 seconds
2026-01-31 23:39:17,181 - DEBUG - iOS_PQPrototypeWaiter - checking again
2026-01-31 23:39:17,181 - DEBUG - ThreadUtils -                      --MainThread: WAITING FOR Keys Lock
2026-01-31 23:39:17,182 - DEBUG - ThreadUtils -                      --MainThread: ACQUIRED Keys Lock
2026-01-31 23:39:17,183 - DEBUG - ThreadUtils -                      --MainThread: WAITING FOR Quest Lock
2026-01-31 23:39:17,184 - DEBUG - ThreadUtils -                      --MainThread: ACQUIRED Quest Lock
2026-01-31 23:39:17,184 - DEBUG - ThreadUtils -                      --MainThread: RELEASED Quest Lock
2026-01-31 23:39:17,184 - DEBUG - ThreadUtils -                      --MainThread: WAITING FOR Schedules Lock
2026-01-31 23:39:17,184 - DEBUG - ThreadUtils -                      --MainThread: ACQUIRED Schedules Lock
2026-01-31 23:39:17,185 - DEBUG - iOS_PQPrototypeWaiter - Inspecting Scheduled Gym
2026-01-31 23:39:17,185 - DEBUG - iOS_PQPrototypeWaiter - Scheduled Gym not active

2026-01-31 23:39:17,185 - DEBUG - iOS_PQPrototypeWaiter - Inspecting CampusQuest II
2026-01-31 23:39:17,185 - DEBUG - iOS_PQPrototypeWaiter - CampusQuest II not active

2026-01-31 23:39:17,185 - DEBUG - iOS_PQPrototypeWaiter - Inspecting CampusQuest I
2026-01-31 23:39:17,185 - DEBUG - iOS_PQPrototypeWaiter - CampusQuest I not active

2026-01-31 23:39:17,186 - DEBUG - iOS_PQPrototypeWaiter - Inspecting Bedtime Locker
2026-01-31 23:39:17,186 - DEBUG - iOS_PQPrototypeWaiter - Bedtime Locker not active

2026-01-31 23:39:17,186 - DEBUG - iOS_PQPrototypeWaiter - Inspecting Scheduled Sainsbury’s Shopping
2026-01-31 23:39:17,186 - DEBUG - iOS_PQPrototypeWaiter - Scheduled Sainsbury’s Shopping not active

2026-01-31 23:39:17,186 - DEBUG - ThreadUtils -                      --MainThread: RELEASED Schedules Lock
2026-01-31 23:39:17,187 - DEBUG - ThreadUtils -                      --MainThread: RELEASED Keys Lock
2026-01-31 23:39:17,187 - DEBUG - iOS_PQPrototypeWaiter - ++++++++++++++++++++++++++++++++++++++++++++++++++++++++++++++++++++++++++++++++++++++++++++++++++++++++++COMPUTER UNLOCKED++++++++++++++++++++++++++++++++++++++++++++++++++++++++++++++++++++++++++++++++++++++++++++++++++++++++++
2026-01-31 23:39:17,187 - DEBUG - iOS_PQPrototypeWaiter - waiting before checking again
2026-01-31 23:39:19,061 - DEBUG - iOS_PQPrototypeWaiter -                                                                                                                                             ==SERVER THREAD== ||| Not connected to Quest Network, retrying host in 3 seconds
2026-01-31 23:39:19,459 - DEBUG - iOS_PQPrototypeWaiter -                                                                                                                                                                                     ==CONNECTION POLL== ||| Scanning networks...
2026-01-31 23:39:19,547 - DEBUG - iOS_PQPrototypeWaiter -                                                                                                                                                                                     ==CONNECTION POLL== ||| Result: Not connected to QuestNetwork
2026-01-31 23:39:19,547 - DEBUG - iOS_PQPrototypeWaiter -                                                                                                                                                                                     ==CONNECTION POLL== ||| Attempting to shut down server
2026-01-31 23:39:19,548 - DEBUG - iOS_PQPrototypeWaiter -                                                                                                                                                                                     ==CONNECTION POLL== ||| No server to shut down
2026-01-31 23:39:22,062 - DEBUG - iOS_PQPrototypeWaiter -                                                                                                                                             ==SERVER THREAD== ||| Not connected to Quest Network, retrying host in 3 seconds
2026-01-31 23:39:22,187 - DEBUG - iOS_PQPrototypeWaiter - checking again
2026-01-31 23:39:22,188 - DEBUG - ThreadUtils -                      --MainThread: WAITING FOR Keys Lock
2026-01-31 23:39:22,189 - DEBUG - ThreadUtils -                      --MainThread: ACQUIRED Keys Lock
2026-01-31 23:39:22,189 - DEBUG - ThreadUtils -                      --MainThread: WAITING FOR Quest Lock
2026-01-31 23:39:22,189 - DEBUG - ThreadUtils -                      --MainThread: ACQUIRED Quest Lock
2026-01-31 23:39:22,189 - DEBUG - ThreadUtils -                      --MainThread: RELEASED Quest Lock
2026-01-31 23:39:22,189 - DEBUG - ThreadUtils -                      --MainThread: WAITING FOR Schedules Lock
2026-01-31 23:39:22,189 - DEBUG - ThreadUtils -                      --MainThread: ACQUIRED Schedules Lock
2026-01-31 23:39:22,190 - DEBUG - iOS_PQPrototypeWaiter - Inspecting Scheduled Gym
2026-01-31 23:39:22,190 - DEBUG - iOS_PQPrototypeWaiter - Scheduled Gym not active

2026-01-31 23:39:22,190 - DEBUG - iOS_PQPrototypeWaiter - Inspecting CampusQuest II
2026-01-31 23:39:22,190 - DEBUG - iOS_PQPrototypeWaiter - CampusQuest II not active

2026-01-31 23:39:22,190 - DEBUG - iOS_PQPrototypeWaiter - Inspecting CampusQuest I
2026-01-31 23:39:22,191 - DEBUG - iOS_PQPrototypeWaiter - CampusQuest I not active

2026-01-31 23:39:22,191 - DEBUG - iOS_PQPrototypeWaiter - Inspecting Bedtime Locker
2026-01-31 23:39:22,191 - DEBUG - iOS_PQPrototypeWaiter - Bedtime Locker not active

2026-01-31 23:39:22,191 - DEBUG - iOS_PQPrototypeWaiter - Inspecting Scheduled Sainsbury’s Shopping
2026-01-31 23:39:22,191 - DEBUG - iOS_PQPrototypeWaiter - Scheduled Sainsbury’s Shopping not active

2026-01-31 23:39:22,192 - DEBUG - ThreadUtils -                      --MainThread: RELEASED Schedules Lock
2026-01-31 23:39:22,192 - DEBUG - ThreadUtils -                      --MainThread: RELEASED Keys Lock
2026-01-31 23:39:22,192 - DEBUG - iOS_PQPrototypeWaiter - ++++++++++++++++++++++++++++++++++++++++++++++++++++++++++++++++++++++++++++++++++++++++++++++++++++++++++COMPUTER UNLOCKED++++++++++++++++++++++++++++++++++++++++++++++++++++++++++++++++++++++++++++++++++++++++++++++++++++++++++
2026-01-31 23:39:22,192 - DEBUG - iOS_PQPrototypeWaiter - waiting before checking again
2026-01-31 23:39:24,549 - DEBUG - iOS_PQPrototypeWaiter -                                                                                                                                                                                     ==CONNECTION POLL== ||| Scanning networks...
2026-01-31 23:39:24,631 - DEBUG - iOS_PQPrototypeWaiter -                                                                                                                                                                                     ==CONNECTION POLL== ||| Result: Not connected to QuestNetwork
2026-01-31 23:39:24,632 - DEBUG - iOS_PQPrototypeWaiter -                                                                                                                                                                                     ==CONNECTION POLL== ||| Attempting to shut down server
2026-01-31 23:39:24,633 - DEBUG - iOS_PQPrototypeWaiter -                                                                                                                                                                                     ==CONNECTION POLL== ||| No server to shut down
2026-01-31 23:39:25,063 - DEBUG - iOS_PQPrototypeWaiter -                                                                                                                                             ==SERVER THREAD== ||| Not connected to Quest Network, retrying host in 3 seconds
2026-01-31 23:39:27,198 - DEBUG - iOS_PQPrototypeWaiter - checking again
2026-01-31 23:39:27,200 - DEBUG - ThreadUtils -                      --MainThread: WAITING FOR Keys Lock
2026-01-31 23:39:27,202 - DEBUG - ThreadUtils -                      --MainThread: ACQUIRED Keys Lock
2026-01-31 23:39:27,203 - DEBUG - ThreadUtils -                      --MainThread: WAITING FOR Quest Lock
2026-01-31 23:39:27,204 - DEBUG - ThreadUtils -                      --MainThread: ACQUIRED Quest Lock
2026-01-31 23:39:27,206 - DEBUG - ThreadUtils -                      --MainThread: RELEASED Quest Lock
2026-01-31 23:39:27,207 - DEBUG - ThreadUtils -                      --MainThread: WAITING FOR Schedules Lock
2026-01-31 23:39:27,209 - DEBUG - ThreadUtils -                      --MainThread: ACQUIRED Schedules Lock
2026-01-31 23:39:27,210 - DEBUG - iOS_PQPrototypeWaiter - Inspecting Scheduled Gym
2026-01-31 23:39:27,212 - DEBUG - iOS_PQPrototypeWaiter - Scheduled Gym not active

2026-01-31 23:39:27,213 - DEBUG - iOS_PQPrototypeWaiter - Inspecting CampusQuest II
2026-01-31 23:39:27,214 - DEBUG - iOS_PQPrototypeWaiter - CampusQuest II not active

2026-01-31 23:39:27,214 - DEBUG - iOS_PQPrototypeWaiter - Inspecting CampusQuest I
2026-01-31 23:39:27,215 - DEBUG - iOS_PQPrototypeWaiter - CampusQuest I not active

2026-01-31 23:39:27,216 - DEBUG - iOS_PQPrototypeWaiter - Inspecting Bedtime Locker
2026-01-31 23:39:27,216 - DEBUG - iOS_PQPrototypeWaiter - Bedtime Locker not active

2026-01-31 23:39:27,217 - DEBUG - iOS_PQPrototypeWaiter - Inspecting Scheduled Sainsbury’s Shopping
2026-01-31 23:39:27,217 - DEBUG - iOS_PQPrototypeWaiter - Scheduled Sainsbury’s Shopping not active

2026-01-31 23:39:27,217 - DEBUG - ThreadUtils -                      --MainThread: RELEASED Schedules Lock
2026-01-31 23:39:27,217 - DEBUG - ThreadUtils -                      --MainThread: RELEASED Keys Lock
2026-01-31 23:39:27,218 - DEBUG - iOS_PQPrototypeWaiter - ++++++++++++++++++++++++++++++++++++++++++++++++++++++++++++++++++++++++++++++++++++++++++++++++++++++++++COMPUTER UNLOCKED++++++++++++++++++++++++++++++++++++++++++++++++++++++++++++++++++++++++++++++++++++++++++++++++++++++++++
2026-01-31 23:39:27,218 - DEBUG - iOS_PQPrototypeWaiter - waiting before checking again
2026-01-31 23:39:28,065 - DEBUG - iOS_PQPrototypeWaiter -                                                                                                                                             ==SERVER THREAD== ||| Not connected to Quest Network, retrying host in 3 seconds
2026-01-31 23:39:29,633 - DEBUG - iOS_PQPrototypeWaiter -                                                                                                                                                                                     ==CONNECTION POLL== ||| Scanning networks...
2026-01-31 23:39:29,749 - DEBUG - iOS_PQPrototypeWaiter -                                                                                                                                                                                     ==CONNECTION POLL== ||| Result: Not connected to QuestNetwork
2026-01-31 23:39:29,750 - DEBUG - iOS_PQPrototypeWaiter -                                                                                                                                                                                     ==CONNECTION POLL== ||| Attempting to shut down server
2026-01-31 23:39:29,751 - DEBUG - iOS_PQPrototypeWaiter -                                                                                                                                                                                     ==CONNECTION POLL== ||| No server to shut down
2026-01-31 23:39:31,085 - DEBUG - iOS_PQPrototypeWaiter -                                                                                                                                             ==SERVER THREAD== ||| Not connected to Quest Network, retrying host in 3 seconds
2026-01-31 23:39:32,219 - DEBUG - iOS_PQPrototypeWaiter - checking again
2026-01-31 23:39:32,219 - DEBUG - ThreadUtils -                      --MainThread: WAITING FOR Keys Lock
2026-01-31 23:39:32,220 - DEBUG - ThreadUtils -                      --MainThread: ACQUIRED Keys Lock
2026-01-31 23:39:32,220 - DEBUG - ThreadUtils -                      --MainThread: WAITING FOR Quest Lock
2026-01-31 23:39:32,220 - DEBUG - ThreadUtils -                      --MainThread: ACQUIRED Quest Lock
2026-01-31 23:39:32,220 - DEBUG - ThreadUtils -                      --MainThread: RELEASED Quest Lock
2026-01-31 23:39:32,220 - DEBUG - ThreadUtils -                      --MainThread: WAITING FOR Schedules Lock
2026-01-31 23:39:32,221 - DEBUG - ThreadUtils -                      --MainThread: ACQUIRED Schedules Lock
2026-01-31 23:39:32,221 - DEBUG - iOS_PQPrototypeWaiter - Inspecting Scheduled Gym
2026-01-31 23:39:32,221 - DEBUG - iOS_PQPrototypeWaiter - Scheduled Gym not active

2026-01-31 23:39:32,221 - DEBUG - iOS_PQPrototypeWaiter - Inspecting CampusQuest II
2026-01-31 23:39:32,221 - DEBUG - iOS_PQPrototypeWaiter - CampusQuest II not active

2026-01-31 23:39:32,221 - DEBUG - iOS_PQPrototypeWaiter - Inspecting CampusQuest I
2026-01-31 23:39:32,222 - DEBUG - iOS_PQPrototypeWaiter - CampusQuest I not active

2026-01-31 23:39:32,222 - DEBUG - iOS_PQPrototypeWaiter - Inspecting Bedtime Locker
2026-01-31 23:39:32,222 - DEBUG - iOS_PQPrototypeWaiter - Bedtime Locker not active

2026-01-31 23:39:32,222 - DEBUG - iOS_PQPrototypeWaiter - Inspecting Scheduled Sainsbury’s Shopping
2026-01-31 23:39:32,222 - DEBUG - iOS_PQPrototypeWaiter - Scheduled Sainsbury’s Shopping not active

2026-01-31 23:39:32,223 - DEBUG - ThreadUtils -                      --MainThread: RELEASED Schedules Lock
2026-01-31 23:39:32,223 - DEBUG - ThreadUtils -                      --MainThread: RELEASED Keys Lock
2026-01-31 23:39:32,223 - DEBUG - iOS_PQPrototypeWaiter - ++++++++++++++++++++++++++++++++++++++++++++++++++++++++++++++++++++++++++++++++++++++++++++++++++++++++++COMPUTER UNLOCKED++++++++++++++++++++++++++++++++++++++++++++++++++++++++++++++++++++++++++++++++++++++++++++++++++++++++++
2026-01-31 23:39:32,223 - DEBUG - iOS_PQPrototypeWaiter - waiting before checking again
2026-01-31 23:39:34,092 - DEBUG - iOS_PQPrototypeWaiter -                                                                                                                                             ==SERVER THREAD== ||| Not connected to Quest Network, retrying host in 3 seconds
2026-01-31 23:39:34,751 - DEBUG - iOS_PQPrototypeWaiter -                                                                                                                                                                                     ==CONNECTION POLL== ||| Scanning networks...
2026-01-31 23:39:34,873 - DEBUG - iOS_PQPrototypeWaiter -                                                                                                                                                                                     ==CONNECTION POLL== ||| Result: Not connected to QuestNetwork
2026-01-31 23:39:34,873 - DEBUG - iOS_PQPrototypeWaiter -                                                                                                                                                                                     ==CONNECTION POLL== ||| Attempting to shut down server
2026-01-31 23:39:34,874 - DEBUG - iOS_PQPrototypeWaiter -                                                                                                                                                                                     ==CONNECTION POLL== ||| No server to shut down
2026-01-31 23:39:37,093 - DEBUG - iOS_PQPrototypeWaiter -                                                                                                                                             ==SERVER THREAD== ||| Not connected to Quest Network, retrying host in 3 seconds
2026-01-31 23:39:37,224 - DEBUG - iOS_PQPrototypeWaiter - checking again
2026-01-31 23:39:37,224 - DEBUG - ThreadUtils -                      --MainThread: WAITING FOR Keys Lock
2026-01-31 23:39:37,225 - DEBUG - ThreadUtils -                      --MainThread: ACQUIRED Keys Lock
2026-01-31 23:39:37,225 - DEBUG - ThreadUtils -                      --MainThread: WAITING FOR Quest Lock
2026-01-31 23:39:37,225 - DEBUG - ThreadUtils -                      --MainThread: ACQUIRED Quest Lock
2026-01-31 23:39:37,226 - DEBUG - ThreadUtils -                      --MainThread: RELEASED Quest Lock
2026-01-31 23:39:37,226 - DEBUG - ThreadUtils -                      --MainThread: WAITING FOR Schedules Lock
2026-01-31 23:39:37,226 - DEBUG - ThreadUtils -                      --MainThread: ACQUIRED Schedules Lock
2026-01-31 23:39:37,226 - DEBUG - iOS_PQPrototypeWaiter - Inspecting Scheduled Gym
2026-01-31 23:39:37,226 - DEBUG - iOS_PQPrototypeWaiter - Scheduled Gym not active

2026-01-31 23:39:37,226 - DEBUG - iOS_PQPrototypeWaiter - Inspecting CampusQuest II
2026-01-31 23:39:37,227 - DEBUG - iOS_PQPrototypeWaiter - CampusQuest II not active

2026-01-31 23:39:37,227 - DEBUG - iOS_PQPrototypeWaiter - Inspecting CampusQuest I
2026-01-31 23:39:37,227 - DEBUG - iOS_PQPrototypeWaiter - CampusQuest I not active

2026-01-31 23:39:37,227 - DEBUG - iOS_PQPrototypeWaiter - Inspecting Bedtime Locker
2026-01-31 23:39:37,227 - DEBUG - iOS_PQPrototypeWaiter - Bedtime Locker not active

2026-01-31 23:39:37,227 - DEBUG - iOS_PQPrototypeWaiter - Inspecting Scheduled Sainsbury’s Shopping
2026-01-31 23:39:37,228 - DEBUG - iOS_PQPrototypeWaiter - Scheduled Sainsbury’s Shopping not active

2026-01-31 23:39:37,228 - DEBUG - ThreadUtils -                      --MainThread: RELEASED Schedules Lock
2026-01-31 23:39:37,228 - DEBUG - ThreadUtils -                      --MainThread: RELEASED Keys Lock
2026-01-31 23:39:37,228 - DEBUG - iOS_PQPrototypeWaiter - ++++++++++++++++++++++++++++++++++++++++++++++++++++++++++++++++++++++++++++++++++++++++++++++++++++++++++COMPUTER UNLOCKED++++++++++++++++++++++++++++++++++++++++++++++++++++++++++++++++++++++++++++++++++++++++++++++++++++++++++
2026-01-31 23:39:37,228 - DEBUG - iOS_PQPrototypeWaiter - waiting before checking again
2026-01-31 23:39:39,875 - DEBUG - iOS_PQPrototypeWaiter -                                                                                                                                                                                     ==CONNECTION POLL== ||| Scanning networks...
2026-01-31 23:39:39,992 - DEBUG - iOS_PQPrototypeWaiter -                                                                                                                                                                                     ==CONNECTION POLL== ||| Result: Not connected to QuestNetwork
2026-01-31 23:39:39,993 - DEBUG - iOS_PQPrototypeWaiter -                                                                                                                                                                                     ==CONNECTION POLL== ||| Attempting to shut down server
2026-01-31 23:39:40,002 - DEBUG - iOS_PQPrototypeWaiter -                                                                                                                                                                                     ==CONNECTION POLL== ||| No server to shut down
2026-01-31 23:39:40,093 - DEBUG - iOS_PQPrototypeWaiter -                                                                                                                                             ==SERVER THREAD== ||| Not connected to Quest Network, retrying host in 3 seconds
2026-01-31 23:39:42,229 - DEBUG - iOS_PQPrototypeWaiter - checking again
2026-01-31 23:39:43,109 - DEBUG - iOS_PQPrototypeWaiter -                                                                                                                                             ==SERVER THREAD== ||| Not connected to Quest Network, retrying host in 3 seconds
2026-01-31 23:39:45,003 - DEBUG - iOS_PQPrototypeWaiter -                                                                                                                                                                                     ==CONNECTION POLL== ||| Scanning networks...
