2026-01-26 15:30:42,429 - DEBUG - iOS_PQPrototypeWaiter - Locking during init
2026-01-26 15:30:42,429 - DEBUG - iOS_PQPrototypeWaiter - ==========================================================================================================COMPUTER LOCKED==========================================================================================================
2026-01-26 15:30:42,430 - DEBUG - iOS_PQPrototypeWaiter - Creating deadmans switch
2026-01-26 15:30:42,478 - DEBUG - iOS_PQPrototypeWaiter - Holding deadmans switch
2026-01-26 15:30:42,480 - DEBUG - iOS_PQPrototypeWaiter - loading schedules
2026-01-26 15:30:42,487 - DEBUG - iOS_PQPrototypeWaiter - loading schedules
2026-01-26 15:30:42,533 - DEBUG - iOS_PQPrototypeWaiter - ============= RAW FILE DATA =============
2026-01-26 15:30:42,538 - DEBUG - iOS_PQPrototypeWaiter - '{\n"isActive" : "True",\n"questInProgress" : "False",\n"schedule_everyXDays" : "True",\n"scheduleName" : "Scheduled Gym",\n"questUUID" : "7BFCA3E3-2FAD-4129-8E00-DC37475E9918",\n"schedule_XDayDelay" : "2",\n"startTime" : "27/1/2026, 14:30:0",\n"scheduledStartTime" : "27/1/2026, 14:30:0",\n"scheduledEndTime" : "27/1/2026, 17:0:5",\n"schedule_lastCompletionTime" : "25/1/2026, 16:47:36",\n"schedule_scheduledDays" : "1111111"\n}\n\n{\n"isActive" : "False",\n"questInProgress" : "False",\n"schedule_everyXDays" : "False",\n"scheduleName" : "CampusQuest II",\n"questUUID" : "FFAAD0E4-619C-4696-AA7D-4860FE0F40E9",\n"schedule_XDayDelay" : "1",\n"startTime" : "25/1/2026, 15:0:0",\n"scheduledStartTime" : "25/1/2026, 15:0:0",\n"scheduledEndTime" : "25/1/2026, 19:0:5",\n"schedule_lastCompletionTime" : "nil",\n"schedule_scheduledDays" : "1111100"\n}\n\n{\n"isActive" : "False",\n"questInProgress" : "False",\n"schedule_everyXDays" : "False",\n"scheduleName" : "CampusQuest I",\n"questUUID" : "FFAAD0E4-619C-4696-AA7D-4860FE0F40E9",\n"schedule_XDayDelay" : "1",\n"startTime" : "25/1/2026, 9:0:0",\n"scheduledStartTime" : "25/1/2026, 9:0:0",\n"scheduledEndTime" : "25/1/2026, 13:0:5",\n"schedule_lastCompletionTime" : "nil",\n"schedule_scheduledDays" : "1111100"\n}\n\n{\n"isActive" : "True",\n"questInProgress" : "True",\n"schedule_everyXDays" : "True",\n"scheduleName" : "Bedtime Locker",\n"questUUID" : "D55BEBE0-B40D-465F-BB45-F1BF1753551D",\n"schedule_XDayDelay" : "1",\n"startTime" : "25/1/2026, 23:0:0",\n"scheduledStartTime" : "25/1/2026, 23:0:0",\n"scheduledEndTime" : "26/1/2026, 6:0:5",\n"schedule_lastCompletionTime" : "nil",\n"schedule_scheduledDays" : "1111111"\n}'
2026-01-26 15:30:42,539 - DEBUG - iOS_PQPrototypeWaiter - =========================================

2026-01-26 15:30:42,542 - DEBUG - iOS_PQPrototypeWaiter - ============= LOADED =============
2026-01-26 15:30:42,574 - DEBUG - iOS_PQPrototypeWaiter - {
"isActive" : "True",
"questInProgress" : "False",
"schedule_everyXDays" : "True",
"scheduleName" : "Scheduled Gym",
"questUUID" : "7BFCA3E3-2FAD-4129-8E00-DC37475E9918",
"schedule_XDayDelay" : "2",
"startTime" : "27/1/2026, 14:30:0",
"scheduledStartTime" : "27/1/2026, 14:30:0",
"scheduledEndTime" : "27/1/2026, 17:0:5",
"schedule_lastCompletionTime" : "25/1/2026, 16:47:36",
"schedule_scheduledDays" : "1111111"
}
2026-01-26 15:30:42,575 - DEBUG - iOS_PQPrototypeWaiter -                 AS                
2026-01-26 15:30:42,576 - DEBUG - iOS_PQPrototypeWaiter - {
"isActive" : "True",
"questInProgress" : "False",
"schedule_everyXDays" : "True",
"scheduleName" : "Scheduled Gym",
"questUUID" : "7BFCA3E3-2FAD-4129-8E00-DC37475E9918",
"schedule_XDayDelay" : "2",
"startTime" : "27/1/2026, 14:30:0",
"scheduledStartTime" : "27/1/2026, 14:30:0",
"scheduledEndTime" : "27/1/2026, 17:0:5",
"schedule_lastCompletionTime" : "25/1/2026, 16:47:36",
"schedule_scheduledDays" : "1111111"
}
2026-01-26 15:30:42,577 - DEBUG - iOS_PQPrototypeWaiter - ==================================

2026-01-26 15:30:42,579 - DEBUG - iOS_PQPrototypeWaiter - ============= LOADED =============
2026-01-26 15:30:42,580 - DEBUG - iOS_PQPrototypeWaiter - {
"isActive" : "False",
"questInProgress" : "False",
"schedule_everyXDays" : "False",
"scheduleName" : "CampusQuest II",
"questUUID" : "FFAAD0E4-619C-4696-AA7D-4860FE0F40E9",
"schedule_XDayDelay" : "1",
"startTime" : "25/1/2026, 15:0:0",
"scheduledStartTime" : "25/1/2026, 15:0:0",
"scheduledEndTime" : "25/1/2026, 19:0:5",
"schedule_lastCompletionTime" : "nil",
"schedule_scheduledDays" : "1111100"
}
2026-01-26 15:30:42,580 - DEBUG - iOS_PQPrototypeWaiter -                 AS                
2026-01-26 15:30:42,581 - DEBUG - iOS_PQPrototypeWaiter - {
"isActive" : "False",
"questInProgress" : "False",
"schedule_everyXDays" : "False",
"scheduleName" : "CampusQuest II",
"questUUID" : "FFAAD0E4-619C-4696-AA7D-4860FE0F40E9",
"schedule_XDayDelay" : "1",
"startTime" : "25/1/2026, 15:0:0",
"scheduledStartTime" : "25/1/2026, 15:0:0",
"scheduledEndTime" : "25/1/2026, 19:0:5",
"schedule_lastCompletionTime" : "nil",
"schedule_scheduledDays" : "1111100"
}
2026-01-26 15:30:42,582 - DEBUG - iOS_PQPrototypeWaiter - ==================================

2026-01-26 15:30:42,582 - DEBUG - iOS_PQPrototypeWaiter - ============= LOADED =============
2026-01-26 15:30:42,583 - DEBUG - iOS_PQPrototypeWaiter - {
"isActive" : "False",
"questInProgress" : "False",
"schedule_everyXDays" : "False",
"scheduleName" : "CampusQuest I",
"questUUID" : "FFAAD0E4-619C-4696-AA7D-4860FE0F40E9",
"schedule_XDayDelay" : "1",
"startTime" : "25/1/2026, 9:0:0",
"scheduledStartTime" : "25/1/2026, 9:0:0",
"scheduledEndTime" : "25/1/2026, 13:0:5",
"schedule_lastCompletionTime" : "nil",
"schedule_scheduledDays" : "1111100"
}
2026-01-26 15:30:42,584 - DEBUG - iOS_PQPrototypeWaiter -                 AS                
2026-01-26 15:30:42,584 - DEBUG - iOS_PQPrototypeWaiter - {
"isActive" : "False",
"questInProgress" : "False",
"schedule_everyXDays" : "False",
"scheduleName" : "CampusQuest I",
"questUUID" : "FFAAD0E4-619C-4696-AA7D-4860FE0F40E9",
"schedule_XDayDelay" : "1",
"startTime" : "25/1/2026, 9:0:0",
"scheduledStartTime" : "25/1/2026, 9:0:0",
"scheduledEndTime" : "25/1/2026, 13:0:5",
"schedule_lastCompletionTime" : "nil",
"schedule_scheduledDays" : "1111100"
}
2026-01-26 15:30:42,585 - DEBUG - iOS_PQPrototypeWaiter - ==================================

2026-01-26 15:30:42,586 - DEBUG - iOS_PQPrototypeWaiter - ============= LOADED =============
2026-01-26 15:30:42,587 - DEBUG - iOS_PQPrototypeWaiter - {
"isActive" : "True",
"questInProgress" : "True",
"schedule_everyXDays" : "True",
"scheduleName" : "Bedtime Locker",
"questUUID" : "D55BEBE0-B40D-465F-BB45-F1BF1753551D",
"schedule_XDayDelay" : "1",
"startTime" : "25/1/2026, 23:0:0",
"scheduledStartTime" : "25/1/2026, 23:0:0",
"scheduledEndTime" : "26/1/2026, 6:0:5",
"schedule_lastCompletionTime" : "nil",
"schedule_scheduledDays" : "1111111"
}
2026-01-26 15:30:42,588 - DEBUG - iOS_PQPrototypeWaiter -                 AS                
2026-01-26 15:30:42,589 - DEBUG - iOS_PQPrototypeWaiter - {
"isActive" : "True",
"questInProgress" : "True",
"schedule_everyXDays" : "True",
"scheduleName" : "Bedtime Locker",
"questUUID" : "D55BEBE0-B40D-465F-BB45-F1BF1753551D",
"schedule_XDayDelay" : "1",
"startTime" : "25/1/2026, 23:0:0",
"scheduledStartTime" : "25/1/2026, 23:0:0",
"scheduledEndTime" : "26/1/2026, 6:0:5",
"schedule_lastCompletionTime" : "nil",
"schedule_scheduledDays" : "1111111"
}
2026-01-26 15:30:42,589 - DEBUG - iOS_PQPrototypeWaiter - ==================================

2026-01-26 15:30:42,590 - DEBUG - iOS_PQPrototypeWaiter - creating server thread
2026-01-26 15:30:42,591 - DEBUG - iOS_PQPrototypeWaiter -                                                                                                                                             ==SERVER THREAD== ||| Not connected to Quest Network, retrying host in 3 seconds
2026-01-26 15:30:42,591 - DEBUG - iOS_PQPrototypeWaiter - creating phone connection poller
2026-01-26 15:30:42,593 - DEBUG - iOS_PQPrototypeWaiter -                                                                                                                                                                                     ==CONNECTION POLL== ||| Scanning networks...
2026-01-26 15:30:42,593 - DEBUG - iOS_PQPrototypeWaiter - Init finished... Unlocking and starting now
2026-01-26 15:30:42,595 - DEBUG - iOS_PQPrototypeWaiter - checking again
2026-01-26 15:30:42,596 - DEBUG - ThreadUtils -                      --MainThread: WAITING FOR Keys Lock
2026-01-26 15:30:42,616 - DEBUG - ThreadUtils -                      --MainThread: ACQUIRED Keys Lock
2026-01-26 15:30:42,624 - DEBUG - ThreadUtils -                      --MainThread: WAITING FOR Schedules Lock
2026-01-26 15:30:42,625 - DEBUG - ThreadUtils -                      --MainThread: ACQUIRED Schedules Lock
2026-01-26 15:30:42,626 - DEBUG - iOS_PQPrototypeWaiter - Inspecting Scheduled Gym
2026-01-26 15:30:42,626 - DEBUG - iOS_PQPrototypeWaiter - Checking if Scheduled Gym should have started (2026-01-27 14:30:00 - 2026-01-27 17:00:05)
2026-01-26 15:30:42,626 - DEBUG - iOS_PQPrototypeWaiter - Not time.

2026-01-26 15:30:42,626 - DEBUG - iOS_PQPrototypeWaiter - Inspecting CampusQuest II
2026-01-26 15:30:42,627 - DEBUG - iOS_PQPrototypeWaiter - CampusQuest II not active

2026-01-26 15:30:42,627 - DEBUG - iOS_PQPrototypeWaiter - Inspecting CampusQuest I
2026-01-26 15:30:42,628 - DEBUG - iOS_PQPrototypeWaiter - CampusQuest I not active

2026-01-26 15:30:42,628 - DEBUG - iOS_PQPrototypeWaiter - Inspecting Bedtime Locker
2026-01-26 15:30:42,629 - DEBUG - iOS_PQPrototypeWaiter - No keys received

2026-01-26 15:30:42,629 - DEBUG - ThreadUtils -                      --MainThread: RELEASED Schedules Lock
2026-01-26 15:30:42,630 - DEBUG - ThreadUtils -                      --MainThread: WAITING FOR Quest Lock
2026-01-26 15:30:42,630 - DEBUG - ThreadUtils -                      --MainThread: ACQUIRED Quest Lock
2026-01-26 15:30:42,630 - DEBUG - ThreadUtils -                      --MainThread: RELEASED Quest Lock
2026-01-26 15:30:42,631 - DEBUG - ThreadUtils -                      --MainThread: RELEASED Keys Lock
2026-01-26 15:30:42,631 - DEBUG - iOS_PQPrototypeWaiter - ===========================================================================================================COMPUTER LOCKED===========================================================================================================
2026-01-26 15:30:42,633 - DEBUG - iOS_PQPrototypeWaiter - Failed to bring window to front
2026-01-26 15:30:42,633 - DEBUG - iOS_PQPrototypeWaiter - waiting before checking again
2026-01-26 15:30:43,407 - DEBUG - iOS_PQPrototypeWaiter -                                                                                                                                                                                     ==CONNECTION POLL== ||| Result: Not connected to QuestNetwork
2026-01-26 15:30:43,438 - DEBUG - iOS_PQPrototypeWaiter -                                                                                                                                                                                     ==CONNECTION POLL== ||| Attempting to shut down server
2026-01-26 15:30:43,438 - DEBUG - iOS_PQPrototypeWaiter -                                                                                                                                                                                     ==CONNECTION POLL== ||| No server to shut down
2026-01-26 15:30:45,592 - DEBUG - iOS_PQPrototypeWaiter -                                                                                                                                             ==SERVER THREAD== ||| Not connected to Quest Network, retrying host in 3 seconds
2026-01-26 15:30:47,634 - DEBUG - iOS_PQPrototypeWaiter - checking again
2026-01-26 15:30:47,644 - DEBUG - ThreadUtils -                      --MainThread: WAITING FOR Keys Lock
2026-01-26 15:30:47,659 - DEBUG - ThreadUtils -                      --MainThread: ACQUIRED Keys Lock
2026-01-26 15:30:47,660 - DEBUG - ThreadUtils -                      --MainThread: WAITING FOR Schedules Lock
2026-01-26 15:30:47,660 - DEBUG - ThreadUtils -                      --MainThread: ACQUIRED Schedules Lock
2026-01-26 15:30:47,661 - DEBUG - iOS_PQPrototypeWaiter - Inspecting Scheduled Gym
2026-01-26 15:30:47,661 - DEBUG - iOS_PQPrototypeWaiter - Checking if Scheduled Gym should have started (2026-01-27 14:30:00 - 2026-01-27 17:00:05)
2026-01-26 15:30:47,662 - DEBUG - iOS_PQPrototypeWaiter - Not time.

2026-01-26 15:30:47,662 - DEBUG - iOS_PQPrototypeWaiter - Inspecting CampusQuest II
2026-01-26 15:30:47,662 - DEBUG - iOS_PQPrototypeWaiter - CampusQuest II not active

2026-01-26 15:30:47,662 - DEBUG - iOS_PQPrototypeWaiter - Inspecting CampusQuest I
2026-01-26 15:30:47,662 - DEBUG - iOS_PQPrototypeWaiter - CampusQuest I not active

2026-01-26 15:30:47,676 - DEBUG - iOS_PQPrototypeWaiter - Inspecting Bedtime Locker
2026-01-26 15:30:47,676 - DEBUG - iOS_PQPrototypeWaiter - No keys received

2026-01-26 15:30:47,676 - DEBUG - ThreadUtils -                      --MainThread: RELEASED Schedules Lock
2026-01-26 15:30:47,694 - DEBUG - ThreadUtils -                      --MainThread: WAITING FOR Quest Lock
2026-01-26 15:30:47,695 - DEBUG - ThreadUtils -                      --MainThread: ACQUIRED Quest Lock
2026-01-26 15:30:47,695 - DEBUG - ThreadUtils -                      --MainThread: RELEASED Quest Lock
2026-01-26 15:30:47,695 - DEBUG - ThreadUtils -                      --MainThread: RELEASED Keys Lock
2026-01-26 15:30:47,696 - DEBUG - iOS_PQPrototypeWaiter - ===========================================================================================================COMPUTER LOCKED===========================================================================================================
2026-01-26 15:30:47,697 - DEBUG - iOS_PQPrototypeWaiter - waiting before checking again
2026-01-26 15:30:47,886 - DEBUG - iOS_PQPrototypeWaiter -                                                                                               ==CONNECTION PROGRESS== ||| Visible Networks: 
2026-01-26 15:30:47,886 - DEBUG - iOS_PQPrototypeWaiter -                                                                                               ==CONNECTION PROGRESS== ||| Found: Optify
2026-01-26 15:30:47,886 - DEBUG - iOS_PQPrototypeWaiter -                                                                                               ==CONNECTION PROGRESS== ||| Found: Tapo_Cam_6401
2026-01-26 15:30:47,886 - DEBUG - iOS_PQPrototypeWaiter -                                                                                               ==CONNECTION PROGRESS== ||| Checking for WillPhone...
2026-01-26 15:30:47,905 - DEBUG - iOS_PQPrototypeWaiter -                                                                                               ==CONNECTION PROGRESS== ||| Quest Network not found...
2026-01-26 15:30:48,453 - DEBUG - iOS_PQPrototypeWaiter -                                                                                                                                                                                     ==CONNECTION POLL== ||| Scanning networks...
2026-01-26 15:30:48,593 - DEBUG - iOS_PQPrototypeWaiter -                                                                                                                                             ==SERVER THREAD== ||| Not connected to Quest Network, retrying host in 3 seconds
2026-01-26 15:30:48,613 - DEBUG - iOS_PQPrototypeWaiter -                                                                                                                                                                                     ==CONNECTION POLL== ||| Result: Not connected to QuestNetwork
2026-01-26 15:30:48,625 - DEBUG - iOS_PQPrototypeWaiter -                                                                                                                                                                                     ==CONNECTION POLL== ||| Attempting to shut down server
2026-01-26 15:30:48,639 - DEBUG - iOS_PQPrototypeWaiter -                                                                                                                                                                                     ==CONNECTION POLL== ||| No server to shut down
2026-01-26 15:30:51,625 - DEBUG - iOS_PQPrototypeWaiter -                                                                                                                                             ==SERVER THREAD== ||| Not connected to Quest Network, retrying host in 3 seconds
2026-01-26 15:30:52,697 - DEBUG - iOS_PQPrototypeWaiter - checking again
2026-01-26 15:30:52,731 - DEBUG - ThreadUtils -                      --MainThread: WAITING FOR Keys Lock
2026-01-26 15:30:52,791 - DEBUG - ThreadUtils -                      --MainThread: ACQUIRED Keys Lock
2026-01-26 15:30:52,820 - DEBUG - ThreadUtils -                      --MainThread: WAITING FOR Schedules Lock
2026-01-26 15:30:52,856 - DEBUG - ThreadUtils -                      --MainThread: ACQUIRED Schedules Lock
2026-01-26 15:30:52,856 - DEBUG - iOS_PQPrototypeWaiter - Inspecting Scheduled Gym
2026-01-26 15:30:52,857 - DEBUG - iOS_PQPrototypeWaiter - Checking if Scheduled Gym should have started (2026-01-27 14:30:00 - 2026-01-27 17:00:05)
2026-01-26 15:30:52,857 - DEBUG - iOS_PQPrototypeWaiter - Not time.

2026-01-26 15:30:52,857 - DEBUG - iOS_PQPrototypeWaiter - Inspecting CampusQuest II
2026-01-26 15:30:52,857 - DEBUG - iOS_PQPrototypeWaiter - CampusQuest II not active

2026-01-26 15:30:52,858 - DEBUG - iOS_PQPrototypeWaiter - Inspecting CampusQuest I
2026-01-26 15:30:52,858 - DEBUG - iOS_PQPrototypeWaiter - CampusQuest I not active

2026-01-26 15:30:52,858 - DEBUG - iOS_PQPrototypeWaiter - Inspecting Bedtime Locker
2026-01-26 15:30:52,858 - DEBUG - iOS_PQPrototypeWaiter - No keys received

2026-01-26 15:30:52,859 - DEBUG - ThreadUtils -                      --MainThread: RELEASED Schedules Lock
2026-01-26 15:30:52,859 - DEBUG - ThreadUtils -                      --MainThread: WAITING FOR Quest Lock
2026-01-26 15:30:52,859 - DEBUG - ThreadUtils -                      --MainThread: ACQUIRED Quest Lock
2026-01-26 15:30:52,859 - DEBUG - ThreadUtils -                      --MainThread: RELEASED Quest Lock
2026-01-26 15:30:52,859 - DEBUG - ThreadUtils -                      --MainThread: RELEASED Keys Lock
2026-01-26 15:30:52,859 - DEBUG - iOS_PQPrototypeWaiter - ===========================================================================================================COMPUTER LOCKED===========================================================================================================
2026-01-26 15:30:52,860 - DEBUG - iOS_PQPrototypeWaiter - Failed to bring window to front
2026-01-26 15:30:52,861 - DEBUG - iOS_PQPrototypeWaiter - waiting before checking again
2026-01-26 15:30:53,691 - DEBUG - iOS_PQPrototypeWaiter -                                                                                                                                                                                     ==CONNECTION POLL== ||| Scanning networks...
2026-01-26 15:30:53,774 - DEBUG - iOS_PQPrototypeWaiter -                                                                                                                                                                                     ==CONNECTION POLL== ||| Result: Not connected to QuestNetwork
2026-01-26 15:30:53,774 - DEBUG - iOS_PQPrototypeWaiter -                                                                                                                                                                                     ==CONNECTION POLL== ||| Attempting to shut down server
2026-01-26 15:30:53,774 - DEBUG - iOS_PQPrototypeWaiter -                                                                                                                                                                                     ==CONNECTION POLL== ||| No server to shut down
2026-01-26 15:30:54,626 - DEBUG - iOS_PQPrototypeWaiter -                                                                                                                                             ==SERVER THREAD== ||| Not connected to Quest Network, retrying host in 3 seconds
2026-01-26 15:30:57,626 - DEBUG - iOS_PQPrototypeWaiter -                                                                                                                                             ==SERVER THREAD== ||| Not connected to Quest Network, retrying host in 3 seconds
2026-01-26 15:30:57,861 - DEBUG - iOS_PQPrototypeWaiter - checking again
2026-01-26 15:30:57,862 - DEBUG - ThreadUtils -                      --MainThread: WAITING FOR Keys Lock
2026-01-26 15:30:57,882 - DEBUG - ThreadUtils -                      --MainThread: ACQUIRED Keys Lock
2026-01-26 15:30:57,898 - DEBUG - ThreadUtils -                      --MainThread: WAITING FOR Schedules Lock
2026-01-26 15:30:57,913 - DEBUG - ThreadUtils -                      --MainThread: ACQUIRED Schedules Lock
2026-01-26 15:30:57,913 - DEBUG - iOS_PQPrototypeWaiter - Inspecting Scheduled Gym
2026-01-26 15:30:57,913 - DEBUG - iOS_PQPrototypeWaiter - Checking if Scheduled Gym should have started (2026-01-27 14:30:00 - 2026-01-27 17:00:05)
2026-01-26 15:30:57,913 - DEBUG - iOS_PQPrototypeWaiter - Not time.

2026-01-26 15:30:57,913 - DEBUG - iOS_PQPrototypeWaiter - Inspecting CampusQuest II
2026-01-26 15:30:57,914 - DEBUG - iOS_PQPrototypeWaiter - CampusQuest II not active

2026-01-26 15:30:57,914 - DEBUG - iOS_PQPrototypeWaiter - Inspecting CampusQuest I
2026-01-26 15:30:57,914 - DEBUG - iOS_PQPrototypeWaiter - CampusQuest I not active

2026-01-26 15:30:57,914 - DEBUG - iOS_PQPrototypeWaiter - Inspecting Bedtime Locker
2026-01-26 15:30:57,914 - DEBUG - iOS_PQPrototypeWaiter - No keys received

2026-01-26 15:30:57,914 - DEBUG - ThreadUtils -                      --MainThread: RELEASED Schedules Lock
2026-01-26 15:30:57,914 - DEBUG - ThreadUtils -                      --MainThread: WAITING FOR Quest Lock
2026-01-26 15:30:57,915 - DEBUG - ThreadUtils -                      --MainThread: ACQUIRED Quest Lock
2026-01-26 15:30:57,915 - DEBUG - ThreadUtils -                      --MainThread: RELEASED Quest Lock
2026-01-26 15:30:57,915 - DEBUG - ThreadUtils -                      --MainThread: RELEASED Keys Lock
2026-01-26 15:30:57,915 - DEBUG - iOS_PQPrototypeWaiter - ===========================================================================================================COMPUTER LOCKED===========================================================================================================
2026-01-26 15:30:57,917 - DEBUG - iOS_PQPrototypeWaiter - waiting before checking again
2026-01-26 15:30:58,001 - DEBUG - iOS_PQPrototypeWaiter -                                                                                               ==CONNECTION PROGRESS== ||| Visible Networks: 
2026-01-26 15:30:58,023 - DEBUG - iOS_PQPrototypeWaiter -                                                                                               ==CONNECTION PROGRESS== ||| Found: VM8383937
2026-01-26 15:30:58,023 - DEBUG - iOS_PQPrototypeWaiter -                                                                                               ==CONNECTION PROGRESS== ||| Found: Optify
2026-01-26 15:30:58,023 - DEBUG - iOS_PQPrototypeWaiter -                                                                                               ==CONNECTION PROGRESS== ||| Found: Tapo_Cam_6401
2026-01-26 15:30:58,023 - DEBUG - iOS_PQPrototypeWaiter -                                                                                               ==CONNECTION PROGRESS== ||| Checking for WillPhone...
2026-01-26 15:30:58,023 - DEBUG - iOS_PQPrototypeWaiter -                                                                                               ==CONNECTION PROGRESS== ||| Quest Network not found...
2026-01-26 15:30:58,775 - DEBUG - iOS_PQPrototypeWaiter -                                                                                                                                                                                     ==CONNECTION POLL== ||| Scanning networks...
2026-01-26 15:30:58,844 - DEBUG - iOS_PQPrototypeWaiter -                                                                                                                                                                                     ==CONNECTION POLL== ||| Result: Not connected to QuestNetwork
2026-01-26 15:30:58,844 - DEBUG - iOS_PQPrototypeWaiter -                                                                                                                                                                                     ==CONNECTION POLL== ||| Attempting to shut down server
2026-01-26 15:30:58,844 - DEBUG - iOS_PQPrototypeWaiter -                                                                                                                                                                                     ==CONNECTION POLL== ||| No server to shut down
2026-01-26 15:31:00,627 - DEBUG - iOS_PQPrototypeWaiter -                                                                                                                                             ==SERVER THREAD== ||| Not connected to Quest Network, retrying host in 3 seconds
2026-01-26 15:31:02,918 - DEBUG - iOS_PQPrototypeWaiter - checking again
2026-01-26 15:31:02,918 - DEBUG - ThreadUtils -                      --MainThread: WAITING FOR Keys Lock
2026-01-26 15:31:02,918 - DEBUG - ThreadUtils -                      --MainThread: ACQUIRED Keys Lock
2026-01-26 15:31:02,919 - DEBUG - ThreadUtils -                      --MainThread: WAITING FOR Schedules Lock
2026-01-26 15:31:02,919 - DEBUG - ThreadUtils -                      --MainThread: ACQUIRED Schedules Lock
2026-01-26 15:31:02,919 - DEBUG - iOS_PQPrototypeWaiter - Inspecting Scheduled Gym
2026-01-26 15:31:02,919 - DEBUG - iOS_PQPrototypeWaiter - Checking if Scheduled Gym should have started (2026-01-27 14:30:00 - 2026-01-27 17:00:05)
2026-01-26 15:31:02,919 - DEBUG - iOS_PQPrototypeWaiter - Not time.

2026-01-26 15:31:02,919 - DEBUG - iOS_PQPrototypeWaiter - Inspecting CampusQuest II
2026-01-26 15:31:02,919 - DEBUG - iOS_PQPrototypeWaiter - CampusQuest II not active

2026-01-26 15:31:02,919 - DEBUG - iOS_PQPrototypeWaiter - Inspecting CampusQuest I
2026-01-26 15:31:02,920 - DEBUG - iOS_PQPrototypeWaiter - CampusQuest I not active

2026-01-26 15:31:02,920 - DEBUG - iOS_PQPrototypeWaiter - Inspecting Bedtime Locker
2026-01-26 15:31:02,920 - DEBUG - iOS_PQPrototypeWaiter - No keys received

2026-01-26 15:31:02,920 - DEBUG - ThreadUtils -                      --MainThread: RELEASED Schedules Lock
2026-01-26 15:31:02,920 - DEBUG - ThreadUtils -                      --MainThread: WAITING FOR Quest Lock
2026-01-26 15:31:02,920 - DEBUG - ThreadUtils -                      --MainThread: ACQUIRED Quest Lock
2026-01-26 15:31:02,921 - DEBUG - ThreadUtils -                      --MainThread: RELEASED Quest Lock
2026-01-26 15:31:02,921 - DEBUG - ThreadUtils -                      --MainThread: RELEASED Keys Lock
2026-01-26 15:31:02,921 - DEBUG - iOS_PQPrototypeWaiter - ===========================================================================================================COMPUTER LOCKED===========================================================================================================
2026-01-26 15:31:02,922 - DEBUG - iOS_PQPrototypeWaiter - Failed to bring window to front
2026-01-26 15:31:02,922 - DEBUG - iOS_PQPrototypeWaiter - waiting before checking again
2026-01-26 15:31:03,628 - DEBUG - iOS_PQPrototypeWaiter -                                                                                                                                             ==SERVER THREAD== ||| Not connected to Quest Network, retrying host in 3 seconds
2026-01-26 15:31:03,845 - DEBUG - iOS_PQPrototypeWaiter -                                                                                                                                                                                     ==CONNECTION POLL== ||| Scanning networks...
2026-01-26 15:31:03,921 - DEBUG - iOS_PQPrototypeWaiter -                                                                                                                                                                                     ==CONNECTION POLL== ||| Result: Not connected to QuestNetwork
2026-01-26 15:31:03,922 - DEBUG - iOS_PQPrototypeWaiter -                                                                                                                                                                                     ==CONNECTION POLL== ||| Attempting to shut down server
2026-01-26 15:31:03,922 - DEBUG - iOS_PQPrototypeWaiter -                                                                                                                                                                                     ==CONNECTION POLL== ||| No server to shut down
2026-01-26 15:31:06,628 - DEBUG - iOS_PQPrototypeWaiter -                                                                                                                                             ==SERVER THREAD== ||| Not connected to Quest Network, retrying host in 3 seconds
2026-01-26 15:31:07,922 - DEBUG - iOS_PQPrototypeWaiter - checking again
2026-01-26 15:31:07,923 - DEBUG - ThreadUtils -                      --MainThread: WAITING FOR Keys Lock
2026-01-26 15:31:07,923 - DEBUG - ThreadUtils -                      --MainThread: ACQUIRED Keys Lock
2026-01-26 15:31:07,923 - DEBUG - ThreadUtils -                      --MainThread: WAITING FOR Schedules Lock
2026-01-26 15:31:07,923 - DEBUG - ThreadUtils -                      --MainThread: ACQUIRED Schedules Lock
2026-01-26 15:31:07,923 - DEBUG - iOS_PQPrototypeWaiter - Inspecting Scheduled Gym
2026-01-26 15:31:07,923 - DEBUG - iOS_PQPrototypeWaiter - Checking if Scheduled Gym should have started (2026-01-27 14:30:00 - 2026-01-27 17:00:05)
2026-01-26 15:31:07,923 - DEBUG - iOS_PQPrototypeWaiter - Not time.

2026-01-26 15:31:07,924 - DEBUG - iOS_PQPrototypeWaiter - Inspecting CampusQuest II
2026-01-26 15:31:07,924 - DEBUG - iOS_PQPrototypeWaiter - CampusQuest II not active

2026-01-26 15:31:07,924 - DEBUG - iOS_PQPrototypeWaiter - Inspecting CampusQuest I
2026-01-26 15:31:07,924 - DEBUG - iOS_PQPrototypeWaiter - CampusQuest I not active

2026-01-26 15:31:07,924 - DEBUG - iOS_PQPrototypeWaiter - Inspecting Bedtime Locker
2026-01-26 15:31:07,924 - DEBUG - iOS_PQPrototypeWaiter - No keys received

2026-01-26 15:31:07,924 - DEBUG - ThreadUtils -                      --MainThread: RELEASED Schedules Lock
2026-01-26 15:31:07,924 - DEBUG - ThreadUtils -                      --MainThread: WAITING FOR Quest Lock
2026-01-26 15:31:07,925 - DEBUG - ThreadUtils -                      --MainThread: ACQUIRED Quest Lock
2026-01-26 15:31:07,925 - DEBUG - ThreadUtils -                      --MainThread: RELEASED Quest Lock
2026-01-26 15:31:07,925 - DEBUG - ThreadUtils -                      --MainThread: RELEASED Keys Lock
2026-01-26 15:31:07,925 - DEBUG - iOS_PQPrototypeWaiter - ===========================================================================================================COMPUTER LOCKED===========================================================================================================
2026-01-26 15:31:07,926 - DEBUG - iOS_PQPrototypeWaiter - waiting before checking again
2026-01-26 15:31:08,036 - DEBUG - iOS_PQPrototypeWaiter -                                                                                               ==CONNECTION PROGRESS== ||| Visible Networks: 
2026-01-26 15:31:08,036 - DEBUG - iOS_PQPrototypeWaiter -                                                                                               ==CONNECTION PROGRESS== ||| Found: VM8383937
2026-01-26 15:31:08,036 - DEBUG - iOS_PQPrototypeWaiter -                                                                                               ==CONNECTION PROGRESS== ||| Found: Optify
2026-01-26 15:31:08,036 - DEBUG - iOS_PQPrototypeWaiter -                                                                                               ==CONNECTION PROGRESS== ||| Found: Tapo_Cam_6401
2026-01-26 15:31:08,036 - DEBUG - iOS_PQPrototypeWaiter -                                                                                               ==CONNECTION PROGRESS== ||| Checking for WillPhone...
2026-01-26 15:31:08,037 - DEBUG - iOS_PQPrototypeWaiter -                                                                                               ==CONNECTION PROGRESS== ||| Quest Network not found...
2026-01-26 15:31:08,922 - DEBUG - iOS_PQPrototypeWaiter -                                                                                                                                                                                     ==CONNECTION POLL== ||| Scanning networks...
2026-01-26 15:31:08,991 - DEBUG - iOS_PQPrototypeWaiter -                                                                                                                                                                                     ==CONNECTION POLL== ||| Result: Not connected to QuestNetwork
2026-01-26 15:31:08,992 - DEBUG - iOS_PQPrototypeWaiter -                                                                                                                                                                                     ==CONNECTION POLL== ||| Attempting to shut down server
2026-01-26 15:31:08,992 - DEBUG - iOS_PQPrototypeWaiter -                                                                                                                                                                                     ==CONNECTION POLL== ||| No server to shut down
2026-01-26 15:31:09,629 - DEBUG - iOS_PQPrototypeWaiter -                                                                                                                                             ==SERVER THREAD== ||| Not connected to Quest Network, retrying host in 3 seconds
2026-01-26 15:31:12,630 - DEBUG - iOS_PQPrototypeWaiter -                                                                                                                                             ==SERVER THREAD== ||| Not connected to Quest Network, retrying host in 3 seconds
2026-01-26 15:31:12,926 - DEBUG - iOS_PQPrototypeWaiter - checking again
2026-01-26 15:31:12,927 - DEBUG - ThreadUtils -                      --MainThread: WAITING FOR Keys Lock
2026-01-26 15:31:12,927 - DEBUG - ThreadUtils -                      --MainThread: ACQUIRED Keys Lock
2026-01-26 15:31:12,927 - DEBUG - ThreadUtils -                      --MainThread: WAITING FOR Schedules Lock
2026-01-26 15:31:12,927 - DEBUG - ThreadUtils -                      --MainThread: ACQUIRED Schedules Lock
2026-01-26 15:31:12,927 - DEBUG - iOS_PQPrototypeWaiter - Inspecting Scheduled Gym
2026-01-26 15:31:12,927 - DEBUG - iOS_PQPrototypeWaiter - Checking if Scheduled Gym should have started (2026-01-27 14:30:00 - 2026-01-27 17:00:05)
2026-01-26 15:31:12,928 - DEBUG - iOS_PQPrototypeWaiter - Not time.

2026-01-26 15:31:12,928 - DEBUG - iOS_PQPrototypeWaiter - Inspecting CampusQuest II
2026-01-26 15:31:12,928 - DEBUG - iOS_PQPrototypeWaiter - CampusQuest II not active

2026-01-26 15:31:12,928 - DEBUG - iOS_PQPrototypeWaiter - Inspecting CampusQuest I
2026-01-26 15:31:12,928 - DEBUG - iOS_PQPrototypeWaiter - CampusQuest I not active

2026-01-26 15:31:12,928 - DEBUG - iOS_PQPrototypeWaiter - Inspecting Bedtime Locker
2026-01-26 15:31:12,929 - DEBUG - iOS_PQPrototypeWaiter - No keys received

2026-01-26 15:31:12,929 - DEBUG - ThreadUtils -                      --MainThread: RELEASED Schedules Lock
2026-01-26 15:31:12,929 - DEBUG - ThreadUtils -                      --MainThread: WAITING FOR Quest Lock
2026-01-26 15:31:12,929 - DEBUG - ThreadUtils -                      --MainThread: ACQUIRED Quest Lock
2026-01-26 15:31:12,929 - DEBUG - ThreadUtils -                      --MainThread: RELEASED Quest Lock
2026-01-26 15:31:12,929 - DEBUG - ThreadUtils -                      --MainThread: RELEASED Keys Lock
2026-01-26 15:31:12,929 - DEBUG - iOS_PQPrototypeWaiter - ===========================================================================================================COMPUTER LOCKED===========================================================================================================
2026-01-26 15:31:12,930 - DEBUG - iOS_PQPrototypeWaiter - Failed to bring window to front
2026-01-26 15:31:12,930 - DEBUG - iOS_PQPrototypeWaiter - waiting before checking again
2026-01-26 15:31:13,992 - DEBUG - iOS_PQPrototypeWaiter -                                                                                                                                                                                     ==CONNECTION POLL== ||| Scanning networks...
2026-01-26 15:31:14,079 - DEBUG - iOS_PQPrototypeWaiter -                                                                                                                                                                                     ==CONNECTION POLL== ||| Result: Not connected to QuestNetwork
2026-01-26 15:31:14,079 - DEBUG - iOS_PQPrototypeWaiter -                                                                                                                                                                                     ==CONNECTION POLL== ||| Attempting to shut down server
2026-01-26 15:31:14,079 - DEBUG - iOS_PQPrototypeWaiter -                                                                                                                                                                                     ==CONNECTION POLL== ||| No server to shut down
2026-01-26 15:31:15,631 - DEBUG - iOS_PQPrototypeWaiter -                                                                                                                                             ==SERVER THREAD== ||| Not connected to Quest Network, retrying host in 3 seconds
2026-01-26 15:31:17,931 - DEBUG - iOS_PQPrototypeWaiter - checking again
2026-01-26 15:31:17,931 - DEBUG - ThreadUtils -                      --MainThread: WAITING FOR Keys Lock
2026-01-26 15:31:17,931 - DEBUG - ThreadUtils -                      --MainThread: ACQUIRED Keys Lock
2026-01-26 15:31:17,931 - DEBUG - ThreadUtils -                      --MainThread: WAITING FOR Schedules Lock
2026-01-26 15:31:17,931 - DEBUG - ThreadUtils -                      --MainThread: ACQUIRED Schedules Lock
2026-01-26 15:31:17,932 - DEBUG - iOS_PQPrototypeWaiter - Inspecting Scheduled Gym
2026-01-26 15:31:17,932 - DEBUG - iOS_PQPrototypeWaiter - Checking if Scheduled Gym should have started (2026-01-27 14:30:00 - 2026-01-27 17:00:05)
2026-01-26 15:31:17,932 - DEBUG - iOS_PQPrototypeWaiter - Not time.

2026-01-26 15:31:17,932 - DEBUG - iOS_PQPrototypeWaiter - Inspecting CampusQuest II
2026-01-26 15:31:17,932 - DEBUG - iOS_PQPrototypeWaiter - CampusQuest II not active

2026-01-26 15:31:17,933 - DEBUG - iOS_PQPrototypeWaiter - Inspecting CampusQuest I
2026-01-26 15:31:17,933 - DEBUG - iOS_PQPrototypeWaiter - CampusQuest I not active

2026-01-26 15:31:17,933 - DEBUG - iOS_PQPrototypeWaiter - Inspecting Bedtime Locker
2026-01-26 15:31:17,933 - DEBUG - iOS_PQPrototypeWaiter - No keys received

2026-01-26 15:31:17,933 - DEBUG - ThreadUtils -                      --MainThread: RELEASED Schedules Lock
2026-01-26 15:31:17,933 - DEBUG - ThreadUtils -                      --MainThread: WAITING FOR Quest Lock
2026-01-26 15:31:17,933 - DEBUG - ThreadUtils -                      --MainThread: ACQUIRED Quest Lock
2026-01-26 15:31:17,933 - DEBUG - ThreadUtils -                      --MainThread: RELEASED Quest Lock
2026-01-26 15:31:17,933 - DEBUG - ThreadUtils -                      --MainThread: RELEASED Keys Lock
2026-01-26 15:31:17,934 - DEBUG - iOS_PQPrototypeWaiter - ===========================================================================================================COMPUTER LOCKED===========================================================================================================
2026-01-26 15:31:17,934 - DEBUG - iOS_PQPrototypeWaiter - waiting before checking again
2026-01-26 15:31:18,036 - DEBUG - iOS_PQPrototypeWaiter -                                                                                               ==CONNECTION PROGRESS== ||| Visible Networks: 
2026-01-26 15:31:18,036 - DEBUG - iOS_PQPrototypeWaiter -                                                                                               ==CONNECTION PROGRESS== ||| Found: VM8383937
2026-01-26 15:31:18,036 - DEBUG - iOS_PQPrototypeWaiter -                                                                                               ==CONNECTION PROGRESS== ||| Found: Optify
2026-01-26 15:31:18,036 - DEBUG - iOS_PQPrototypeWaiter -                                                                                               ==CONNECTION PROGRESS== ||| Found: Tapo_Cam_6401
2026-01-26 15:31:18,036 - DEBUG - iOS_PQPrototypeWaiter -                                                                                               ==CONNECTION PROGRESS== ||| Checking for WillPhone...
2026-01-26 15:31:18,037 - DEBUG - iOS_PQPrototypeWaiter -                                                                                               ==CONNECTION PROGRESS== ||| Quest Network not found...
2026-01-26 15:31:18,632 - DEBUG - iOS_PQPrototypeWaiter -                                                                                                                                             ==SERVER THREAD== ||| Not connected to Quest Network, retrying host in 3 seconds
2026-01-26 15:31:19,080 - DEBUG - iOS_PQPrototypeWaiter -                                                                                                                                                                                     ==CONNECTION POLL== ||| Scanning networks...
2026-01-26 15:31:19,156 - DEBUG - iOS_PQPrototypeWaiter -                                                                                                                                                                                     ==CONNECTION POLL== ||| Result: Not connected to QuestNetwork
2026-01-26 15:31:19,156 - DEBUG - iOS_PQPrototypeWaiter -                                                                                                                                                                                     ==CONNECTION POLL== ||| Attempting to shut down server
2026-01-26 15:31:19,157 - DEBUG - iOS_PQPrototypeWaiter -                                                                                                                                                                                     ==CONNECTION POLL== ||| No server to shut down
2026-01-26 15:31:21,633 - DEBUG - iOS_PQPrototypeWaiter -                                                                                                                                             ==SERVER THREAD== ||| Not connected to Quest Network, retrying host in 3 seconds
2026-01-26 15:31:22,935 - DEBUG - iOS_PQPrototypeWaiter - checking again
2026-01-26 15:31:22,935 - DEBUG - ThreadUtils -                      --MainThread: WAITING FOR Keys Lock
2026-01-26 15:31:22,935 - DEBUG - ThreadUtils -                      --MainThread: ACQUIRED Keys Lock
2026-01-26 15:31:22,936 - DEBUG - ThreadUtils -                      --MainThread: WAITING FOR Schedules Lock
2026-01-26 15:31:22,936 - DEBUG - ThreadUtils -                      --MainThread: ACQUIRED Schedules Lock
2026-01-26 15:31:22,936 - DEBUG - iOS_PQPrototypeWaiter - Inspecting Scheduled Gym
2026-01-26 15:31:22,936 - DEBUG - iOS_PQPrototypeWaiter - Checking if Scheduled Gym should have started (2026-01-27 14:30:00 - 2026-01-27 17:00:05)
2026-01-26 15:31:22,936 - DEBUG - iOS_PQPrototypeWaiter - Not time.

2026-01-26 15:31:22,936 - DEBUG - iOS_PQPrototypeWaiter - Inspecting CampusQuest II
2026-01-26 15:31:22,936 - DEBUG - iOS_PQPrototypeWaiter - CampusQuest II not active

2026-01-26 15:31:22,937 - DEBUG - iOS_PQPrototypeWaiter - Inspecting CampusQuest I
2026-01-26 15:31:22,937 - DEBUG - iOS_PQPrototypeWaiter - CampusQuest I not active

2026-01-26 15:31:22,937 - DEBUG - iOS_PQPrototypeWaiter - Inspecting Bedtime Locker
2026-01-26 15:31:22,937 - DEBUG - iOS_PQPrototypeWaiter - No keys received

2026-01-26 15:31:22,937 - DEBUG - ThreadUtils -                      --MainThread: RELEASED Schedules Lock
2026-01-26 15:31:22,937 - DEBUG - ThreadUtils -                      --MainThread: WAITING FOR Quest Lock
2026-01-26 15:31:22,938 - DEBUG - ThreadUtils -                      --MainThread: ACQUIRED Quest Lock
2026-01-26 15:31:22,938 - DEBUG - ThreadUtils -                      --MainThread: RELEASED Quest Lock
2026-01-26 15:31:22,938 - DEBUG - ThreadUtils -                      --MainThread: RELEASED Keys Lock
2026-01-26 15:31:22,938 - DEBUG - iOS_PQPrototypeWaiter - ===========================================================================================================COMPUTER LOCKED===========================================================================================================
2026-01-26 15:31:22,939 - DEBUG - iOS_PQPrototypeWaiter - Failed to bring window to front
2026-01-26 15:31:22,939 - DEBUG - iOS_PQPrototypeWaiter - waiting before checking again
2026-01-26 15:31:24,157 - DEBUG - iOS_PQPrototypeWaiter -                                                                                                                                                                                     ==CONNECTION POLL== ||| Scanning networks...
2026-01-26 15:31:24,237 - DEBUG - iOS_PQPrototypeWaiter -                                                                                                                                                                                     ==CONNECTION POLL== ||| Result: Not connected to QuestNetwork
2026-01-26 15:31:24,237 - DEBUG - iOS_PQPrototypeWaiter -                                                                                                                                                                                     ==CONNECTION POLL== ||| Attempting to shut down server
2026-01-26 15:31:24,237 - DEBUG - iOS_PQPrototypeWaiter -                                                                                                                                                                                     ==CONNECTION POLL== ||| No server to shut down
2026-01-26 15:31:24,634 - DEBUG - iOS_PQPrototypeWaiter -                                                                                                                                             ==SERVER THREAD== ||| Not connected to Quest Network, retrying host in 3 seconds
2026-01-26 15:31:27,635 - DEBUG - iOS_PQPrototypeWaiter -                                                                                                                                             ==SERVER THREAD== ||| Not connected to Quest Network, retrying host in 3 seconds
2026-01-26 15:31:27,939 - DEBUG - iOS_PQPrototypeWaiter - checking again
2026-01-26 15:31:27,940 - DEBUG - ThreadUtils -                      --MainThread: WAITING FOR Keys Lock
2026-01-26 15:31:27,940 - DEBUG - ThreadUtils -                      --MainThread: ACQUIRED Keys Lock
2026-01-26 15:31:27,940 - DEBUG - ThreadUtils -                      --MainThread: WAITING FOR Schedules Lock
2026-01-26 15:31:27,940 - DEBUG - ThreadUtils -                      --MainThread: ACQUIRED Schedules Lock
2026-01-26 15:31:27,940 - DEBUG - iOS_PQPrototypeWaiter - Inspecting Scheduled Gym
2026-01-26 15:31:27,941 - DEBUG - iOS_PQPrototypeWaiter - Checking if Scheduled Gym should have started (2026-01-27 14:30:00 - 2026-01-27 17:00:05)
2026-01-26 15:31:27,941 - DEBUG - iOS_PQPrototypeWaiter - Not time.

2026-01-26 15:31:27,941 - DEBUG - iOS_PQPrototypeWaiter - Inspecting CampusQuest II
2026-01-26 15:31:27,941 - DEBUG - iOS_PQPrototypeWaiter - CampusQuest II not active

2026-01-26 15:31:27,941 - DEBUG - iOS_PQPrototypeWaiter - Inspecting CampusQuest I
2026-01-26 15:31:27,941 - DEBUG - iOS_PQPrototypeWaiter - CampusQuest I not active

2026-01-26 15:31:27,941 - DEBUG - iOS_PQPrototypeWaiter - Inspecting Bedtime Locker
2026-01-26 15:31:27,941 - DEBUG - iOS_PQPrototypeWaiter - No keys received

2026-01-26 15:31:27,942 - DEBUG - ThreadUtils -                      --MainThread: RELEASED Schedules Lock
2026-01-26 15:31:27,942 - DEBUG - ThreadUtils -                      --MainThread: WAITING FOR Quest Lock
2026-01-26 15:31:27,942 - DEBUG - ThreadUtils -                      --MainThread: ACQUIRED Quest Lock
2026-01-26 15:31:27,942 - DEBUG - ThreadUtils -                      --MainThread: RELEASED Quest Lock
2026-01-26 15:31:27,942 - DEBUG - ThreadUtils -                      --MainThread: RELEASED Keys Lock
2026-01-26 15:31:27,942 - DEBUG - iOS_PQPrototypeWaiter - ===========================================================================================================COMPUTER LOCKED===========================================================================================================
2026-01-26 15:31:27,943 - DEBUG - iOS_PQPrototypeWaiter - waiting before checking again
2026-01-26 15:31:28,038 - DEBUG - iOS_PQPrototypeWaiter -                                                                                               ==CONNECTION PROGRESS== ||| Visible Networks: 
2026-01-26 15:31:28,039 - DEBUG - iOS_PQPrototypeWaiter -                                                                                               ==CONNECTION PROGRESS== ||| Found: VM8383937
2026-01-26 15:31:28,039 - DEBUG - iOS_PQPrototypeWaiter -                                                                                               ==CONNECTION PROGRESS== ||| Found: Optify
2026-01-26 15:31:28,039 - DEBUG - iOS_PQPrototypeWaiter -                                                                                               ==CONNECTION PROGRESS== ||| Found: Tapo_Cam_6401
2026-01-26 15:31:28,039 - DEBUG - iOS_PQPrototypeWaiter -                                                                                               ==CONNECTION PROGRESS== ||| Checking for WillPhone...
2026-01-26 15:31:28,039 - DEBUG - iOS_PQPrototypeWaiter -                                                                                               ==CONNECTION PROGRESS== ||| Quest Network not found...
2026-01-26 15:31:29,238 - DEBUG - iOS_PQPrototypeWaiter -                                                                                                                                                                                     ==CONNECTION POLL== ||| Scanning networks...
2026-01-26 15:31:29,305 - DEBUG - iOS_PQPrototypeWaiter -                                                                                                                                                                                     ==CONNECTION POLL== ||| Result: Not connected to QuestNetwork
2026-01-26 15:31:29,306 - DEBUG - iOS_PQPrototypeWaiter -                                                                                                                                                                                     ==CONNECTION POLL== ||| Attempting to shut down server
2026-01-26 15:31:29,306 - DEBUG - iOS_PQPrototypeWaiter -                                                                                                                                                                                     ==CONNECTION POLL== ||| No server to shut down
2026-01-26 15:31:30,635 - DEBUG - iOS_PQPrototypeWaiter -                                                                                                                                             ==SERVER THREAD== ||| Not connected to Quest Network, retrying host in 3 seconds
2026-01-26 15:31:32,943 - DEBUG - iOS_PQPrototypeWaiter - checking again
2026-01-26 15:31:32,943 - DEBUG - ThreadUtils -                      --MainThread: WAITING FOR Keys Lock
2026-01-26 15:31:32,943 - DEBUG - ThreadUtils -                      --MainThread: ACQUIRED Keys Lock
2026-01-26 15:31:32,944 - DEBUG - ThreadUtils -                      --MainThread: WAITING FOR Schedules Lock
2026-01-26 15:31:32,944 - DEBUG - ThreadUtils -                      --MainThread: ACQUIRED Schedules Lock
2026-01-26 15:31:32,944 - DEBUG - iOS_PQPrototypeWaiter - Inspecting Scheduled Gym
2026-01-26 15:31:32,944 - DEBUG - iOS_PQPrototypeWaiter - Checking if Scheduled Gym should have started (2026-01-27 14:30:00 - 2026-01-27 17:00:05)
2026-01-26 15:31:32,944 - DEBUG - iOS_PQPrototypeWaiter - Not time.

2026-01-26 15:31:32,944 - DEBUG - iOS_PQPrototypeWaiter - Inspecting CampusQuest II
2026-01-26 15:31:32,944 - DEBUG - iOS_PQPrototypeWaiter - CampusQuest II not active

2026-01-26 15:31:32,944 - DEBUG - iOS_PQPrototypeWaiter - Inspecting CampusQuest I
2026-01-26 15:31:32,944 - DEBUG - iOS_PQPrototypeWaiter - CampusQuest I not active

2026-01-26 15:31:32,944 - DEBUG - iOS_PQPrototypeWaiter - Inspecting Bedtime Locker
2026-01-26 15:31:32,944 - DEBUG - iOS_PQPrototypeWaiter - No keys received

2026-01-26 15:31:32,944 - DEBUG - ThreadUtils -                      --MainThread: RELEASED Schedules Lock
2026-01-26 15:31:32,944 - DEBUG - ThreadUtils -                      --MainThread: WAITING FOR Quest Lock
2026-01-26 15:31:32,944 - DEBUG - ThreadUtils -                      --MainThread: ACQUIRED Quest Lock
2026-01-26 15:31:32,945 - DEBUG - ThreadUtils -                      --MainThread: RELEASED Quest Lock
2026-01-26 15:31:32,945 - DEBUG - ThreadUtils -                      --MainThread: RELEASED Keys Lock
2026-01-26 15:31:32,945 - DEBUG - iOS_PQPrototypeWaiter - ===========================================================================================================COMPUTER LOCKED===========================================================================================================
2026-01-26 15:31:32,945 - DEBUG - iOS_PQPrototypeWaiter - Failed to bring window to front
2026-01-26 15:31:32,945 - DEBUG - iOS_PQPrototypeWaiter - waiting before checking again
2026-01-26 15:31:33,636 - DEBUG - iOS_PQPrototypeWaiter -                                                                                                                                             ==SERVER THREAD== ||| Not connected to Quest Network, retrying host in 3 seconds
2026-01-26 15:31:34,306 - DEBUG - iOS_PQPrototypeWaiter -                                                                                                                                                                                     ==CONNECTION POLL== ||| Scanning networks...
2026-01-26 15:31:34,394 - DEBUG - iOS_PQPrototypeWaiter -                                                                                                                                                                                     ==CONNECTION POLL== ||| Result: Not connected to QuestNetwork
2026-01-26 15:31:34,394 - DEBUG - iOS_PQPrototypeWaiter -                                                                                                                                                                                     ==CONNECTION POLL== ||| Attempting to shut down server
2026-01-26 15:31:34,394 - DEBUG - iOS_PQPrototypeWaiter -                                                                                                                                                                                     ==CONNECTION POLL== ||| No server to shut down
2026-01-26 15:31:36,636 - DEBUG - iOS_PQPrototypeWaiter -                                                                                                                                             ==SERVER THREAD== ||| Not connected to Quest Network, retrying host in 3 seconds
2026-01-26 15:31:37,946 - DEBUG - iOS_PQPrototypeWaiter - checking again
2026-01-26 15:31:37,946 - DEBUG - ThreadUtils -                      --MainThread: WAITING FOR Keys Lock
2026-01-26 15:31:37,946 - DEBUG - ThreadUtils -                      --MainThread: ACQUIRED Keys Lock
2026-01-26 15:31:37,946 - DEBUG - ThreadUtils -                      --MainThread: WAITING FOR Schedules Lock
2026-01-26 15:31:37,946 - DEBUG - ThreadUtils -                      --MainThread: ACQUIRED Schedules Lock
2026-01-26 15:31:37,946 - DEBUG - iOS_PQPrototypeWaiter - Inspecting Scheduled Gym
2026-01-26 15:31:37,946 - DEBUG - iOS_PQPrototypeWaiter - Checking if Scheduled Gym should have started (2026-01-27 14:30:00 - 2026-01-27 17:00:05)
2026-01-26 15:31:37,946 - DEBUG - iOS_PQPrototypeWaiter - Not time.

2026-01-26 15:31:37,947 - DEBUG - iOS_PQPrototypeWaiter - Inspecting CampusQuest II
2026-01-26 15:31:37,947 - DEBUG - iOS_PQPrototypeWaiter - CampusQuest II not active

2026-01-26 15:31:37,947 - DEBUG - iOS_PQPrototypeWaiter - Inspecting CampusQuest I
2026-01-26 15:31:37,947 - DEBUG - iOS_PQPrototypeWaiter - CampusQuest I not active

2026-01-26 15:31:37,947 - DEBUG - iOS_PQPrototypeWaiter - Inspecting Bedtime Locker
2026-01-26 15:31:37,947 - DEBUG - iOS_PQPrototypeWaiter - No keys received

2026-01-26 15:31:37,947 - DEBUG - ThreadUtils -                      --MainThread: RELEASED Schedules Lock
2026-01-26 15:31:37,947 - DEBUG - ThreadUtils -                      --MainThread: WAITING FOR Quest Lock
2026-01-26 15:31:37,947 - DEBUG - ThreadUtils -                      --MainThread: ACQUIRED Quest Lock
2026-01-26 15:31:37,947 - DEBUG - ThreadUtils -                      --MainThread: RELEASED Quest Lock
2026-01-26 15:31:37,947 - DEBUG - ThreadUtils -                      --MainThread: RELEASED Keys Lock
2026-01-26 15:31:37,947 - DEBUG - iOS_PQPrototypeWaiter - ===========================================================================================================COMPUTER LOCKED===========================================================================================================
2026-01-26 15:31:37,948 - DEBUG - iOS_PQPrototypeWaiter - waiting before checking again
2026-01-26 15:31:38,050 - DEBUG - iOS_PQPrototypeWaiter -                                                                                               ==CONNECTION PROGRESS== ||| Visible Networks: 
2026-01-26 15:31:38,050 - DEBUG - iOS_PQPrototypeWaiter -                                                                                               ==CONNECTION PROGRESS== ||| Found: VM8383937
2026-01-26 15:31:38,050 - DEBUG - iOS_PQPrototypeWaiter -                                                                                               ==CONNECTION PROGRESS== ||| Found: Optify
2026-01-26 15:31:38,050 - DEBUG - iOS_PQPrototypeWaiter -                                                                                               ==CONNECTION PROGRESS== ||| Found: Tapo_Cam_6401
2026-01-26 15:31:38,050 - DEBUG - iOS_PQPrototypeWaiter -                                                                                               ==CONNECTION PROGRESS== ||| Checking for WillPhone...
2026-01-26 15:31:38,050 - DEBUG - iOS_PQPrototypeWaiter -                                                                                               ==CONNECTION PROGRESS== ||| Quest Network not found...
2026-01-26 15:31:39,394 - DEBUG - iOS_PQPrototypeWaiter -                                                                                                                                                                                     ==CONNECTION POLL== ||| Scanning networks...
2026-01-26 15:31:39,462 - DEBUG - iOS_PQPrototypeWaiter -                                                                                                                                                                                     ==CONNECTION POLL== ||| Result: Not connected to QuestNetwork
2026-01-26 15:31:39,462 - DEBUG - iOS_PQPrototypeWaiter -                                                                                                                                                                                     ==CONNECTION POLL== ||| Attempting to shut down server
2026-01-26 15:31:39,462 - DEBUG - iOS_PQPrototypeWaiter -                                                                                                                                                                                     ==CONNECTION POLL== ||| No server to shut down
2026-01-26 15:31:39,637 - DEBUG - iOS_PQPrototypeWaiter -                                                                                                                                             ==SERVER THREAD== ||| Not connected to Quest Network, retrying host in 3 seconds
2026-01-26 15:31:42,638 - DEBUG - iOS_PQPrototypeWaiter -                                                                                                                                             ==SERVER THREAD== ||| Not connected to Quest Network, retrying host in 3 seconds
2026-01-26 15:31:42,948 - DEBUG - iOS_PQPrototypeWaiter - checking again
2026-01-26 15:31:42,949 - DEBUG - ThreadUtils -                      --MainThread: WAITING FOR Keys Lock
2026-01-26 15:31:42,949 - DEBUG - ThreadUtils -                      --MainThread: ACQUIRED Keys Lock
2026-01-26 15:31:42,949 - DEBUG - ThreadUtils -                      --MainThread: WAITING FOR Schedules Lock
2026-01-26 15:31:42,949 - DEBUG - ThreadUtils -                      --MainThread: ACQUIRED Schedules Lock
2026-01-26 15:31:42,949 - DEBUG - iOS_PQPrototypeWaiter - Inspecting Scheduled Gym
2026-01-26 15:31:42,949 - DEBUG - iOS_PQPrototypeWaiter - Checking if Scheduled Gym should have started (2026-01-27 14:30:00 - 2026-01-27 17:00:05)
2026-01-26 15:31:42,949 - DEBUG - iOS_PQPrototypeWaiter - Not time.

2026-01-26 15:31:42,949 - DEBUG - iOS_PQPrototypeWaiter - Inspecting CampusQuest II
2026-01-26 15:31:42,949 - DEBUG - iOS_PQPrototypeWaiter - CampusQuest II not active

2026-01-26 15:31:42,949 - DEBUG - iOS_PQPrototypeWaiter - Inspecting CampusQuest I
2026-01-26 15:31:42,949 - DEBUG - iOS_PQPrototypeWaiter - CampusQuest I not active

2026-01-26 15:31:42,949 - DEBUG - iOS_PQPrototypeWaiter - Inspecting Bedtime Locker
2026-01-26 15:31:42,949 - DEBUG - iOS_PQPrototypeWaiter - No keys received

2026-01-26 15:31:42,949 - DEBUG - ThreadUtils -                      --MainThread: RELEASED Schedules Lock
2026-01-26 15:31:42,949 - DEBUG - ThreadUtils -                      --MainThread: WAITING FOR Quest Lock
2026-01-26 15:31:42,949 - DEBUG - ThreadUtils -                      --MainThread: ACQUIRED Quest Lock
2026-01-26 15:31:42,949 - DEBUG - ThreadUtils -                      --MainThread: RELEASED Quest Lock
2026-01-26 15:31:42,950 - DEBUG - ThreadUtils -                      --MainThread: RELEASED Keys Lock
2026-01-26 15:31:42,950 - DEBUG - iOS_PQPrototypeWaiter - ===========================================================================================================COMPUTER LOCKED===========================================================================================================
2026-01-26 15:31:42,950 - DEBUG - iOS_PQPrototypeWaiter - Failed to bring window to front
2026-01-26 15:31:42,950 - DEBUG - iOS_PQPrototypeWaiter - waiting before checking again
2026-01-26 15:31:44,463 - DEBUG - iOS_PQPrototypeWaiter -                                                                                                                                                                                     ==CONNECTION POLL== ||| Scanning networks...
2026-01-26 15:31:44,542 - DEBUG - iOS_PQPrototypeWaiter -                                                                                                                                                                                     ==CONNECTION POLL== ||| Result: Not connected to QuestNetwork
2026-01-26 15:31:44,542 - DEBUG - iOS_PQPrototypeWaiter -                                                                                                                                                                                     ==CONNECTION POLL== ||| Attempting to shut down server
2026-01-26 15:31:44,542 - DEBUG - iOS_PQPrototypeWaiter -                                                                                                                                                                                     ==CONNECTION POLL== ||| No server to shut down
2026-01-26 15:31:45,638 - DEBUG - iOS_PQPrototypeWaiter -                                                                                                                                             ==SERVER THREAD== ||| Not connected to Quest Network, retrying host in 3 seconds
2026-01-26 15:31:47,951 - DEBUG - iOS_PQPrototypeWaiter - checking again
2026-01-26 15:31:47,951 - DEBUG - ThreadUtils -                      --MainThread: WAITING FOR Keys Lock
2026-01-26 15:31:47,951 - DEBUG - ThreadUtils -                      --MainThread: ACQUIRED Keys Lock
2026-01-26 15:31:47,951 - DEBUG - ThreadUtils -                      --MainThread: WAITING FOR Schedules Lock
2026-01-26 15:31:47,951 - DEBUG - ThreadUtils -                      --MainThread: ACQUIRED Schedules Lock
2026-01-26 15:31:47,951 - DEBUG - iOS_PQPrototypeWaiter - Inspecting Scheduled Gym
2026-01-26 15:31:47,951 - DEBUG - iOS_PQPrototypeWaiter - Checking if Scheduled Gym should have started (2026-01-27 14:30:00 - 2026-01-27 17:00:05)
2026-01-26 15:31:47,951 - DEBUG - iOS_PQPrototypeWaiter - Not time.

2026-01-26 15:31:47,951 - DEBUG - iOS_PQPrototypeWaiter - Inspecting CampusQuest II
2026-01-26 15:31:47,951 - DEBUG - iOS_PQPrototypeWaiter - CampusQuest II not active

2026-01-26 15:31:47,951 - DEBUG - iOS_PQPrototypeWaiter - Inspecting CampusQuest I
2026-01-26 15:31:47,951 - DEBUG - iOS_PQPrototypeWaiter - CampusQuest I not active

2026-01-26 15:31:47,951 - DEBUG - iOS_PQPrototypeWaiter - Inspecting Bedtime Locker
2026-01-26 15:31:47,951 - DEBUG - iOS_PQPrototypeWaiter - No keys received

2026-01-26 15:31:47,951 - DEBUG - ThreadUtils -                      --MainThread: RELEASED Schedules Lock
2026-01-26 15:31:47,951 - DEBUG - ThreadUtils -                      --MainThread: WAITING FOR Quest Lock
2026-01-26 15:31:47,951 - DEBUG - ThreadUtils -                      --MainThread: ACQUIRED Quest Lock
2026-01-26 15:31:47,952 - DEBUG - ThreadUtils -                      --MainThread: RELEASED Quest Lock
2026-01-26 15:31:47,952 - DEBUG - ThreadUtils -                      --MainThread: RELEASED Keys Lock
2026-01-26 15:31:47,952 - DEBUG - iOS_PQPrototypeWaiter - ===========================================================================================================COMPUTER LOCKED===========================================================================================================
2026-01-26 15:31:47,953 - DEBUG - iOS_PQPrototypeWaiter - waiting before checking again
2026-01-26 15:31:48,055 - DEBUG - iOS_PQPrototypeWaiter -                                                                                               ==CONNECTION PROGRESS== ||| Visible Networks: 
2026-01-26 15:31:48,055 - DEBUG - iOS_PQPrototypeWaiter -                                                                                               ==CONNECTION PROGRESS== ||| Found: VM8383937
2026-01-26 15:31:48,055 - DEBUG - iOS_PQPrototypeWaiter -                                                                                               ==CONNECTION PROGRESS== ||| Found: Optify
2026-01-26 15:31:48,055 - DEBUG - iOS_PQPrototypeWaiter -                                                                                               ==CONNECTION PROGRESS== ||| Found: Tapo_Cam_6401
2026-01-26 15:31:48,055 - DEBUG - iOS_PQPrototypeWaiter -                                                                                               ==CONNECTION PROGRESS== ||| Checking for WillPhone...
2026-01-26 15:31:48,055 - DEBUG - iOS_PQPrototypeWaiter -                                                                                               ==CONNECTION PROGRESS== ||| Quest Network not found...
2026-01-26 15:31:48,639 - DEBUG - iOS_PQPrototypeWaiter -                                                                                                                                             ==SERVER THREAD== ||| Not connected to Quest Network, retrying host in 3 seconds
2026-01-26 15:31:49,542 - DEBUG - iOS_PQPrototypeWaiter -                                                                                                                                                                                     ==CONNECTION POLL== ||| Scanning networks...
2026-01-26 15:31:49,610 - DEBUG - iOS_PQPrototypeWaiter -                                                                                                                                                                                     ==CONNECTION POLL== ||| Result: Not connected to QuestNetwork
2026-01-26 15:31:49,610 - DEBUG - iOS_PQPrototypeWaiter -                                                                                                                                                                                     ==CONNECTION POLL== ||| Attempting to shut down server
2026-01-26 15:31:49,610 - DEBUG - iOS_PQPrototypeWaiter -                                                                                                                                                                                     ==CONNECTION POLL== ||| No server to shut down
2026-01-26 15:31:51,639 - DEBUG - iOS_PQPrototypeWaiter -                                                                                                                                             ==SERVER THREAD== ||| Not connected to Quest Network, retrying host in 3 seconds
2026-01-26 15:31:52,953 - DEBUG - iOS_PQPrototypeWaiter - checking again
2026-01-26 15:31:52,953 - DEBUG - ThreadUtils -                      --MainThread: WAITING FOR Keys Lock
2026-01-26 15:31:52,953 - DEBUG - ThreadUtils -                      --MainThread: ACQUIRED Keys Lock
2026-01-26 15:31:52,953 - DEBUG - ThreadUtils -                      --MainThread: WAITING FOR Schedules Lock
2026-01-26 15:31:52,953 - DEBUG - ThreadUtils -                      --MainThread: ACQUIRED Schedules Lock
2026-01-26 15:31:52,953 - DEBUG - iOS_PQPrototypeWaiter - Inspecting Scheduled Gym
2026-01-26 15:31:52,953 - DEBUG - iOS_PQPrototypeWaiter - Checking if Scheduled Gym should have started (2026-01-27 14:30:00 - 2026-01-27 17:00:05)
2026-01-26 15:31:52,953 - DEBUG - iOS_PQPrototypeWaiter - Not time.

2026-01-26 15:31:52,953 - DEBUG - iOS_PQPrototypeWaiter - Inspecting CampusQuest II
2026-01-26 15:31:52,953 - DEBUG - iOS_PQPrototypeWaiter - CampusQuest II not active

2026-01-26 15:31:52,953 - DEBUG - iOS_PQPrototypeWaiter - Inspecting CampusQuest I
2026-01-26 15:31:52,953 - DEBUG - iOS_PQPrototypeWaiter - CampusQuest I not active

2026-01-26 15:31:52,953 - DEBUG - iOS_PQPrototypeWaiter - Inspecting Bedtime Locker
2026-01-26 15:31:52,954 - DEBUG - iOS_PQPrototypeWaiter - No keys received

2026-01-26 15:31:52,954 - DEBUG - ThreadUtils -                      --MainThread: RELEASED Schedules Lock
2026-01-26 15:31:52,954 - DEBUG - ThreadUtils -                      --MainThread: WAITING FOR Quest Lock
2026-01-26 15:31:52,954 - DEBUG - ThreadUtils -                      --MainThread: ACQUIRED Quest Lock
2026-01-26 15:31:52,954 - DEBUG - ThreadUtils -                      --MainThread: RELEASED Quest Lock
2026-01-26 15:31:52,954 - DEBUG - ThreadUtils -                      --MainThread: RELEASED Keys Lock
2026-01-26 15:31:52,954 - DEBUG - iOS_PQPrototypeWaiter - ===========================================================================================================COMPUTER LOCKED===========================================================================================================
2026-01-26 15:31:52,955 - DEBUG - iOS_PQPrototypeWaiter - Failed to bring window to front
2026-01-26 15:31:52,955 - DEBUG - iOS_PQPrototypeWaiter - waiting before checking again
2026-01-26 15:31:54,611 - DEBUG - iOS_PQPrototypeWaiter -                                                                                                                                                                                     ==CONNECTION POLL== ||| Scanning networks...
2026-01-26 15:31:54,640 - DEBUG - iOS_PQPrototypeWaiter -                                                                                                                                             ==SERVER THREAD== ||| Not connected to Quest Network, retrying host in 3 seconds
2026-01-26 15:31:54,687 - DEBUG - iOS_PQPrototypeWaiter -                                                                                                                                                                                     ==CONNECTION POLL== ||| Result: Not connected to QuestNetwork
2026-01-26 15:31:54,687 - DEBUG - iOS_PQPrototypeWaiter -                                                                                                                                                                                     ==CONNECTION POLL== ||| Attempting to shut down server
2026-01-26 15:31:54,687 - DEBUG - iOS_PQPrototypeWaiter -                                                                                                                                                                                     ==CONNECTION POLL== ||| No server to shut down
2026-01-26 15:31:57,640 - DEBUG - iOS_PQPrototypeWaiter -                                                                                                                                             ==SERVER THREAD== ||| Not connected to Quest Network, retrying host in 3 seconds
2026-01-26 15:31:57,956 - DEBUG - iOS_PQPrototypeWaiter - checking again
2026-01-26 15:31:57,956 - DEBUG - ThreadUtils -                      --MainThread: WAITING FOR Keys Lock
2026-01-26 15:31:57,956 - DEBUG - ThreadUtils -                      --MainThread: ACQUIRED Keys Lock
2026-01-26 15:31:57,956 - DEBUG - ThreadUtils -                      --MainThread: WAITING FOR Schedules Lock
2026-01-26 15:31:57,956 - DEBUG - ThreadUtils -                      --MainThread: ACQUIRED Schedules Lock
2026-01-26 15:31:57,956 - DEBUG - iOS_PQPrototypeWaiter - Inspecting Scheduled Gym
2026-01-26 15:31:57,956 - DEBUG - iOS_PQPrototypeWaiter - Checking if Scheduled Gym should have started (2026-01-27 14:30:00 - 2026-01-27 17:00:05)
2026-01-26 15:31:57,956 - DEBUG - iOS_PQPrototypeWaiter - Not time.

2026-01-26 15:31:57,956 - DEBUG - iOS_PQPrototypeWaiter - Inspecting CampusQuest II
2026-01-26 15:31:57,956 - DEBUG - iOS_PQPrototypeWaiter - CampusQuest II not active

2026-01-26 15:31:57,956 - DEBUG - iOS_PQPrototypeWaiter - Inspecting CampusQuest I
2026-01-26 15:31:57,956 - DEBUG - iOS_PQPrototypeWaiter - CampusQuest I not active

2026-01-26 15:31:57,956 - DEBUG - iOS_PQPrototypeWaiter - Inspecting Bedtime Locker
2026-01-26 15:31:57,956 - DEBUG - iOS_PQPrototypeWaiter - No keys received

2026-01-26 15:31:57,956 - DEBUG - ThreadUtils -                      --MainThread: RELEASED Schedules Lock
2026-01-26 15:31:57,956 - DEBUG - ThreadUtils -                      --MainThread: WAITING FOR Quest Lock
2026-01-26 15:31:57,956 - DEBUG - ThreadUtils -                      --MainThread: ACQUIRED Quest Lock
2026-01-26 15:31:57,956 - DEBUG - ThreadUtils -                      --MainThread: RELEASED Quest Lock
2026-01-26 15:31:57,956 - DEBUG - ThreadUtils -                      --MainThread: RELEASED Keys Lock
2026-01-26 15:31:57,956 - DEBUG - iOS_PQPrototypeWaiter - ===========================================================================================================COMPUTER LOCKED===========================================================================================================
2026-01-26 15:31:57,957 - DEBUG - iOS_PQPrototypeWaiter - waiting before checking again
2026-01-26 15:31:58,058 - DEBUG - iOS_PQPrototypeWaiter -                                                                                               ==CONNECTION PROGRESS== ||| Visible Networks: 
2026-01-26 15:31:58,059 - DEBUG - iOS_PQPrototypeWaiter -                                                                                               ==CONNECTION PROGRESS== ||| Found: VM8383937
2026-01-26 15:31:58,059 - DEBUG - iOS_PQPrototypeWaiter -                                                                                               ==CONNECTION PROGRESS== ||| Found: Optify
2026-01-26 15:31:58,059 - DEBUG - iOS_PQPrototypeWaiter -                                                                                               ==CONNECTION PROGRESS== ||| Found: Tapo_Cam_6401
2026-01-26 15:31:58,059 - DEBUG - iOS_PQPrototypeWaiter -                                                                                               ==CONNECTION PROGRESS== ||| Checking for WillPhone...
2026-01-26 15:31:58,059 - DEBUG - iOS_PQPrototypeWaiter -                                                                                               ==CONNECTION PROGRESS== ||| Quest Network not found...
2026-01-26 15:31:59,687 - DEBUG - iOS_PQPrototypeWaiter -                                                                                                                                                                                     ==CONNECTION POLL== ||| Scanning networks...
2026-01-26 15:31:59,758 - DEBUG - iOS_PQPrototypeWaiter -                                                                                                                                                                                     ==CONNECTION POLL== ||| Result: Not connected to QuestNetwork
2026-01-26 15:31:59,758 - DEBUG - iOS_PQPrototypeWaiter -                                                                                                                                                                                     ==CONNECTION POLL== ||| Attempting to shut down server
2026-01-26 15:31:59,758 - DEBUG - iOS_PQPrototypeWaiter -                                                                                                                                                                                     ==CONNECTION POLL== ||| No server to shut down
2026-01-26 15:32:00,641 - DEBUG - iOS_PQPrototypeWaiter -                                                                                                                                             ==SERVER THREAD== ||| Not connected to Quest Network, retrying host in 3 seconds
2026-01-26 15:32:02,957 - DEBUG - iOS_PQPrototypeWaiter - checking again
2026-01-26 15:32:02,958 - DEBUG - ThreadUtils -                      --MainThread: WAITING FOR Keys Lock
2026-01-26 15:32:02,958 - DEBUG - ThreadUtils -                      --MainThread: ACQUIRED Keys Lock
2026-01-26 15:32:02,958 - DEBUG - ThreadUtils -                      --MainThread: WAITING FOR Schedules Lock
2026-01-26 15:32:02,958 - DEBUG - ThreadUtils -                      --MainThread: ACQUIRED Schedules Lock
2026-01-26 15:32:02,958 - DEBUG - iOS_PQPrototypeWaiter - Inspecting Scheduled Gym
2026-01-26 15:32:02,958 - DEBUG - iOS_PQPrototypeWaiter - Checking if Scheduled Gym should have started (2026-01-27 14:30:00 - 2026-01-27 17:00:05)
2026-01-26 15:32:02,958 - DEBUG - iOS_PQPrototypeWaiter - Not time.

2026-01-26 15:32:02,958 - DEBUG - iOS_PQPrototypeWaiter - Inspecting CampusQuest II
2026-01-26 15:32:02,958 - DEBUG - iOS_PQPrototypeWaiter - CampusQuest II not active

2026-01-26 15:32:02,958 - DEBUG - iOS_PQPrototypeWaiter - Inspecting CampusQuest I
2026-01-26 15:32:02,958 - DEBUG - iOS_PQPrototypeWaiter - CampusQuest I not active

2026-01-26 15:32:02,958 - DEBUG - iOS_PQPrototypeWaiter - Inspecting Bedtime Locker
2026-01-26 15:32:02,959 - DEBUG - iOS_PQPrototypeWaiter - No keys received

2026-01-26 15:32:02,959 - DEBUG - ThreadUtils -                      --MainThread: RELEASED Schedules Lock
2026-01-26 15:32:02,959 - DEBUG - ThreadUtils -                      --MainThread: WAITING FOR Quest Lock
2026-01-26 15:32:02,959 - DEBUG - ThreadUtils -                      --MainThread: ACQUIRED Quest Lock
2026-01-26 15:32:02,959 - DEBUG - ThreadUtils -                      --MainThread: RELEASED Quest Lock
2026-01-26 15:32:02,959 - DEBUG - ThreadUtils -                      --MainThread: RELEASED Keys Lock
2026-01-26 15:32:02,959 - DEBUG - iOS_PQPrototypeWaiter - ===========================================================================================================COMPUTER LOCKED===========================================================================================================
2026-01-26 15:32:02,960 - DEBUG - iOS_PQPrototypeWaiter - Failed to bring window to front
2026-01-26 15:32:02,960 - DEBUG - iOS_PQPrototypeWaiter - waiting before checking again
2026-01-26 15:32:03,641 - DEBUG - iOS_PQPrototypeWaiter -                                                                                                                                             ==SERVER THREAD== ||| Not connected to Quest Network, retrying host in 3 seconds
2026-01-26 15:32:04,759 - DEBUG - iOS_PQPrototypeWaiter -                                                                                                                                                                                     ==CONNECTION POLL== ||| Scanning networks...
2026-01-26 15:32:04,833 - DEBUG - iOS_PQPrototypeWaiter -                                                                                                                                                                                     ==CONNECTION POLL== ||| Result: Not connected to QuestNetwork
2026-01-26 15:32:04,834 - DEBUG - iOS_PQPrototypeWaiter -                                                                                                                                                                                     ==CONNECTION POLL== ||| Attempting to shut down server
2026-01-26 15:32:04,834 - DEBUG - iOS_PQPrototypeWaiter -                                                                                                                                                                                     ==CONNECTION POLL== ||| No server to shut down
2026-01-26 15:32:06,641 - DEBUG - iOS_PQPrototypeWaiter -                                                                                                                                             ==SERVER THREAD== ||| Not connected to Quest Network, retrying host in 3 seconds
2026-01-26 15:32:07,960 - DEBUG - iOS_PQPrototypeWaiter - checking again
2026-01-26 15:32:07,961 - DEBUG - ThreadUtils -                      --MainThread: WAITING FOR Keys Lock
2026-01-26 15:32:07,961 - DEBUG - ThreadUtils -                      --MainThread: ACQUIRED Keys Lock
2026-01-26 15:32:07,961 - DEBUG - ThreadUtils -                      --MainThread: WAITING FOR Schedules Lock
2026-01-26 15:32:07,961 - DEBUG - ThreadUtils -                      --MainThread: ACQUIRED Schedules Lock
2026-01-26 15:32:07,961 - DEBUG - iOS_PQPrototypeWaiter - Inspecting Scheduled Gym
2026-01-26 15:32:07,961 - DEBUG - iOS_PQPrototypeWaiter - Checking if Scheduled Gym should have started (2026-01-27 14:30:00 - 2026-01-27 17:00:05)
2026-01-26 15:32:07,961 - DEBUG - iOS_PQPrototypeWaiter - Not time.

2026-01-26 15:32:07,961 - DEBUG - iOS_PQPrototypeWaiter - Inspecting CampusQuest II
2026-01-26 15:32:07,961 - DEBUG - iOS_PQPrototypeWaiter - CampusQuest II not active

2026-01-26 15:32:07,961 - DEBUG - iOS_PQPrototypeWaiter - Inspecting CampusQuest I
2026-01-26 15:32:07,961 - DEBUG - iOS_PQPrototypeWaiter - CampusQuest I not active

2026-01-26 15:32:07,961 - DEBUG - iOS_PQPrototypeWaiter - Inspecting Bedtime Locker
2026-01-26 15:32:07,961 - DEBUG - iOS_PQPrototypeWaiter - No keys received

2026-01-26 15:32:07,961 - DEBUG - ThreadUtils -                      --MainThread: RELEASED Schedules Lock
2026-01-26 15:32:07,961 - DEBUG - ThreadUtils -                      --MainThread: WAITING FOR Quest Lock
2026-01-26 15:32:07,961 - DEBUG - ThreadUtils -                      --MainThread: ACQUIRED Quest Lock
2026-01-26 15:32:07,961 - DEBUG - ThreadUtils -                      --MainThread: RELEASED Quest Lock
2026-01-26 15:32:07,961 - DEBUG - ThreadUtils -                      --MainThread: RELEASED Keys Lock
2026-01-26 15:32:07,961 - DEBUG - iOS_PQPrototypeWaiter - ===========================================================================================================COMPUTER LOCKED===========================================================================================================
2026-01-26 15:32:07,962 - DEBUG - iOS_PQPrototypeWaiter - waiting before checking again
2026-01-26 15:32:08,061 - DEBUG - iOS_PQPrototypeWaiter -                                                                                               ==CONNECTION PROGRESS== ||| Visible Networks: 
2026-01-26 15:32:08,061 - DEBUG - iOS_PQPrototypeWaiter -                                                                                               ==CONNECTION PROGRESS== ||| Found: EE WiFi
2026-01-26 15:32:08,061 - DEBUG - iOS_PQPrototypeWaiter -                                                                                               ==CONNECTION PROGRESS== ||| Found: EE-696ZJP
2026-01-26 15:32:08,061 - DEBUG - iOS_PQPrototypeWaiter -                                                                                               ==CONNECTION PROGRESS== ||| Found: VM8383937
2026-01-26 15:32:08,061 - DEBUG - iOS_PQPrototypeWaiter -                                                                                               ==CONNECTION PROGRESS== ||| Found: Optify
2026-01-26 15:32:08,061 - DEBUG - iOS_PQPrototypeWaiter -                                                                                               ==CONNECTION PROGRESS== ||| Found: Tapo_Cam_6401
2026-01-26 15:32:08,061 - DEBUG - iOS_PQPrototypeWaiter -                                                                                               ==CONNECTION PROGRESS== ||| Checking for WillPhone...
2026-01-26 15:32:08,061 - DEBUG - iOS_PQPrototypeWaiter -                                                                                               ==CONNECTION PROGRESS== ||| Quest Network not found...
2026-01-26 15:32:09,642 - DEBUG - iOS_PQPrototypeWaiter -                                                                                                                                             ==SERVER THREAD== ||| Not connected to Quest Network, retrying host in 3 seconds
2026-01-26 15:32:09,834 - DEBUG - iOS_PQPrototypeWaiter -                                                                                                                                                                                     ==CONNECTION POLL== ||| Scanning networks...
2026-01-26 15:32:09,900 - DEBUG - iOS_PQPrototypeWaiter -                                                                                                                                                                                     ==CONNECTION POLL== ||| Result: Not connected to QuestNetwork
2026-01-26 15:32:09,901 - DEBUG - iOS_PQPrototypeWaiter -                                                                                                                                                                                     ==CONNECTION POLL== ||| Attempting to shut down server
2026-01-26 15:32:09,901 - DEBUG - iOS_PQPrototypeWaiter -                                                                                                                                                                                     ==CONNECTION POLL== ||| No server to shut down
2026-01-26 15:32:12,642 - DEBUG - iOS_PQPrototypeWaiter -                                                                                                                                             ==SERVER THREAD== ||| Not connected to Quest Network, retrying host in 3 seconds
2026-01-26 15:32:12,962 - DEBUG - iOS_PQPrototypeWaiter - checking again
2026-01-26 15:32:12,962 - DEBUG - ThreadUtils -                      --MainThread: WAITING FOR Keys Lock
2026-01-26 15:32:12,962 - DEBUG - ThreadUtils -                      --MainThread: ACQUIRED Keys Lock
2026-01-26 15:32:12,962 - DEBUG - ThreadUtils -                      --MainThread: WAITING FOR Schedules Lock
2026-01-26 15:32:12,962 - DEBUG - ThreadUtils -                      --MainThread: ACQUIRED Schedules Lock
2026-01-26 15:32:12,962 - DEBUG - iOS_PQPrototypeWaiter - Inspecting Scheduled Gym
2026-01-26 15:32:12,963 - DEBUG - iOS_PQPrototypeWaiter - Checking if Scheduled Gym should have started (2026-01-27 14:30:00 - 2026-01-27 17:00:05)
2026-01-26 15:32:12,963 - DEBUG - iOS_PQPrototypeWaiter - Not time.

2026-01-26 15:32:12,963 - DEBUG - iOS_PQPrototypeWaiter - Inspecting CampusQuest II
2026-01-26 15:32:12,963 - DEBUG - iOS_PQPrototypeWaiter - CampusQuest II not active

2026-01-26 15:32:12,963 - DEBUG - iOS_PQPrototypeWaiter - Inspecting CampusQuest I
2026-01-26 15:32:12,963 - DEBUG - iOS_PQPrototypeWaiter - CampusQuest I not active

2026-01-26 15:32:12,963 - DEBUG - iOS_PQPrototypeWaiter - Inspecting Bedtime Locker
2026-01-26 15:32:12,963 - DEBUG - iOS_PQPrototypeWaiter - No keys received

2026-01-26 15:32:12,963 - DEBUG - ThreadUtils -                      --MainThread: RELEASED Schedules Lock
2026-01-26 15:32:12,963 - DEBUG - ThreadUtils -                      --MainThread: WAITING FOR Quest Lock
2026-01-26 15:32:12,963 - DEBUG - ThreadUtils -                      --MainThread: ACQUIRED Quest Lock
2026-01-26 15:32:12,963 - DEBUG - ThreadUtils -                      --MainThread: RELEASED Quest Lock
2026-01-26 15:32:12,963 - DEBUG - ThreadUtils -                      --MainThread: RELEASED Keys Lock
2026-01-26 15:32:12,964 - DEBUG - iOS_PQPrototypeWaiter - ===========================================================================================================COMPUTER LOCKED===========================================================================================================
2026-01-26 15:32:12,964 - DEBUG - iOS_PQPrototypeWaiter - waiting before checking again
2026-01-26 15:32:14,903 - DEBUG - iOS_PQPrototypeWaiter -                                                                                                                                                                                     ==CONNECTION POLL== ||| Scanning networks...
2026-01-26 15:32:14,972 - DEBUG - iOS_PQPrototypeWaiter -                                                                                                                                                                                     ==CONNECTION POLL== ||| Result: Not connected to QuestNetwork
2026-01-26 15:32:14,972 - DEBUG - iOS_PQPrototypeWaiter -                                                                                                                                                                                     ==CONNECTION POLL== ||| Attempting to shut down server
2026-01-26 15:32:14,972 - DEBUG - iOS_PQPrototypeWaiter -                                                                                                                                                                                     ==CONNECTION POLL== ||| No server to shut down
2026-01-26 15:32:15,643 - DEBUG - iOS_PQPrototypeWaiter -                                                                                                                                             ==SERVER THREAD== ||| Not connected to Quest Network, retrying host in 3 seconds
