2026-01-26 15:29:16,226 - DEBUG - iOS_PQPrototypeWaiter - Locking during init
2026-01-26 15:29:16,226 - DEBUG - iOS_PQPrototypeWaiter - ==========================================================================================================COMPUTER LOCKED==========================================================================================================
2026-01-26 15:29:16,226 - DEBUG - iOS_PQPrototypeWaiter - Creating deadmans switch
2026-01-26 15:29:16,232 - DEBUG - iOS_PQPrototypeWaiter - Holding deadmans switch
2026-01-26 15:29:16,232 - DEBUG - iOS_PQPrototypeWaiter - loading schedules
2026-01-26 15:29:16,233 - DEBUG - iOS_PQPrototypeWaiter - loading schedules
2026-01-26 15:29:16,233 - DEBUG - iOS_PQPrototypeWaiter - ============= RAW FILE DATA =============
2026-01-26 15:29:16,233 - DEBUG - iOS_PQPrototypeWaiter - '{\n"isActive" : "True",\n"questInProgress" : "False",\n"schedule_everyXDays" : "True",\n"scheduleName" : "Scheduled Gym",\n"questUUID" : "7BFCA3E3-2FAD-4129-8E00-DC37475E9918",\n"schedule_XDayDelay" : "2",\n"startTime" : "27/1/2026, 14:30:0",\n"scheduledStartTime" : "27/1/2026, 14:30:0",\n"scheduledEndTime" : "27/1/2026, 17:0:5",\n"schedule_lastCompletionTime" : "25/1/2026, 16:47:36",\n"schedule_scheduledDays" : "1111111"\n}\n\n{\n"isActive" : "False",\n"questInProgress" : "False",\n"schedule_everyXDays" : "False",\n"scheduleName" : "CampusQuest II",\n"questUUID" : "FFAAD0E4-619C-4696-AA7D-4860FE0F40E9",\n"schedule_XDayDelay" : "1",\n"startTime" : "25/1/2026, 15:0:0",\n"scheduledStartTime" : "25/1/2026, 15:0:0",\n"scheduledEndTime" : "25/1/2026, 19:0:5",\n"schedule_lastCompletionTime" : "nil",\n"schedule_scheduledDays" : "1111100"\n}\n\n{\n"isActive" : "False",\n"questInProgress" : "False",\n"schedule_everyXDays" : "False",\n"scheduleName" : "CampusQuest I",\n"questUUID" : "FFAAD0E4-619C-4696-AA7D-4860FE0F40E9",\n"schedule_XDayDelay" : "1",\n"startTime" : "25/1/2026, 9:0:0",\n"scheduledStartTime" : "25/1/2026, 9:0:0",\n"scheduledEndTime" : "25/1/2026, 13:0:5",\n"schedule_lastCompletionTime" : "nil",\n"schedule_scheduledDays" : "1111100"\n}\n\n{\n"isActive" : "True",\n"questInProgress" : "True",\n"schedule_everyXDays" : "True",\n"scheduleName" : "Bedtime Locker",\n"questUUID" : "D55BEBE0-B40D-465F-BB45-F1BF1753551D",\n"schedule_XDayDelay" : "1",\n"startTime" : "25/1/2026, 23:0:0",\n"scheduledStartTime" : "25/1/2026, 23:0:0",\n"scheduledEndTime" : "26/1/2026, 6:0:5",\n"schedule_lastCompletionTime" : "nil",\n"schedule_scheduledDays" : "1111111"\n}'
2026-01-26 15:29:16,233 - DEBUG - iOS_PQPrototypeWaiter - =========================================

2026-01-26 15:29:16,233 - DEBUG - iOS_PQPrototypeWaiter - ============= LOADED =============
2026-01-26 15:29:16,233 - DEBUG - iOS_PQPrototypeWaiter - {
"isActive" : "True",
"questInProgress" : "False",
"schedule_everyXDays" : "True",
"scheduleName" : "Scheduled Gym",
"questUUID" : "7BFCA3E3-2FAD-4129-8E00-DC37475E9918",
"schedule_XDayDelay" : "2",
"startTime" : "27/1/2026, 14:30:0",
"scheduledStartTime" : "27/1/2026, 14:30:0",
"scheduledEndTime" : "27/1/2026, 17:0:5",
"schedule_lastCompletionTime" : "25/1/2026, 16:47:36",
"schedule_scheduledDays" : "1111111"
}
2026-01-26 15:29:16,233 - DEBUG - iOS_PQPrototypeWaiter -                 AS                
2026-01-26 15:29:16,233 - DEBUG - iOS_PQPrototypeWaiter - {
"isActive" : "True",
"questInProgress" : "False",
"schedule_everyXDays" : "True",
"scheduleName" : "Scheduled Gym",
"questUUID" : "7BFCA3E3-2FAD-4129-8E00-DC37475E9918",
"schedule_XDayDelay" : "2",
"startTime" : "27/1/2026, 14:30:0",
"scheduledStartTime" : "27/1/2026, 14:30:0",
"scheduledEndTime" : "27/1/2026, 17:0:5",
"schedule_lastCompletionTime" : "25/1/2026, 16:47:36",
"schedule_scheduledDays" : "1111111"
}
2026-01-26 15:29:16,233 - DEBUG - iOS_PQPrototypeWaiter - ==================================

2026-01-26 15:29:16,234 - DEBUG - iOS_PQPrototypeWaiter - ============= LOADED =============
2026-01-26 15:29:16,234 - DEBUG - iOS_PQPrototypeWaiter - {
"isActive" : "False",
"questInProgress" : "False",
"schedule_everyXDays" : "False",
"scheduleName" : "CampusQuest II",
"questUUID" : "FFAAD0E4-619C-4696-AA7D-4860FE0F40E9",
"schedule_XDayDelay" : "1",
"startTime" : "25/1/2026, 15:0:0",
"scheduledStartTime" : "25/1/2026, 15:0:0",
"scheduledEndTime" : "25/1/2026, 19:0:5",
"schedule_lastCompletionTime" : "nil",
"schedule_scheduledDays" : "1111100"
}
2026-01-26 15:29:16,234 - DEBUG - iOS_PQPrototypeWaiter -                 AS                
2026-01-26 15:29:16,234 - DEBUG - iOS_PQPrototypeWaiter - {
"isActive" : "False",
"questInProgress" : "False",
"schedule_everyXDays" : "False",
"scheduleName" : "CampusQuest II",
"questUUID" : "FFAAD0E4-619C-4696-AA7D-4860FE0F40E9",
"schedule_XDayDelay" : "1",
"startTime" : "25/1/2026, 15:0:0",
"scheduledStartTime" : "25/1/2026, 15:0:0",
"scheduledEndTime" : "25/1/2026, 19:0:5",
"schedule_lastCompletionTime" : "nil",
"schedule_scheduledDays" : "1111100"
}
2026-01-26 15:29:16,234 - DEBUG - iOS_PQPrototypeWaiter - ==================================

2026-01-26 15:29:16,234 - DEBUG - iOS_PQPrototypeWaiter - ============= LOADED =============
2026-01-26 15:29:16,234 - DEBUG - iOS_PQPrototypeWaiter - {
"isActive" : "False",
"questInProgress" : "False",
"schedule_everyXDays" : "False",
"scheduleName" : "CampusQuest I",
"questUUID" : "FFAAD0E4-619C-4696-AA7D-4860FE0F40E9",
"schedule_XDayDelay" : "1",
"startTime" : "25/1/2026, 9:0:0",
"scheduledStartTime" : "25/1/2026, 9:0:0",
"scheduledEndTime" : "25/1/2026, 13:0:5",
"schedule_lastCompletionTime" : "nil",
"schedule_scheduledDays" : "1111100"
}
2026-01-26 15:29:16,234 - DEBUG - iOS_PQPrototypeWaiter -                 AS                
2026-01-26 15:29:16,234 - DEBUG - iOS_PQPrototypeWaiter - {
"isActive" : "False",
"questInProgress" : "False",
"schedule_everyXDays" : "False",
"scheduleName" : "CampusQuest I",
"questUUID" : "FFAAD0E4-619C-4696-AA7D-4860FE0F40E9",
"schedule_XDayDelay" : "1",
"startTime" : "25/1/2026, 9:0:0",
"scheduledStartTime" : "25/1/2026, 9:0:0",
"scheduledEndTime" : "25/1/2026, 13:0:5",
"schedule_lastCompletionTime" : "nil",
"schedule_scheduledDays" : "1111100"
}
2026-01-26 15:29:16,234 - DEBUG - iOS_PQPrototypeWaiter - ==================================

2026-01-26 15:29:16,234 - DEBUG - iOS_PQPrototypeWaiter - ============= LOADED =============
2026-01-26 15:29:16,234 - DEBUG - iOS_PQPrototypeWaiter - {
"isActive" : "True",
"questInProgress" : "True",
"schedule_everyXDays" : "True",
"scheduleName" : "Bedtime Locker",
"questUUID" : "D55BEBE0-B40D-465F-BB45-F1BF1753551D",
"schedule_XDayDelay" : "1",
"startTime" : "25/1/2026, 23:0:0",
"scheduledStartTime" : "25/1/2026, 23:0:0",
"scheduledEndTime" : "26/1/2026, 6:0:5",
"schedule_lastCompletionTime" : "nil",
"schedule_scheduledDays" : "1111111"
}
2026-01-26 15:29:16,234 - DEBUG - iOS_PQPrototypeWaiter -                 AS                
2026-01-26 15:29:16,234 - DEBUG - iOS_PQPrototypeWaiter - {
"isActive" : "True",
"questInProgress" : "True",
"schedule_everyXDays" : "True",
"scheduleName" : "Bedtime Locker",
"questUUID" : "D55BEBE0-B40D-465F-BB45-F1BF1753551D",
"schedule_XDayDelay" : "1",
"startTime" : "25/1/2026, 23:0:0",
"scheduledStartTime" : "25/1/2026, 23:0:0",
"scheduledEndTime" : "26/1/2026, 6:0:5",
"schedule_lastCompletionTime" : "nil",
"schedule_scheduledDays" : "1111111"
}
2026-01-26 15:29:16,234 - DEBUG - iOS_PQPrototypeWaiter - ==================================

2026-01-26 15:29:16,234 - DEBUG - iOS_PQPrototypeWaiter - creating server thread
2026-01-26 15:29:16,234 - DEBUG - iOS_PQPrototypeWaiter -                                                                                                                                             ==SERVER THREAD== ||| Not connected to Quest Network, retrying host in 3 seconds
2026-01-26 15:29:16,235 - DEBUG - iOS_PQPrototypeWaiter - creating phone connection poller
2026-01-26 15:29:16,235 - DEBUG - iOS_PQPrototypeWaiter -                                                                                                                                                                                     ==CONNECTION POLL== ||| Scanning networks...
2026-01-26 15:29:16,235 - DEBUG - iOS_PQPrototypeWaiter - Init finished... Unlocking and starting now
2026-01-26 15:29:16,235 - DEBUG - iOS_PQPrototypeWaiter - checking again
2026-01-26 15:29:16,235 - DEBUG - ThreadUtils -                      --MainThread: WAITING FOR Keys Lock
2026-01-26 15:29:16,235 - DEBUG - ThreadUtils -                      --MainThread: ACQUIRED Keys Lock
2026-01-26 15:29:16,235 - DEBUG - ThreadUtils -                      --MainThread: WAITING FOR Schedules Lock
2026-01-26 15:29:16,235 - DEBUG - ThreadUtils -                      --MainThread: ACQUIRED Schedules Lock
2026-01-26 15:29:16,235 - DEBUG - iOS_PQPrototypeWaiter - Inspecting Scheduled Gym
2026-01-26 15:29:16,235 - DEBUG - iOS_PQPrototypeWaiter - Checking if Scheduled Gym should have started (2026-01-27 14:30:00 - 2026-01-27 17:00:05)
2026-01-26 15:29:16,235 - DEBUG - iOS_PQPrototypeWaiter - Not time.

2026-01-26 15:29:16,235 - DEBUG - iOS_PQPrototypeWaiter - Inspecting CampusQuest II
2026-01-26 15:29:16,235 - DEBUG - iOS_PQPrototypeWaiter - CampusQuest II not active

2026-01-26 15:29:16,236 - DEBUG - iOS_PQPrototypeWaiter - Inspecting CampusQuest I
2026-01-26 15:29:16,236 - DEBUG - iOS_PQPrototypeWaiter - CampusQuest I not active

2026-01-26 15:29:16,236 - DEBUG - iOS_PQPrototypeWaiter - Inspecting Bedtime Locker
2026-01-26 15:29:16,236 - DEBUG - iOS_PQPrototypeWaiter - No keys received

2026-01-26 15:29:16,236 - DEBUG - ThreadUtils -                      --MainThread: RELEASED Schedules Lock
2026-01-26 15:29:16,236 - DEBUG - ThreadUtils -                      --MainThread: WAITING FOR Quest Lock
2026-01-26 15:29:16,236 - DEBUG - ThreadUtils -                      --MainThread: ACQUIRED Quest Lock
2026-01-26 15:29:16,236 - DEBUG - ThreadUtils -                      --MainThread: RELEASED Quest Lock
2026-01-26 15:29:16,236 - DEBUG - ThreadUtils -                      --MainThread: RELEASED Keys Lock
2026-01-26 15:29:16,236 - DEBUG - iOS_PQPrototypeWaiter - ===========================================================================================================COMPUTER LOCKED===========================================================================================================
2026-01-26 15:29:16,237 - DEBUG - iOS_PQPrototypeWaiter - Failed to bring window to front
2026-01-26 15:29:16,237 - DEBUG - iOS_PQPrototypeWaiter - waiting before checking again
2026-01-26 15:29:16,317 - DEBUG - iOS_PQPrototypeWaiter -                                                                                                                                                                                     ==CONNECTION POLL== ||| Result: Not connected to QuestNetwork
2026-01-26 15:29:16,317 - DEBUG - iOS_PQPrototypeWaiter -                                                                                                                                                                                     ==CONNECTION POLL== ||| Attempting to shut down server
2026-01-26 15:29:16,317 - DEBUG - iOS_PQPrototypeWaiter -                                                                                                                                                                                     ==CONNECTION POLL== ||| No server to shut down
2026-01-26 15:29:19,235 - DEBUG - iOS_PQPrototypeWaiter -                                                                                                                                             ==SERVER THREAD== ||| Not connected to Quest Network, retrying host in 3 seconds
2026-01-26 15:29:21,237 - DEBUG - iOS_PQPrototypeWaiter - checking again
2026-01-26 15:29:21,238 - DEBUG - ThreadUtils -                      --MainThread: WAITING FOR Keys Lock
2026-01-26 15:29:21,238 - DEBUG - ThreadUtils -                      --MainThread: ACQUIRED Keys Lock
2026-01-26 15:29:21,238 - DEBUG - ThreadUtils -                      --MainThread: WAITING FOR Schedules Lock
2026-01-26 15:29:21,238 - DEBUG - ThreadUtils -                      --MainThread: ACQUIRED Schedules Lock
2026-01-26 15:29:21,238 - DEBUG - iOS_PQPrototypeWaiter - Inspecting Scheduled Gym
2026-01-26 15:29:21,238 - DEBUG - iOS_PQPrototypeWaiter - Checking if Scheduled Gym should have started (2026-01-27 14:30:00 - 2026-01-27 17:00:05)
2026-01-26 15:29:21,238 - DEBUG - iOS_PQPrototypeWaiter - Not time.

2026-01-26 15:29:21,238 - DEBUG - iOS_PQPrototypeWaiter - Inspecting CampusQuest II
2026-01-26 15:29:21,238 - DEBUG - iOS_PQPrototypeWaiter - CampusQuest II not active

2026-01-26 15:29:21,238 - DEBUG - iOS_PQPrototypeWaiter - Inspecting CampusQuest I
2026-01-26 15:29:21,238 - DEBUG - iOS_PQPrototypeWaiter - CampusQuest I not active

2026-01-26 15:29:21,238 - DEBUG - iOS_PQPrototypeWaiter - Inspecting Bedtime Locker
2026-01-26 15:29:21,238 - DEBUG - iOS_PQPrototypeWaiter - No keys received

2026-01-26 15:29:21,238 - DEBUG - ThreadUtils -                      --MainThread: RELEASED Schedules Lock
2026-01-26 15:29:21,238 - DEBUG - ThreadUtils -                      --MainThread: WAITING FOR Quest Lock
2026-01-26 15:29:21,238 - DEBUG - ThreadUtils -                      --MainThread: ACQUIRED Quest Lock
2026-01-26 15:29:21,238 - DEBUG - ThreadUtils -                      --MainThread: RELEASED Quest Lock
2026-01-26 15:29:21,238 - DEBUG - ThreadUtils -                      --MainThread: RELEASED Keys Lock
2026-01-26 15:29:21,238 - DEBUG - iOS_PQPrototypeWaiter - ===========================================================================================================COMPUTER LOCKED===========================================================================================================
2026-01-26 15:29:21,239 - DEBUG - iOS_PQPrototypeWaiter - Failed to bring window to front
2026-01-26 15:29:21,239 - DEBUG - iOS_PQPrototypeWaiter - waiting before checking again
2026-01-26 15:29:21,318 - DEBUG - iOS_PQPrototypeWaiter -                                                                                                                                                                                     ==CONNECTION POLL== ||| Scanning networks...
2026-01-26 15:29:21,355 - DEBUG - iOS_PQPrototypeWaiter -                                                                                               ==CONNECTION PROGRESS== ||| Visible Networks: 
2026-01-26 15:29:21,355 - DEBUG - iOS_PQPrototypeWaiter -                                                                                               ==CONNECTION PROGRESS== ||| Found: Optify
2026-01-26 15:29:21,355 - DEBUG - iOS_PQPrototypeWaiter -                                                                                               ==CONNECTION PROGRESS== ||| Checking for WillPhone...
2026-01-26 15:29:21,355 - DEBUG - iOS_PQPrototypeWaiter -                                                                                               ==CONNECTION PROGRESS== ||| Quest Network not found...
2026-01-26 15:29:21,391 - DEBUG - iOS_PQPrototypeWaiter -                                                                                                                                                                                     ==CONNECTION POLL== ||| Result: Not connected to QuestNetwork
2026-01-26 15:29:21,391 - DEBUG - iOS_PQPrototypeWaiter -                                                                                                                                                                                     ==CONNECTION POLL== ||| Attempting to shut down server
2026-01-26 15:29:21,391 - DEBUG - iOS_PQPrototypeWaiter -                                                                                                                                                                                     ==CONNECTION POLL== ||| No server to shut down
2026-01-26 15:29:22,236 - DEBUG - iOS_PQPrototypeWaiter -                                                                                                                                             ==SERVER THREAD== ||| Not connected to Quest Network, retrying host in 3 seconds
2026-01-26 15:29:25,237 - DEBUG - iOS_PQPrototypeWaiter -                                                                                                                                             ==SERVER THREAD== ||| Not connected to Quest Network, retrying host in 3 seconds
2026-01-26 15:29:26,239 - DEBUG - iOS_PQPrototypeWaiter - checking again
2026-01-26 15:29:26,239 - DEBUG - ThreadUtils -                      --MainThread: WAITING FOR Keys Lock
2026-01-26 15:29:26,239 - DEBUG - ThreadUtils -                      --MainThread: ACQUIRED Keys Lock
2026-01-26 15:29:26,239 - DEBUG - ThreadUtils -                      --MainThread: WAITING FOR Schedules Lock
2026-01-26 15:29:26,239 - DEBUG - ThreadUtils -                      --MainThread: ACQUIRED Schedules Lock
2026-01-26 15:29:26,239 - DEBUG - iOS_PQPrototypeWaiter - Inspecting Scheduled Gym
2026-01-26 15:29:26,239 - DEBUG - iOS_PQPrototypeWaiter - Checking if Scheduled Gym should have started (2026-01-27 14:30:00 - 2026-01-27 17:00:05)
2026-01-26 15:29:26,239 - DEBUG - iOS_PQPrototypeWaiter - Not time.

2026-01-26 15:29:26,239 - DEBUG - iOS_PQPrototypeWaiter - Inspecting CampusQuest II
2026-01-26 15:29:26,239 - DEBUG - iOS_PQPrototypeWaiter - CampusQuest II not active

2026-01-26 15:29:26,239 - DEBUG - iOS_PQPrototypeWaiter - Inspecting CampusQuest I
2026-01-26 15:29:26,240 - DEBUG - iOS_PQPrototypeWaiter - CampusQuest I not active

2026-01-26 15:29:26,240 - DEBUG - iOS_PQPrototypeWaiter - Inspecting Bedtime Locker
2026-01-26 15:29:26,240 - DEBUG - iOS_PQPrototypeWaiter - No keys received

2026-01-26 15:29:26,240 - DEBUG - ThreadUtils -                      --MainThread: RELEASED Schedules Lock
2026-01-26 15:29:26,240 - DEBUG - ThreadUtils -                      --MainThread: WAITING FOR Quest Lock
2026-01-26 15:29:26,240 - DEBUG - ThreadUtils -                      --MainThread: ACQUIRED Quest Lock
2026-01-26 15:29:26,240 - DEBUG - ThreadUtils -                      --MainThread: RELEASED Quest Lock
2026-01-26 15:29:26,240 - DEBUG - ThreadUtils -                      --MainThread: RELEASED Keys Lock
2026-01-26 15:29:26,240 - DEBUG - iOS_PQPrototypeWaiter - ===========================================================================================================COMPUTER LOCKED===========================================================================================================
2026-01-26 15:29:26,241 - DEBUG - iOS_PQPrototypeWaiter - Failed to bring window to front
2026-01-26 15:29:26,241 - DEBUG - iOS_PQPrototypeWaiter - waiting before checking again
2026-01-26 15:29:26,391 - DEBUG - iOS_PQPrototypeWaiter -                                                                                                                                                                                     ==CONNECTION POLL== ||| Scanning networks...
2026-01-26 15:29:26,469 - DEBUG - iOS_PQPrototypeWaiter -                                                                                                                                                                                     ==CONNECTION POLL== ||| Result: Not connected to QuestNetwork
2026-01-26 15:29:26,469 - DEBUG - iOS_PQPrototypeWaiter -                                                                                                                                                                                     ==CONNECTION POLL== ||| Attempting to shut down server
2026-01-26 15:29:26,469 - DEBUG - iOS_PQPrototypeWaiter -                                                                                                                                                                                     ==CONNECTION POLL== ||| No server to shut down
2026-01-26 15:29:28,237 - DEBUG - iOS_PQPrototypeWaiter -                                                                                                                                             ==SERVER THREAD== ||| Not connected to Quest Network, retrying host in 3 seconds
2026-01-26 15:29:31,238 - DEBUG - iOS_PQPrototypeWaiter -                                                                                                                                             ==SERVER THREAD== ||| Not connected to Quest Network, retrying host in 3 seconds
2026-01-26 15:29:31,241 - DEBUG - iOS_PQPrototypeWaiter - checking again
2026-01-26 15:29:31,241 - DEBUG - ThreadUtils -                      --MainThread: WAITING FOR Keys Lock
2026-01-26 15:29:31,241 - DEBUG - ThreadUtils -                      --MainThread: ACQUIRED Keys Lock
2026-01-26 15:29:31,241 - DEBUG - ThreadUtils -                      --MainThread: WAITING FOR Schedules Lock
2026-01-26 15:29:31,241 - DEBUG - ThreadUtils -                      --MainThread: ACQUIRED Schedules Lock
2026-01-26 15:29:31,241 - DEBUG - iOS_PQPrototypeWaiter - Inspecting Scheduled Gym
2026-01-26 15:29:31,241 - DEBUG - iOS_PQPrototypeWaiter - Checking if Scheduled Gym should have started (2026-01-27 14:30:00 - 2026-01-27 17:00:05)
2026-01-26 15:29:31,241 - DEBUG - iOS_PQPrototypeWaiter - Not time.

2026-01-26 15:29:31,241 - DEBUG - iOS_PQPrototypeWaiter - Inspecting CampusQuest II
2026-01-26 15:29:31,241 - DEBUG - iOS_PQPrototypeWaiter - CampusQuest II not active

2026-01-26 15:29:31,241 - DEBUG - iOS_PQPrototypeWaiter - Inspecting CampusQuest I
2026-01-26 15:29:31,242 - DEBUG - iOS_PQPrototypeWaiter - CampusQuest I not active

2026-01-26 15:29:31,242 - DEBUG - iOS_PQPrototypeWaiter - Inspecting Bedtime Locker
2026-01-26 15:29:31,242 - DEBUG - iOS_PQPrototypeWaiter - No keys received

2026-01-26 15:29:31,242 - DEBUG - ThreadUtils -                      --MainThread: RELEASED Schedules Lock
2026-01-26 15:29:31,242 - DEBUG - ThreadUtils -                      --MainThread: WAITING FOR Quest Lock
2026-01-26 15:29:31,242 - DEBUG - ThreadUtils -                      --MainThread: ACQUIRED Quest Lock
2026-01-26 15:29:31,242 - DEBUG - ThreadUtils -                      --MainThread: RELEASED Quest Lock
2026-01-26 15:29:31,242 - DEBUG - ThreadUtils -                      --MainThread: RELEASED Keys Lock
2026-01-26 15:29:31,242 - DEBUG - iOS_PQPrototypeWaiter - ===========================================================================================================COMPUTER LOCKED===========================================================================================================
2026-01-26 15:29:31,242 - DEBUG - iOS_PQPrototypeWaiter - Failed to bring window to front
2026-01-26 15:29:31,242 - DEBUG - iOS_PQPrototypeWaiter - waiting before checking again
2026-01-26 15:29:31,344 - DEBUG - iOS_PQPrototypeWaiter -                                                                                               ==CONNECTION PROGRESS== ||| Visible Networks: 
2026-01-26 15:29:31,344 - DEBUG - iOS_PQPrototypeWaiter -                                                                                               ==CONNECTION PROGRESS== ||| Found: Tapo_Cam_6401
2026-01-26 15:29:31,345 - DEBUG - iOS_PQPrototypeWaiter -                                                                                               ==CONNECTION PROGRESS== ||| Found: Optify
2026-01-26 15:29:31,345 - DEBUG - iOS_PQPrototypeWaiter -                                                                                               ==CONNECTION PROGRESS== ||| Checking for WillPhone...
2026-01-26 15:29:31,345 - DEBUG - iOS_PQPrototypeWaiter -                                                                                               ==CONNECTION PROGRESS== ||| Quest Network not found...
2026-01-26 15:29:31,469 - DEBUG - iOS_PQPrototypeWaiter -                                                                                                                                                                                     ==CONNECTION POLL== ||| Scanning networks...
2026-01-26 15:29:31,538 - DEBUG - iOS_PQPrototypeWaiter -                                                                                                                                                                                     ==CONNECTION POLL== ||| Result: Not connected to QuestNetwork
2026-01-26 15:29:31,538 - DEBUG - iOS_PQPrototypeWaiter -                                                                                                                                                                                     ==CONNECTION POLL== ||| Attempting to shut down server
2026-01-26 15:29:31,538 - DEBUG - iOS_PQPrototypeWaiter -                                                                                                                                                                                     ==CONNECTION POLL== ||| No server to shut down
2026-01-26 15:29:34,238 - DEBUG - iOS_PQPrototypeWaiter -                                                                                                                                             ==SERVER THREAD== ||| Not connected to Quest Network, retrying host in 3 seconds
2026-01-26 15:29:36,243 - DEBUG - iOS_PQPrototypeWaiter - checking again
2026-01-26 15:29:36,243 - DEBUG - ThreadUtils -                      --MainThread: WAITING FOR Keys Lock
2026-01-26 15:29:36,243 - DEBUG - ThreadUtils -                      --MainThread: ACQUIRED Keys Lock
2026-01-26 15:29:36,243 - DEBUG - ThreadUtils -                      --MainThread: WAITING FOR Schedules Lock
2026-01-26 15:29:36,243 - DEBUG - ThreadUtils -                      --MainThread: ACQUIRED Schedules Lock
2026-01-26 15:29:36,243 - DEBUG - iOS_PQPrototypeWaiter - Inspecting Scheduled Gym
2026-01-26 15:29:36,243 - DEBUG - iOS_PQPrototypeWaiter - Checking if Scheduled Gym should have started (2026-01-27 14:30:00 - 2026-01-27 17:00:05)
2026-01-26 15:29:36,243 - DEBUG - iOS_PQPrototypeWaiter - Not time.

2026-01-26 15:29:36,243 - DEBUG - iOS_PQPrototypeWaiter - Inspecting CampusQuest II
2026-01-26 15:29:36,243 - DEBUG - iOS_PQPrototypeWaiter - CampusQuest II not active

2026-01-26 15:29:36,243 - DEBUG - iOS_PQPrototypeWaiter - Inspecting CampusQuest I
2026-01-26 15:29:36,243 - DEBUG - iOS_PQPrototypeWaiter - CampusQuest I not active

2026-01-26 15:29:36,243 - DEBUG - iOS_PQPrototypeWaiter - Inspecting Bedtime Locker
2026-01-26 15:29:36,244 - DEBUG - iOS_PQPrototypeWaiter - No keys received

2026-01-26 15:29:36,244 - DEBUG - ThreadUtils -                      --MainThread: RELEASED Schedules Lock
2026-01-26 15:29:36,244 - DEBUG - ThreadUtils -                      --MainThread: WAITING FOR Quest Lock
2026-01-26 15:29:36,244 - DEBUG - ThreadUtils -                      --MainThread: ACQUIRED Quest Lock
2026-01-26 15:29:36,244 - DEBUG - ThreadUtils -                      --MainThread: RELEASED Quest Lock
2026-01-26 15:29:36,244 - DEBUG - ThreadUtils -                      --MainThread: RELEASED Keys Lock
2026-01-26 15:29:36,244 - DEBUG - iOS_PQPrototypeWaiter - ===========================================================================================================COMPUTER LOCKED===========================================================================================================
2026-01-26 15:29:36,245 - DEBUG - iOS_PQPrototypeWaiter - Failed to bring window to front
2026-01-26 15:29:36,245 - DEBUG - iOS_PQPrototypeWaiter - waiting before checking again
2026-01-26 15:29:36,538 - DEBUG - iOS_PQPrototypeWaiter -                                                                                                                                                                                     ==CONNECTION POLL== ||| Scanning networks...
2026-01-26 15:29:36,621 - DEBUG - iOS_PQPrototypeWaiter -                                                                                                                                                                                     ==CONNECTION POLL== ||| Result: Not connected to QuestNetwork
2026-01-26 15:29:36,621 - DEBUG - iOS_PQPrototypeWaiter -                                                                                                                                                                                     ==CONNECTION POLL== ||| Attempting to shut down server
2026-01-26 15:29:36,621 - DEBUG - iOS_PQPrototypeWaiter -                                                                                                                                                                                     ==CONNECTION POLL== ||| No server to shut down
2026-01-26 15:29:37,238 - DEBUG - iOS_PQPrototypeWaiter -                                                                                                                                             ==SERVER THREAD== ||| Not connected to Quest Network, retrying host in 3 seconds
2026-01-26 15:29:40,239 - DEBUG - iOS_PQPrototypeWaiter -                                                                                                                                             ==SERVER THREAD== ||| Not connected to Quest Network, retrying host in 3 seconds
2026-01-26 15:29:41,245 - DEBUG - iOS_PQPrototypeWaiter - checking again
2026-01-26 15:29:41,245 - DEBUG - ThreadUtils -                      --MainThread: WAITING FOR Keys Lock
2026-01-26 15:29:41,245 - DEBUG - ThreadUtils -                      --MainThread: ACQUIRED Keys Lock
2026-01-26 15:29:41,245 - DEBUG - ThreadUtils -                      --MainThread: WAITING FOR Schedules Lock
2026-01-26 15:29:41,245 - DEBUG - ThreadUtils -                      --MainThread: ACQUIRED Schedules Lock
2026-01-26 15:29:41,246 - DEBUG - iOS_PQPrototypeWaiter - Inspecting Scheduled Gym
2026-01-26 15:29:41,246 - DEBUG - iOS_PQPrototypeWaiter - Checking if Scheduled Gym should have started (2026-01-27 14:30:00 - 2026-01-27 17:00:05)
2026-01-26 15:29:41,246 - DEBUG - iOS_PQPrototypeWaiter - Not time.

2026-01-26 15:29:41,246 - DEBUG - iOS_PQPrototypeWaiter - Inspecting CampusQuest II
2026-01-26 15:29:41,246 - DEBUG - iOS_PQPrototypeWaiter - CampusQuest II not active

2026-01-26 15:29:41,246 - DEBUG - iOS_PQPrototypeWaiter - Inspecting CampusQuest I
2026-01-26 15:29:41,246 - DEBUG - iOS_PQPrototypeWaiter - CampusQuest I not active

2026-01-26 15:29:41,246 - DEBUG - iOS_PQPrototypeWaiter - Inspecting Bedtime Locker
2026-01-26 15:29:41,246 - DEBUG - iOS_PQPrototypeWaiter - No keys received

2026-01-26 15:29:41,246 - DEBUG - ThreadUtils -                      --MainThread: RELEASED Schedules Lock
2026-01-26 15:29:41,246 - DEBUG - ThreadUtils -                      --MainThread: WAITING FOR Quest Lock
2026-01-26 15:29:41,246 - DEBUG - ThreadUtils -                      --MainThread: ACQUIRED Quest Lock
2026-01-26 15:29:41,246 - DEBUG - ThreadUtils -                      --MainThread: RELEASED Quest Lock
2026-01-26 15:29:41,246 - DEBUG - ThreadUtils -                      --MainThread: RELEASED Keys Lock
2026-01-26 15:29:41,246 - DEBUG - iOS_PQPrototypeWaiter - ===========================================================================================================COMPUTER LOCKED===========================================================================================================
2026-01-26 15:29:41,247 - DEBUG - iOS_PQPrototypeWaiter - Failed to bring window to front
2026-01-26 15:29:41,247 - DEBUG - iOS_PQPrototypeWaiter - waiting before checking again
2026-01-26 15:29:41,359 - DEBUG - iOS_PQPrototypeWaiter -                                                                                               ==CONNECTION PROGRESS== ||| Visible Networks: 
2026-01-26 15:29:41,359 - DEBUG - iOS_PQPrototypeWaiter -                                                                                               ==CONNECTION PROGRESS== ||| Found: Tapo_Cam_6401
2026-01-26 15:29:41,359 - DEBUG - iOS_PQPrototypeWaiter -                                                                                               ==CONNECTION PROGRESS== ||| Found: Optify
2026-01-26 15:29:41,359 - DEBUG - iOS_PQPrototypeWaiter -                                                                                               ==CONNECTION PROGRESS== ||| Checking for WillPhone...
2026-01-26 15:29:41,359 - DEBUG - iOS_PQPrototypeWaiter -                                                                                               ==CONNECTION PROGRESS== ||| Quest Network not found...
2026-01-26 15:29:41,621 - DEBUG - iOS_PQPrototypeWaiter -                                                                                                                                                                                     ==CONNECTION POLL== ||| Scanning networks...
2026-01-26 15:29:41,701 - DEBUG - iOS_PQPrototypeWaiter -                                                                                                                                                                                     ==CONNECTION POLL== ||| Result: Not connected to QuestNetwork
2026-01-26 15:29:41,701 - DEBUG - iOS_PQPrototypeWaiter -                                                                                                                                                                                     ==CONNECTION POLL== ||| Attempting to shut down server
2026-01-26 15:29:41,701 - DEBUG - iOS_PQPrototypeWaiter -                                                                                                                                                                                     ==CONNECTION POLL== ||| No server to shut down
2026-01-26 15:29:43,240 - DEBUG - iOS_PQPrototypeWaiter -                                                                                                                                             ==SERVER THREAD== ||| Not connected to Quest Network, retrying host in 3 seconds
2026-01-26 15:29:46,240 - DEBUG - iOS_PQPrototypeWaiter -                                                                                                                                             ==SERVER THREAD== ||| Not connected to Quest Network, retrying host in 3 seconds
2026-01-26 15:29:46,247 - DEBUG - iOS_PQPrototypeWaiter - checking again
2026-01-26 15:29:46,248 - DEBUG - ThreadUtils -                      --MainThread: WAITING FOR Keys Lock
2026-01-26 15:29:46,248 - DEBUG - ThreadUtils -                      --MainThread: ACQUIRED Keys Lock
2026-01-26 15:29:46,248 - DEBUG - ThreadUtils -                      --MainThread: WAITING FOR Schedules Lock
2026-01-26 15:29:46,248 - DEBUG - ThreadUtils -                      --MainThread: ACQUIRED Schedules Lock
2026-01-26 15:29:46,248 - DEBUG - iOS_PQPrototypeWaiter - Inspecting Scheduled Gym
2026-01-26 15:29:46,248 - DEBUG - iOS_PQPrototypeWaiter - Checking if Scheduled Gym should have started (2026-01-27 14:30:00 - 2026-01-27 17:00:05)
2026-01-26 15:29:46,248 - DEBUG - iOS_PQPrototypeWaiter - Not time.

2026-01-26 15:29:46,248 - DEBUG - iOS_PQPrototypeWaiter - Inspecting CampusQuest II
2026-01-26 15:29:46,248 - DEBUG - iOS_PQPrototypeWaiter - CampusQuest II not active

2026-01-26 15:29:46,248 - DEBUG - iOS_PQPrototypeWaiter - Inspecting CampusQuest I
2026-01-26 15:29:46,248 - DEBUG - iOS_PQPrototypeWaiter - CampusQuest I not active

2026-01-26 15:29:46,248 - DEBUG - iOS_PQPrototypeWaiter - Inspecting Bedtime Locker
2026-01-26 15:29:46,248 - DEBUG - iOS_PQPrototypeWaiter - No keys received

2026-01-26 15:29:46,248 - DEBUG - ThreadUtils -                      --MainThread: RELEASED Schedules Lock
2026-01-26 15:29:46,248 - DEBUG - ThreadUtils -                      --MainThread: WAITING FOR Quest Lock
2026-01-26 15:29:46,249 - DEBUG - ThreadUtils -                      --MainThread: ACQUIRED Quest Lock
2026-01-26 15:29:46,249 - DEBUG - ThreadUtils -                      --MainThread: RELEASED Quest Lock
2026-01-26 15:29:46,249 - DEBUG - ThreadUtils -                      --MainThread: RELEASED Keys Lock
2026-01-26 15:29:46,249 - DEBUG - iOS_PQPrototypeWaiter - ===========================================================================================================COMPUTER LOCKED===========================================================================================================
2026-01-26 15:29:46,249 - DEBUG - iOS_PQPrototypeWaiter - Failed to bring window to front
2026-01-26 15:29:46,249 - DEBUG - iOS_PQPrototypeWaiter - waiting before checking again
